#
# A fatal error has been detected by the Java Runtime Environment:
#
#  EXCEPTION_ACCESS_VIOLATION (0xc0000005) at pc=0x00007ff927350fd8, pid=4868, tid=10172
#
# JRE version: OpenJDK Runtime Environment (17.0.11) (build 17.0.11+0--11852314)
# Java VM: OpenJDK 64-Bit Server VM (17.0.11+0--11852314, mixed mode, tiered, compressed oops, compressed class ptrs, g1 gc, windows-amd64)
# Problematic frame:
# V  [jvm.dll+0x120fd8]
#
# No core dump will be written. Minidumps are not enabled by default on client versions of Windows
#
# If you would like to submit a bug report, please visit:
#   https://bugreport.java.com/bugreport/crash.jsp
#

---------------  S U M M A R Y ------------

Command Line: --add-opens=java.base/java.util=ALL-UNNAMED --add-opens=java.base/java.lang=ALL-UNNAMED --add-opens=java.base/java.lang.invoke=ALL-UNNAMED --add-opens=java.prefs/java.util.prefs=ALL-UNNAMED --add-exports=jdk.compiler/com.sun.tools.javac.api=ALL-UNNAMED --add-exports=jdk.compiler/com.sun.tools.javac.util=ALL-UNNAMED --add-opens=java.base/java.nio.charset=ALL-UNNAMED --add-opens=java.base/java.net=ALL-UNNAMED --add-opens=java.base/java.util.concurrent.atomic=ALL-UNNAMED -Xmx2048m -Dfile.encoding=UTF-8 -Duser.country=RU -Duser.language=ru -Duser.variant -javaagent:C:\Users\Andrey\.gradle\wrapper\dists\gradle-8.9-all\6m0mbzute7p0zdleavqlib88a\gradle-8.9\lib\agents\gradle-instrumentation-agent-8.9.jar org.gradle.launcher.daemon.bootstrap.GradleDaemon 8.9

Host: AMD Ryzen 5 4600U with Radeon Graphics         , 12 cores, 15G,  Windows 10 , 64 bit Build 19041 (10.0.19041.5198)
Time: Thu Jan 23 15:55:09 2025  Windows 10 , 64 bit Build 19041 (10.0.19041.5198) elapsed time: 5.084867 seconds (0d 0h 0m 5s)

---------------  T H R E A D  ---------------

Current thread (0x000001af508e49f0):  JavaThread "C2 CompilerThread2" daemon [_thread_in_native, id=10172, stack(0x00000055c6b00000,0x00000055c6c00000)]


Current CompileTask:
C2:   5084 4299       4       java.net.URLClassLoader$1::run (5 bytes)

Stack: [0x00000055c6b00000,0x00000055c6c00000],  sp=0x00000055c6bfbd90,  free space=1007k
Native frames: (J=compiled Java code, j=interpreted, Vv=VM code, C=native code)
V  [jvm.dll+0x120fd8]
V  [jvm.dll+0x120845]
V  [jvm.dll+0x21be82]
V  [jvm.dll+0x21b311]
V  [jvm.dll+0x1a63ed]
V  [jvm.dll+0x22b1ee]
V  [jvm.dll+0x229375]
V  [jvm.dll+0x7f5647]
V  [jvm.dll+0x7efa4a]
V  [jvm.dll+0x686a35]
C  [ucrtbase.dll+0x21bb2]
C  [KERNEL32.DLL+0x17374]
C  [ntdll.dll+0x4cc91]


siginfo: EXCEPTION_ACCESS_VIOLATION (0xc0000005), reading address 0xffffffffffffffff


Registers:
RAX=0x02007ff927b550d8, RBX=0x000001af51afba98, RCX=0x000001af51afba98, RDX=0x0000000000001ca4
RSP=0x00000055c6bfbd90, RBP=0x0000000000000002, RSI=0x000001af5103c590, RDI=0x000001af51afb1a0
R8 =0x000001af5103c590, R9 =0x0000000000000000, R10=0x00007ff95a630000, R11=0x000001af5103c620
R12=0x0000000000000003, R13=0x00000055c6bfbf80, R14=0x0000000000000010, R15=0x0000000000000003
RIP=0x00007ff927350fd8, EFLAGS=0x0000000000010202


Register to memory mapping:

RIP=0x00007ff927350fd8 jvm.dll
RAX=0x02007ff927b550d8 is an unknown value
RBX=0x000001af51afba98 points into unknown readable memory: 0x02007ff927b550d8 | d8 50 b5 27 f9 7f 00 02
RCX=0x000001af51afba98 points into unknown readable memory: 0x02007ff927b550d8 | d8 50 b5 27 f9 7f 00 02
RDX=0x0000000000001ca4 is an unknown value
RSP=0x00000055c6bfbd90 is pointing into the stack for thread: 0x000001af508e49f0
RBP=0x0000000000000002 is an unknown value
RSI=0x000001af5103c590 points into unknown readable memory: 0x00007ff927b598d0 | d0 98 b5 27 f9 7f 00 00
RDI=0x000001af51afb1a0 points into unknown readable memory: 0x00007ff927b7c1a8 | a8 c1 b7 27 f9 7f 00 00
R8 =0x000001af5103c590 points into unknown readable memory: 0x00007ff927b598d0 | d0 98 b5 27 f9 7f 00 00
R9 =0x0 is NULL
R10=0x00007ff95a630000 VCRUNTIME140.dll
R11=0x000001af5103c620 points into unknown readable memory: 0x000001af51afb1a0 | a0 b1 af 51 af 01 00 00
R12=0x0000000000000003 is an unknown value
R13=0x00000055c6bfbf80 is pointing into the stack for thread: 0x000001af508e49f0
R14=0x0000000000000010 is an unknown value
R15=0x0000000000000003 is an unknown value


Top of Stack: (sp=0x00000055c6bfbd90)
0x00000055c6bfbd90:   00000055c6bfebe0 000001af5103c590
0x00000055c6bfbda0:   000001af5103c590 000001af51afb1a0
0x00000055c6bfbdb0:   000001af4e208fa0 0000000000000000
0x00000055c6bfbdc0:   000001af52904be0 000001af52915ff0
0x00000055c6bfbdd0:   000001af52904380 000001af512e5810
0x00000055c6bfbde0:   0000000000000200 000001af51a5f900
0x00000055c6bfbdf0:   000001af00000200 000001af512e5810
0x00000055c6bfbe00:   000001af4946d0d0 00000055c6bfc190
0x00000055c6bfbe10:   000001af512e5810 000001af494750b8
0x00000055c6bfbe20:   000001af494713a0 00000055c6bfbf80
0x00000055c6bfbe30:   000001af4fbef380 00007ff927350845
0x00000055c6bfbe40:   000001af00000550 000001af5072dae0
0x00000055c6bfbe50:   000001af5072dae0 0000000000000001
0x00000055c6bfbe60:   0000000000000000 0000000000000020
0x00000055c6bfbe70:   000001af49079850 0000000000000000
0x00000055c6bfbe80:   000001af5072db30 00007ff92744be82
0x00000055c6bfbe90:   00000000001ecd38 00000055c6bfe970
0x00000055c6bfbea0:   00000055c6bfbf90 000001af5072dae0
0x00000055c6bfbeb0:   000001af4e62b800 000001af4e55c2c8
0x00000055c6bfbec0:   000001af4e030000 0000000000000000
0x00000055c6bfbed0:   000001af50752500 0000000000000000
0x00000055c6bfbee0:   000001af4ee56af0 00007ff927b7d090
0x00000055c6bfbef0:   0000000000000000 00000055c6bfe970
0x00000055c6bfbf00:   0000000000000000 00007ff927b7d090
0x00000055c6bfbf10:   000001af51007900 000001af511aa888
0x00000055c6bfbf20:   000001af511aaba0 000001af511ab4b8
0x00000055c6bfbf30:   000001af51009558 0000000000000000
0x00000055c6bfbf40:   0000000000000000 0000000000000000
0x00000055c6bfbf50:   000001af51535388 0000000000000000
0x00000055c6bfbf60:   0000000000000000 0000000000000000
0x00000055c6bfbf70:   000001af519efe10 0000000000000000
0x00000055c6bfbf80:   0000000000000007 00000055c6bfe970 

Instructions: (pc=0x00007ff927350fd8)
0x00007ff927350ed8:   8b 5e 28 4c 89 7e 48 4c 89 7e 58 4c 89 7e 60 8d
0x00007ff927350ee8:   43 01 44 89 7e 6c 89 46 28 48 c7 46 70 01 00 00
0x00007ff927350ef8:   00 48 c7 46 78 01 00 00 00 44 89 be 80 00 00 00
0x00007ff927350f08:   c7 86 84 00 00 00 3f 42 0f 00 44 88 be 88 00 00
0x00007ff927350f18:   00 44 89 be 8c 00 00 00 3b 5e 18 72 0b 8b d3 48
0x00007ff927350f28:   8d 4e 10 e8 40 42 54 00 48 8b 46 20 48 89 3c d8
0x00007ff927350f38:   eb 03 49 8b f7 8b 57 28 49 8d 4d 68 4c 8b c6 e8
0x00007ff927350f48:   b4 21 00 00 41 8b 56 28 49 8d 4d 68 4c 8b c6 e8
0x00007ff927350f58:   a4 21 00 00 4c 3b f7 74 21 8b 6e 28 8d 45 01 89
0x00007ff927350f68:   46 28 3b 6e 18 72 0b 8b d5 48 8d 4e 10 e8 f6 41
0x00007ff927350f78:   54 00 48 8b 46 20 4c 89 34 e8 8b 9c 24 b0 00 00
0x00007ff927350f88:   00 ff c3 83 7e 18 00 89 9c 24 b0 00 00 00 76 09
0x00007ff927350f98:   48 8b 46 20 48 8b 08 eb 03 49 8b cf 44 8b 79 18
0x00007ff927350fa8:   41 8d 6f ff 85 ed 0f 8e ad 02 00 00 48 63 c5 4c
0x00007ff927350fb8:   8d 34 c5 00 00 00 00 90 48 8b 47 08 49 8b 1c 06
0x00007ff927350fc8:   41 83 ff 02 0f 86 11 01 00 00 48 8b 03 48 8b cb
0x00007ff927350fd8:   ff 50 20 48 3b c3 0f 84 ff 00 00 00 49 8b 8d 98
0x00007ff927350fe8:   00 00 00 e8 90 2d 54 00 48 8b f0 4c 8b 48 08 49
0x00007ff927350ff8:   8b 09 48 85 c9 74 27 4c 8b 41 10 4d 85 c0 74 1e
0x00007ff927351008:   8b 41 20 49 8d 14 c0 90 48 39 72 f8 48 8d 52 f8
0x00007ff927351018:   75 f6 ff c8 89 41 20 49 8b 0c c0 48 89 0a 49 89
0x00007ff927351028:   19 48 8b 4b 10 48 85 c9 74 20 8b 43 20 3b 43 24
0x00007ff927351038:   75 11 8b d0 48 8b cb e8 dc 51 54 00 8b 43 20 48
0x00007ff927351048:   8b 4b 10 48 89 34 c1 ff 43 20 65 48 8b 04 25 58
0x00007ff927351058:   00 00 00 4a 8b 1c e0 b8 50 00 00 00 80 3c 18 00
0x00007ff927351068:   75 05 e8 19 c2 77 00 4c 8b 4f 08 4b 8b 0c 0e 48
0x00007ff927351078:   85 c9 74 2a 4c 8b 41 10 4d 85 c0 74 21 8b 41 20
0x00007ff927351088:   49 8d 14 c0 0f 1f 40 00 48 39 7a f8 48 8d 52 f8
0x00007ff927351098:   75 f6 ff c8 89 41 20 49 8b 0c c0 48 89 0a 4b 89
0x00007ff9273510a8:   34 0e 48 8b 4e 10 48 85 c9 74 20 8b 46 20 3b 46
0x00007ff9273510b8:   24 75 11 8b d0 48 8b ce e8 5b 51 54 00 8b 46 20
0x00007ff9273510c8:   48 8b 4e 10 48 89 3c c1 ff 46 20 b8 50 00 00 00 


Stack slot to memory mapping:
stack at sp + 0 slots: 0x00000055c6bfebe0 is pointing into the stack for thread: 0x000001af508e49f0
stack at sp + 1 slots: 0x000001af5103c590 points into unknown readable memory: 0x00007ff927b598d0 | d0 98 b5 27 f9 7f 00 00
stack at sp + 2 slots: 0x000001af5103c590 points into unknown readable memory: 0x00007ff927b598d0 | d0 98 b5 27 f9 7f 00 00
stack at sp + 3 slots: 0x000001af51afb1a0 points into unknown readable memory: 0x00007ff927b7c1a8 | a8 c1 b7 27 f9 7f 00 00
stack at sp + 4 slots: 0x000001af4e208fa0 points into unknown readable memory: 0xc20000030000012c | 2c 01 00 00 03 00 00 c2
stack at sp + 5 slots: 0x0 is NULL
stack at sp + 6 slots: 0x000001af52904be0 points into unknown readable memory: 0x000001af5103c430 | 30 c4 03 51 af 01 00 00
stack at sp + 7 slots: 0x000001af52915ff0 points into unknown readable memory: 0x000001af4f302bc8 | c8 2b 30 4f af 01 00 00


---------------  P R O C E S S  ---------------

Threads class SMR info:
_java_thread_list=0x000001af50455500, length=35, elements={
0x000001af2ef06320, 0x000001af4937b020, 0x000001af4937bbb0, 0x000001af493ab970,
0x000001af493ac240, 0x000001af493acb10, 0x000001af493ad3e0, 0x000001af493adfe0,
0x000001af493b0900, 0x000001af493b3220, 0x000001af491bf600, 0x000001af495d5a00,
0x000001af4970e830, 0x000001af4fedfa20, 0x000001af4ed2ce60, 0x000001af5039fe10,
0x000001af4e7fe080, 0x000001af4f836ec0, 0x000001af4ef5d4b0, 0x000001af4ef5c070,
0x000001af4ef5c580, 0x000001af4ef5cfa0, 0x000001af4ef5ca90, 0x000001af4ef5d9c0,
0x000001af508e65e0, 0x000001af508e8e60, 0x000001af508e6af0, 0x000001af508e9370,
0x000001af508e7f30, 0x000001af508e9880, 0x000001af508e8950, 0x000001af508e8440,
0x000001af508e7000, 0x000001af508e7510, 0x000001af508e49f0
}

Java Threads: ( => current thread )
  0x000001af2ef06320 JavaThread "main" [_thread_blocked, id=536, stack(0x00000055c3700000,0x00000055c3800000)]
  0x000001af4937b020 JavaThread "Reference Handler" daemon [_thread_blocked, id=18624, stack(0x00000055c3e00000,0x00000055c3f00000)]
  0x000001af4937bbb0 JavaThread "Finalizer" daemon [_thread_blocked, id=7828, stack(0x00000055c3f00000,0x00000055c4000000)]
  0x000001af493ab970 JavaThread "Signal Dispatcher" daemon [_thread_blocked, id=1724, stack(0x00000055c4000000,0x00000055c4100000)]
  0x000001af493ac240 JavaThread "Attach Listener" daemon [_thread_blocked, id=5496, stack(0x00000055c4100000,0x00000055c4200000)]
  0x000001af493acb10 JavaThread "Service Thread" daemon [_thread_blocked, id=10288, stack(0x00000055c4200000,0x00000055c4300000)]
  0x000001af493ad3e0 JavaThread "Monitor Deflation Thread" daemon [_thread_blocked, id=18460, stack(0x00000055c4300000,0x00000055c4400000)]
  0x000001af493adfe0 JavaThread "C2 CompilerThread0" daemon [_thread_in_native, id=11260, stack(0x00000055c4400000,0x00000055c4500000)]
  0x000001af493b0900 JavaThread "C1 CompilerThread0" daemon [_thread_blocked, id=10976, stack(0x00000055c4500000,0x00000055c4600000)]
  0x000001af493b3220 JavaThread "Sweeper thread" daemon [_thread_blocked, id=3848, stack(0x00000055c4600000,0x00000055c4700000)]
  0x000001af491bf600 JavaThread "Common-Cleaner" daemon [_thread_blocked, id=16504, stack(0x00000055c4700000,0x00000055c4800000)]
  0x000001af495d5a00 JavaThread "Notification Thread" daemon [_thread_blocked, id=10344, stack(0x00000055c4800000,0x00000055c4900000)]
  0x000001af4970e830 JavaThread "C2 CompilerThread1" daemon [_thread_in_native, id=11592, stack(0x00000055c4a00000,0x00000055c4b00000)]
  0x000001af4fedfa20 JavaThread "Daemon health stats" [_thread_blocked, id=18052, stack(0x00000055c4b00000,0x00000055c4c00000)]
  0x000001af4ed2ce60 JavaThread "Incoming local TCP Connector on port 49424" [_thread_in_native, id=18732, stack(0x00000055c5000000,0x00000055c5100000)]
  0x000001af5039fe10 JavaThread "Daemon periodic checks" [_thread_blocked, id=13392, stack(0x00000055c5100000,0x00000055c5200000)]
  0x000001af4e7fe080 JavaThread "Daemon" [_thread_blocked, id=304, stack(0x00000055c5200000,0x00000055c5300000)]
  0x000001af4f836ec0 JavaThread "Handler for socket connection from /127.0.0.1:49424 to /127.0.0.1:49425" [_thread_in_native, id=4024, stack(0x00000055c5300000,0x00000055c5400000)]
  0x000001af4ef5d4b0 JavaThread "Cancel handler" [_thread_blocked, id=10180, stack(0x00000055c5400000,0x00000055c5500000)]
  0x000001af4ef5c070 JavaThread "Daemon worker" [_thread_in_vm, id=18004, stack(0x00000055c5500000,0x00000055c5600000)]
  0x000001af4ef5c580 JavaThread "Asynchronous log dispatcher for DefaultDaemonConnection: socket connection from /127.0.0.1:49424 to /127.0.0.1:49425" [_thread_blocked, id=15056, stack(0x00000055c5600000,0x00000055c5700000)]
  0x000001af4ef5cfa0 JavaThread "Stdin handler" [_thread_blocked, id=8808, stack(0x00000055c5700000,0x00000055c5800000)]
  0x000001af4ef5ca90 JavaThread "Daemon client event forwarder" [_thread_blocked, id=18836, stack(0x00000055c5800000,0x00000055c5900000)]
  0x000001af4ef5d9c0 JavaThread "Cache worker for journal cache (C:\Users\Andrey\.gradle\caches\journal-1)" [_thread_blocked, id=18080, stack(0x00000055c6000000,0x00000055c6100000)]
  0x000001af508e65e0 JavaThread "File lock request listener" [_thread_in_native, id=14376, stack(0x00000055c6100000,0x00000055c6200000)]
  0x000001af508e8e60 JavaThread "Cache worker for file hash cache (C:\Users\Andrey\.gradle\caches\8.9\fileHashes)" [_thread_blocked, id=15404, stack(0x00000055c6200000,0x00000055c6300000)]
  0x000001af508e6af0 JavaThread "Cache worker for file hash cache (C:\my\EasyMoney\.gradle\8.9\fileHashes)" [_thread_blocked, id=2764, stack(0x00000055c6400000,0x00000055c6500000)]
  0x000001af508e9370 JavaThread "Cache worker for Build Output Cleanup Cache (C:\my\EasyMoney\.gradle\buildOutputCleanup)" [_thread_blocked, id=12276, stack(0x00000055c6500000,0x00000055c6600000)]
  0x000001af508e7f30 JavaThread "File watcher server" daemon [_thread_in_native, id=18596, stack(0x00000055c6600000,0x00000055c6700000)]
  0x000001af508e9880 JavaThread "File watcher consumer" daemon [_thread_blocked, id=18452, stack(0x00000055c6700000,0x00000055c6800000)]
  0x000001af508e8950 JavaThread "Cache worker for checksums cache (C:\my\EasyMoney\.gradle\8.9\checksums)" [_thread_blocked, id=2660, stack(0x00000055c6300000,0x00000055c6400000)]
  0x000001af508e8440 JavaThread "Cache worker for file content cache (C:\Users\Andrey\.gradle\caches\8.9\fileContent)" [_thread_blocked, id=18348, stack(0x00000055c6800000,0x00000055c6900000)]
  0x000001af508e7000 JavaThread "Cache worker for cache directory md-rule (C:\Users\Andrey\.gradle\caches\8.9\md-rule)" [_thread_blocked, id=19224, stack(0x00000055c6900000,0x00000055c6a00000)]
  0x000001af508e7510 JavaThread "Cache worker for cache directory md-supplier (C:\Users\Andrey\.gradle\caches\8.9\md-supplier)" [_thread_blocked, id=4040, stack(0x00000055c6a00000,0x00000055c6b00000)]
=>0x000001af508e49f0 JavaThread "C2 CompilerThread2" daemon [_thread_in_native, id=10172, stack(0x00000055c6b00000,0x00000055c6c00000)]

Other Threads:
  0x000001af491d8e20 VMThread "VM Thread" [stack: 0x00000055c3d00000,0x00000055c3e00000] [id=1696]
  0x000001af2ef06ff0 WatcherThread [stack: 0x00000055c4900000,0x00000055c4a00000] [id=8840]
  0x000001af2cccecb0 GCTaskThread "GC Thread#0" [stack: 0x00000055c3800000,0x00000055c3900000] [id=10308]
  0x000001af4e352a10 GCTaskThread "GC Thread#1" [stack: 0x00000055c4c00000,0x00000055c4d00000] [id=11932]
  0x000001af4e4149c0 GCTaskThread "GC Thread#2" [stack: 0x00000055c4d00000,0x00000055c4e00000] [id=9448]
  0x000001af4e922270 GCTaskThread "GC Thread#3" [stack: 0x00000055c4e00000,0x00000055c4f00000] [id=3804]
  0x000001af4e922530 GCTaskThread "GC Thread#4" [stack: 0x00000055c4f00000,0x00000055c5000000] [id=17128]
  0x000001af5028dd80 GCTaskThread "GC Thread#5" [stack: 0x00000055c5900000,0x00000055c5a00000] [id=9100]
  0x000001af5037d370 GCTaskThread "GC Thread#6" [stack: 0x00000055c5a00000,0x00000055c5b00000] [id=17328]
  0x000001af503a9ba0 GCTaskThread "GC Thread#7" [stack: 0x00000055c5b00000,0x00000055c5c00000] [id=9864]
  0x000001af503a9e60 GCTaskThread "GC Thread#8" [stack: 0x00000055c5c00000,0x00000055c5d00000] [id=6380]
  0x000001af4fe72fd0 GCTaskThread "GC Thread#9" [stack: 0x00000055c5d00000,0x00000055c5e00000] [id=18384]
  0x000001af2ef70420 ConcurrentGCThread "G1 Main Marker" [stack: 0x00000055c3900000,0x00000055c3a00000] [id=16288]
  0x000001af2ef70c50 ConcurrentGCThread "G1 Conc#0" [stack: 0x00000055c3a00000,0x00000055c3b00000] [id=12000]
  0x000001af50535fc0 ConcurrentGCThread "G1 Conc#1" [stack: 0x00000055c5e00000,0x00000055c5f00000] [id=18664]
  0x000001af50399de0 ConcurrentGCThread "G1 Conc#2" [stack: 0x00000055c5f00000,0x00000055c6000000] [id=12720]
  0x000001af2efbdb60 ConcurrentGCThread "G1 Refine#0" [stack: 0x00000055c3b00000,0x00000055c3c00000] [id=18144]
  0x000001af2efbe3a0 ConcurrentGCThread "G1 Service" [stack: 0x00000055c3c00000,0x00000055c3d00000] [id=15236]

Threads with active compile tasks:
C2 CompilerThread0     5125 4300   !   4       java.net.URLClassLoader$1::run (81 bytes)
C2 CompilerThread1     5125 4317   !   4       java.net.URLClassLoader::findClass (47 bytes)
C2 CompilerThread2     5125 4299       4       java.net.URLClassLoader$1::run (5 bytes)

VM state: not at safepoint (normal execution)

VM Mutex/Monitor currently owned by a thread: None

Heap address: 0x0000000080000000, size: 2048 MB, Compressed Oops mode: 32-bit

CDS archive(s) not mapped
Compressed class space mapped at: 0x0000000100000000-0x0000000140000000, reserved size: 1073741824
Narrow klass base: 0x0000000000000000, Narrow klass shift: 3, Narrow klass range: 0x140000000

GC Precious Log:
 CPUs: 12 total, 12 available
 Memory: 15791M
 Large Page Support: Disabled
 NUMA Support: Disabled
 Compressed Oops: Enabled (32-bit)
 Heap Region Size: 1M
 Heap Min Capacity: 8M
 Heap Initial Capacity: 248M
 Heap Max Capacity: 2G
 Pre-touch: Disabled
 Parallel Workers: 10
 Concurrent Workers: 3
 Concurrent Refinement Workers: 10
 Periodic GC: Disabled

Heap:
 garbage-first heap   total 133120K, used 89477K [0x0000000080000000, 0x0000000100000000)
  region size 1024K, 60 young (61440K), 2 survivors (2048K)
 Metaspace       used 49448K, committed 49984K, reserved 1114112K
  class space    used 6648K, committed 6912K, reserved 1048576K

Heap Regions: E=young(eden), S=young(survivor), O=old, HS=humongous(starts), HC=humongous(continues), CS=collection set, F=free, OA=open archive, CA=closed archive, TAMS=top-at-mark-start (previous, next)
|   0|0x0000000080000000, 0x0000000080100000, 0x0000000080100000|100%|HS|  |TAMS 0x0000000080100000, 0x0000000080000000| Complete 
|   1|0x0000000080100000, 0x0000000080200000, 0x0000000080200000|100%|HC|  |TAMS 0x0000000080200000, 0x0000000080100000| Complete 
|   2|0x0000000080200000, 0x0000000080300000, 0x0000000080300000|100%|HC|  |TAMS 0x0000000080300000, 0x0000000080200000| Complete 
|   3|0x0000000080300000, 0x0000000080400000, 0x0000000080400000|100%|HC|  |TAMS 0x0000000080400000, 0x0000000080300000| Complete 
|   4|0x0000000080400000, 0x0000000080500000, 0x0000000080500000|100%| O|  |TAMS 0x0000000080500000, 0x0000000080400000| Untracked 
|   5|0x0000000080500000, 0x0000000080600000, 0x0000000080600000|100%| O|  |TAMS 0x0000000080600000, 0x0000000080500000| Untracked 
|   6|0x0000000080600000, 0x0000000080700000, 0x0000000080700000|100%| O|  |TAMS 0x0000000080700000, 0x0000000080600000| Untracked 
|   7|0x0000000080700000, 0x0000000080800000, 0x0000000080800000|100%| O|  |TAMS 0x0000000080800000, 0x0000000080700000| Untracked 
|   8|0x0000000080800000, 0x0000000080900000, 0x0000000080900000|100%| O|  |TAMS 0x0000000080900000, 0x0000000080800000| Untracked 
|   9|0x0000000080900000, 0x0000000080a00000, 0x0000000080a00000|100%| O|  |TAMS 0x0000000080a00000, 0x0000000080900000| Untracked 
|  10|0x0000000080a00000, 0x0000000080b00000, 0x0000000080b00000|100%| O|  |TAMS 0x0000000080a00000, 0x0000000080a00000| Untracked 
|  11|0x0000000080b00000, 0x0000000080c00000, 0x0000000080c00000|100%|HS|  |TAMS 0x0000000080c00000, 0x0000000080b00000| Complete 
|  12|0x0000000080c00000, 0x0000000080d00000, 0x0000000080d00000|100%| O|  |TAMS 0x0000000080d00000, 0x0000000080c00000| Untracked 
|  13|0x0000000080d00000, 0x0000000080e00000, 0x0000000080e00000|100%| O|  |TAMS 0x0000000080e00000, 0x0000000080d00000| Untracked 
|  14|0x0000000080e00000, 0x0000000080f00000, 0x0000000080f00000|100%| O|  |TAMS 0x0000000080f00000, 0x0000000080e00000| Untracked 
|  15|0x0000000080f00000, 0x0000000081000000, 0x0000000081000000|100%| O|  |TAMS 0x0000000081000000, 0x0000000080f00000| Untracked 
|  16|0x0000000081000000, 0x0000000081100000, 0x0000000081100000|100%| O|  |TAMS 0x0000000081100000, 0x0000000081000000| Untracked 
|  17|0x0000000081100000, 0x0000000081200000, 0x0000000081200000|100%| O|  |TAMS 0x0000000081200000, 0x0000000081100000| Untracked 
|  18|0x0000000081200000, 0x0000000081300000, 0x0000000081300000|100%| O|  |TAMS 0x0000000081300000, 0x0000000081200000| Untracked 
|  19|0x0000000081300000, 0x0000000081400000, 0x0000000081400000|100%| O|  |TAMS 0x0000000081400000, 0x0000000081300000| Untracked 
|  20|0x0000000081400000, 0x0000000081500000, 0x0000000081500000|100%| O|  |TAMS 0x0000000081500000, 0x0000000081400000| Untracked 
|  21|0x0000000081500000, 0x0000000081600000, 0x0000000081600000|100%| O|  |TAMS 0x0000000081600000, 0x0000000081500000| Untracked 
|  22|0x0000000081600000, 0x0000000081700000, 0x0000000081700000|100%|HS|  |TAMS 0x0000000081600000, 0x0000000081600000| Complete 
|  23|0x0000000081700000, 0x0000000081800000, 0x0000000081800000|100%| O|  |TAMS 0x0000000081700000, 0x0000000081700000| Untracked 
|  24|0x0000000081800000, 0x0000000081900000, 0x0000000081900000|100%| O|  |TAMS 0x0000000081800000, 0x0000000081800000| Untracked 
|  25|0x0000000081900000, 0x0000000081a00000, 0x0000000081a00000|100%| O|  |TAMS 0x0000000081900000, 0x0000000081900000| Untracked 
|  26|0x0000000081a00000, 0x0000000081b00000, 0x0000000081b00000|100%| O|  |TAMS 0x0000000081a00000, 0x0000000081a00000| Untracked 
|  27|0x0000000081b00000, 0x0000000081c00000, 0x0000000081c00000|100%| O|  |TAMS 0x0000000081b00000, 0x0000000081b00000| Untracked 
|  28|0x0000000081c00000, 0x0000000081cabe00, 0x0000000081d00000| 67%| O|  |TAMS 0x0000000081c00000, 0x0000000081c00000| Untracked 
|  29|0x0000000081d00000, 0x0000000081e00000, 0x0000000081e00000|100%|HS|  |TAMS 0x0000000081d00000, 0x0000000081d00000| Complete 
|  30|0x0000000081e00000, 0x0000000081e00000, 0x0000000081f00000|  0%| F|  |TAMS 0x0000000081e00000, 0x0000000081e00000| Untracked 
|  31|0x0000000081f00000, 0x0000000081f00000, 0x0000000082000000|  0%| F|  |TAMS 0x0000000081f00000, 0x0000000081f00000| Untracked 
|  32|0x0000000082000000, 0x0000000082000000, 0x0000000082100000|  0%| F|  |TAMS 0x0000000082000000, 0x0000000082000000| Untracked 
|  33|0x0000000082100000, 0x0000000082100000, 0x0000000082200000|  0%| F|  |TAMS 0x0000000082100000, 0x0000000082100000| Untracked 
|  34|0x0000000082200000, 0x0000000082200000, 0x0000000082300000|  0%| F|  |TAMS 0x0000000082200000, 0x0000000082200000| Untracked 
|  35|0x0000000082300000, 0x0000000082300000, 0x0000000082400000|  0%| F|  |TAMS 0x0000000082300000, 0x0000000082300000| Untracked 
|  36|0x0000000082400000, 0x0000000082400000, 0x0000000082500000|  0%| F|  |TAMS 0x0000000082400000, 0x0000000082400000| Untracked 
|  37|0x0000000082500000, 0x0000000082500000, 0x0000000082600000|  0%| F|  |TAMS 0x0000000082500000, 0x0000000082500000| Untracked 
|  38|0x0000000082600000, 0x0000000082600000, 0x0000000082700000|  0%| F|  |TAMS 0x0000000082600000, 0x0000000082600000| Untracked 
|  39|0x0000000082700000, 0x0000000082700000, 0x0000000082800000|  0%| F|  |TAMS 0x0000000082700000, 0x0000000082700000| Untracked 
|  40|0x0000000082800000, 0x0000000082800000, 0x0000000082900000|  0%| F|  |TAMS 0x0000000082800000, 0x0000000082800000| Untracked 
|  41|0x0000000082900000, 0x0000000082900000, 0x0000000082a00000|  0%| F|  |TAMS 0x0000000082900000, 0x0000000082900000| Untracked 
|  42|0x0000000082a00000, 0x0000000082ab57a0, 0x0000000082b00000| 70%| S|CS|TAMS 0x0000000082a00000, 0x0000000082a00000| Complete 
|  43|0x0000000082b00000, 0x0000000082c00000, 0x0000000082c00000|100%| S|CS|TAMS 0x0000000082b00000, 0x0000000082b00000| Complete 
|  44|0x0000000082c00000, 0x0000000082c00000, 0x0000000082d00000|  0%| F|  |TAMS 0x0000000082c00000, 0x0000000082c00000| Untracked 
|  45|0x0000000082d00000, 0x0000000082d00000, 0x0000000082e00000|  0%| F|  |TAMS 0x0000000082d00000, 0x0000000082d00000| Untracked 
|  46|0x0000000082e00000, 0x0000000082e00000, 0x0000000082f00000|  0%| F|  |TAMS 0x0000000082e00000, 0x0000000082e00000| Untracked 
|  47|0x0000000082f00000, 0x0000000082f00000, 0x0000000083000000|  0%| F|  |TAMS 0x0000000082f00000, 0x0000000082f00000| Untracked 
|  48|0x0000000083000000, 0x0000000083000000, 0x0000000083100000|  0%| F|  |TAMS 0x0000000083000000, 0x0000000083000000| Untracked 
|  49|0x0000000083100000, 0x0000000083100000, 0x0000000083200000|  0%| F|  |TAMS 0x0000000083100000, 0x0000000083100000| Untracked 
|  50|0x0000000083200000, 0x0000000083200000, 0x0000000083300000|  0%| F|  |TAMS 0x0000000083200000, 0x0000000083200000| Untracked 
|  51|0x0000000083300000, 0x0000000083300000, 0x0000000083400000|  0%| F|  |TAMS 0x0000000083300000, 0x0000000083300000| Untracked 
|  52|0x0000000083400000, 0x0000000083400000, 0x0000000083500000|  0%| F|  |TAMS 0x0000000083400000, 0x0000000083400000| Untracked 
|  53|0x0000000083500000, 0x0000000083500000, 0x0000000083600000|  0%| F|  |TAMS 0x0000000083500000, 0x0000000083500000| Untracked 
|  54|0x0000000083600000, 0x0000000083600000, 0x0000000083700000|  0%| F|  |TAMS 0x0000000083600000, 0x0000000083600000| Untracked 
|  55|0x0000000083700000, 0x0000000083700000, 0x0000000083800000|  0%| F|  |TAMS 0x0000000083700000, 0x0000000083700000| Untracked 
|  56|0x0000000083800000, 0x0000000083800000, 0x0000000083900000|  0%| F|  |TAMS 0x0000000083800000, 0x0000000083800000| Untracked 
|  57|0x0000000083900000, 0x0000000083900000, 0x0000000083a00000|  0%| F|  |TAMS 0x0000000083900000, 0x0000000083900000| Untracked 
|  58|0x0000000083a00000, 0x0000000083a00000, 0x0000000083b00000|  0%| F|  |TAMS 0x0000000083a00000, 0x0000000083a00000| Untracked 
|  59|0x0000000083b00000, 0x0000000083b00000, 0x0000000083c00000|  0%| F|  |TAMS 0x0000000083b00000, 0x0000000083b00000| Untracked 
|  60|0x0000000083c00000, 0x0000000083c00000, 0x0000000083d00000|  0%| F|  |TAMS 0x0000000083c00000, 0x0000000083c00000| Untracked 
|  61|0x0000000083d00000, 0x0000000083d00000, 0x0000000083e00000|  0%| F|  |TAMS 0x0000000083d00000, 0x0000000083d00000| Untracked 
|  62|0x0000000083e00000, 0x0000000083e00000, 0x0000000083f00000|  0%| F|  |TAMS 0x0000000083e00000, 0x0000000083e00000| Untracked 
|  63|0x0000000083f00000, 0x0000000083f00000, 0x0000000084000000|  0%| F|  |TAMS 0x0000000083f00000, 0x0000000083f00000| Untracked 
|  64|0x0000000084000000, 0x0000000084000000, 0x0000000084100000|  0%| F|  |TAMS 0x0000000084000000, 0x0000000084000000| Untracked 
|  65|0x0000000084100000, 0x0000000084100000, 0x0000000084200000|  0%| F|  |TAMS 0x0000000084100000, 0x0000000084100000| Untracked 
|  66|0x0000000084200000, 0x0000000084200000, 0x0000000084300000|  0%| F|  |TAMS 0x0000000084200000, 0x0000000084200000| Untracked 
|  67|0x0000000084300000, 0x0000000084300000, 0x0000000084400000|  0%| F|  |TAMS 0x0000000084300000, 0x0000000084300000| Untracked 
|  68|0x0000000084400000, 0x0000000084400000, 0x0000000084500000|  0%| F|  |TAMS 0x0000000084400000, 0x0000000084400000| Untracked 
|  69|0x0000000084500000, 0x0000000084500000, 0x0000000084600000|  0%| F|  |TAMS 0x0000000084500000, 0x0000000084500000| Untracked 
|  70|0x0000000084600000, 0x0000000084600000, 0x0000000084700000|  0%| F|  |TAMS 0x0000000084600000, 0x0000000084600000| Untracked 
|  71|0x0000000084700000, 0x0000000084700000, 0x0000000084800000|  0%| F|  |TAMS 0x0000000084700000, 0x0000000084700000| Untracked 
|  72|0x0000000084800000, 0x0000000084900000, 0x0000000084900000|100%| E|  |TAMS 0x0000000084800000, 0x0000000084800000| Complete 
|  73|0x0000000084900000, 0x0000000084a00000, 0x0000000084a00000|100%| E|CS|TAMS 0x0000000084900000, 0x0000000084900000| Complete 
|  74|0x0000000084a00000, 0x0000000084b00000, 0x0000000084b00000|100%| E|CS|TAMS 0x0000000084a00000, 0x0000000084a00000| Complete 
|  75|0x0000000084b00000, 0x0000000084c00000, 0x0000000084c00000|100%| E|CS|TAMS 0x0000000084b00000, 0x0000000084b00000| Complete 
|  76|0x0000000084c00000, 0x0000000084d00000, 0x0000000084d00000|100%| E|CS|TAMS 0x0000000084c00000, 0x0000000084c00000| Complete 
|  77|0x0000000084d00000, 0x0000000084e00000, 0x0000000084e00000|100%| E|  |TAMS 0x0000000084d00000, 0x0000000084d00000| Complete 
|  78|0x0000000084e00000, 0x0000000084f00000, 0x0000000084f00000|100%| E|CS|TAMS 0x0000000084e00000, 0x0000000084e00000| Complete 
|  79|0x0000000084f00000, 0x0000000085000000, 0x0000000085000000|100%| E|CS|TAMS 0x0000000084f00000, 0x0000000084f00000| Complete 
|  80|0x0000000085000000, 0x0000000085100000, 0x0000000085100000|100%| E|CS|TAMS 0x0000000085000000, 0x0000000085000000| Complete 
|  81|0x0000000085100000, 0x0000000085200000, 0x0000000085200000|100%| E|CS|TAMS 0x0000000085100000, 0x0000000085100000| Complete 
|  82|0x0000000085200000, 0x0000000085300000, 0x0000000085300000|100%| E|CS|TAMS 0x0000000085200000, 0x0000000085200000| Complete 
|  83|0x0000000085300000, 0x0000000085400000, 0x0000000085400000|100%| E|CS|TAMS 0x0000000085300000, 0x0000000085300000| Complete 
|  84|0x0000000085400000, 0x0000000085500000, 0x0000000085500000|100%| E|CS|TAMS 0x0000000085400000, 0x0000000085400000| Complete 
|  85|0x0000000085500000, 0x0000000085600000, 0x0000000085600000|100%| E|CS|TAMS 0x0000000085500000, 0x0000000085500000| Complete 
|  86|0x0000000085600000, 0x0000000085700000, 0x0000000085700000|100%| E|CS|TAMS 0x0000000085600000, 0x0000000085600000| Complete 
|  87|0x0000000085700000, 0x0000000085800000, 0x0000000085800000|100%| E|CS|TAMS 0x0000000085700000, 0x0000000085700000| Complete 
|  88|0x0000000085800000, 0x0000000085900000, 0x0000000085900000|100%| E|CS|TAMS 0x0000000085800000, 0x0000000085800000| Complete 
|  89|0x0000000085900000, 0x0000000085a00000, 0x0000000085a00000|100%| E|CS|TAMS 0x0000000085900000, 0x0000000085900000| Complete 
|  90|0x0000000085a00000, 0x0000000085b00000, 0x0000000085b00000|100%| E|CS|TAMS 0x0000000085a00000, 0x0000000085a00000| Complete 
|  91|0x0000000085b00000, 0x0000000085c00000, 0x0000000085c00000|100%| E|CS|TAMS 0x0000000085b00000, 0x0000000085b00000| Complete 
|  92|0x0000000085c00000, 0x0000000085d00000, 0x0000000085d00000|100%| E|CS|TAMS 0x0000000085c00000, 0x0000000085c00000| Complete 
|  93|0x0000000085d00000, 0x0000000085e00000, 0x0000000085e00000|100%| E|CS|TAMS 0x0000000085d00000, 0x0000000085d00000| Complete 
|  94|0x0000000085e00000, 0x0000000085f00000, 0x0000000085f00000|100%| E|CS|TAMS 0x0000000085e00000, 0x0000000085e00000| Complete 
|  95|0x0000000085f00000, 0x0000000086000000, 0x0000000086000000|100%| E|CS|TAMS 0x0000000085f00000, 0x0000000085f00000| Complete 
|  96|0x0000000086000000, 0x0000000086100000, 0x0000000086100000|100%| E|CS|TAMS 0x0000000086000000, 0x0000000086000000| Complete 
|  97|0x0000000086100000, 0x0000000086200000, 0x0000000086200000|100%| E|CS|TAMS 0x0000000086100000, 0x0000000086100000| Complete 
|  98|0x0000000086200000, 0x0000000086300000, 0x0000000086300000|100%| E|CS|TAMS 0x0000000086200000, 0x0000000086200000| Complete 
|  99|0x0000000086300000, 0x0000000086400000, 0x0000000086400000|100%| E|CS|TAMS 0x0000000086300000, 0x0000000086300000| Complete 
| 100|0x0000000086400000, 0x0000000086500000, 0x0000000086500000|100%| E|CS|TAMS 0x0000000086400000, 0x0000000086400000| Complete 
| 101|0x0000000086500000, 0x0000000086600000, 0x0000000086600000|100%| E|CS|TAMS 0x0000000086500000, 0x0000000086500000| Complete 
| 102|0x0000000086600000, 0x0000000086700000, 0x0000000086700000|100%| E|CS|TAMS 0x0000000086600000, 0x0000000086600000| Complete 
| 103|0x0000000086700000, 0x0000000086800000, 0x0000000086800000|100%| E|CS|TAMS 0x0000000086700000, 0x0000000086700000| Complete 
| 104|0x0000000086800000, 0x0000000086900000, 0x0000000086900000|100%| E|CS|TAMS 0x0000000086800000, 0x0000000086800000| Complete 
| 105|0x0000000086900000, 0x0000000086a00000, 0x0000000086a00000|100%| E|CS|TAMS 0x0000000086900000, 0x0000000086900000| Complete 
| 106|0x0000000086a00000, 0x0000000086b00000, 0x0000000086b00000|100%| E|CS|TAMS 0x0000000086a00000, 0x0000000086a00000| Complete 
| 107|0x0000000086b00000, 0x0000000086c00000, 0x0000000086c00000|100%| E|CS|TAMS 0x0000000086b00000, 0x0000000086b00000| Complete 
| 108|0x0000000086c00000, 0x0000000086d00000, 0x0000000086d00000|100%| E|CS|TAMS 0x0000000086c00000, 0x0000000086c00000| Complete 
| 109|0x0000000086d00000, 0x0000000086e00000, 0x0000000086e00000|100%| E|CS|TAMS 0x0000000086d00000, 0x0000000086d00000| Complete 
| 110|0x0000000086e00000, 0x0000000086f00000, 0x0000000086f00000|100%| E|CS|TAMS 0x0000000086e00000, 0x0000000086e00000| Complete 
| 111|0x0000000086f00000, 0x0000000087000000, 0x0000000087000000|100%| E|CS|TAMS 0x0000000086f00000, 0x0000000086f00000| Complete 
| 112|0x0000000087000000, 0x0000000087100000, 0x0000000087100000|100%| E|CS|TAMS 0x0000000087000000, 0x0000000087000000| Complete 
| 113|0x0000000087100000, 0x0000000087200000, 0x0000000087200000|100%| E|CS|TAMS 0x0000000087100000, 0x0000000087100000| Complete 
| 114|0x0000000087200000, 0x0000000087300000, 0x0000000087300000|100%| E|CS|TAMS 0x0000000087200000, 0x0000000087200000| Complete 
| 115|0x0000000087300000, 0x0000000087400000, 0x0000000087400000|100%| E|CS|TAMS 0x0000000087300000, 0x0000000087300000| Complete 
| 116|0x0000000087400000, 0x0000000087500000, 0x0000000087500000|100%| E|CS|TAMS 0x0000000087400000, 0x0000000087400000| Complete 
| 117|0x0000000087500000, 0x0000000087600000, 0x0000000087600000|100%| E|CS|TAMS 0x0000000087500000, 0x0000000087500000| Complete 
| 118|0x0000000087600000, 0x0000000087700000, 0x0000000087700000|100%| E|CS|TAMS 0x0000000087600000, 0x0000000087600000| Complete 
| 119|0x0000000087700000, 0x0000000087800000, 0x0000000087800000|100%| E|CS|TAMS 0x0000000087700000, 0x0000000087700000| Complete 
| 164|0x000000008a400000, 0x000000008a500000, 0x000000008a500000|100%| E|CS|TAMS 0x000000008a400000, 0x000000008a400000| Complete 
| 165|0x000000008a500000, 0x000000008a600000, 0x000000008a600000|100%| E|CS|TAMS 0x000000008a500000, 0x000000008a500000| Complete 
| 166|0x000000008a600000, 0x000000008a700000, 0x000000008a700000|100%| E|CS|TAMS 0x000000008a600000, 0x000000008a600000| Complete 
| 167|0x000000008a700000, 0x000000008a800000, 0x000000008a800000|100%| E|CS|TAMS 0x000000008a700000, 0x000000008a700000| Complete 
| 168|0x000000008a800000, 0x000000008a900000, 0x000000008a900000|100%| E|CS|TAMS 0x000000008a800000, 0x000000008a800000| Complete 
| 169|0x000000008a900000, 0x000000008aa00000, 0x000000008aa00000|100%| E|CS|TAMS 0x000000008a900000, 0x000000008a900000| Complete 
| 170|0x000000008aa00000, 0x000000008ab00000, 0x000000008ab00000|100%| E|CS|TAMS 0x000000008aa00000, 0x000000008aa00000| Complete 
| 171|0x000000008ab00000, 0x000000008ac00000, 0x000000008ac00000|100%| E|CS|TAMS 0x000000008ab00000, 0x000000008ab00000| Complete 
| 172|0x000000008ac00000, 0x000000008ad00000, 0x000000008ad00000|100%| E|CS|TAMS 0x000000008ac00000, 0x000000008ac00000| Complete 
| 247|0x000000008f700000, 0x000000008f800000, 0x000000008f800000|100%| E|CS|TAMS 0x000000008f700000, 0x000000008f700000| Complete 

Card table byte_map: [0x000001af41d40000,0x000001af42140000] _byte_map_base: 0x000001af41940000

Marking Bits (Prev, Next): (CMBitMap*) 0x000001af2ef5faf0, (CMBitMap*) 0x000001af2ef5fb30
 Prev Bits: [0x000001af42540000, 0x000001af44540000)
 Next Bits: [0x000001af44540000, 0x000001af46540000)

Polling page: 0x000001af2cbb0000

Metaspace:

Usage:
  Non-class:     41.83 MB used.
      Class:      6.50 MB used.
       Both:     48.33 MB used.

Virtual space:
  Non-class space:       64.00 MB reserved,      42.12 MB ( 66%) committed,  1 nodes.
      Class space:        1.00 GB reserved,       6.75 MB ( <1%) committed,  1 nodes.
             Both:        1.06 GB reserved,      48.88 MB (  4%) committed. 

Chunk freelists:
   Non-Class:  5.92 MB
       Class:  9.11 MB
        Both:  15.03 MB

MaxMetaspaceSize: unlimited
CompressedClassSpaceSize: 1.00 GB
Initial GC threshold: 21.00 MB
Current GC threshold: 58.88 MB
CDS: off
MetaspaceReclaimPolicy: balanced
 - commit_granule_bytes: 65536.
 - commit_granule_words: 8192.
 - virtual_space_node_default_size: 8388608.
 - enlarge_chunks_in_place: 1.
 - new_chunks_are_fully_committed: 0.
 - uncommit_free_chunks: 1.
 - use_allocation_guard: 0.
 - handle_deallocations: 1.


Internal statistics:

num_allocs_failed_limit: 6.
num_arena_births: 556.
num_arena_deaths: 0.
num_vsnodes_births: 2.
num_vsnodes_deaths: 0.
num_space_committed: 782.
num_space_uncommitted: 0.
num_chunks_returned_to_freelist: 6.
num_chunks_taken_from_freelist: 2145.
num_chunk_merges: 6.
num_chunk_splits: 1400.
num_chunks_enlarged: 951.
num_inconsistent_stats: 0.

CodeHeap 'non-profiled nmethods': size=120000Kb used=2768Kb max_used=2768Kb free=117231Kb
 bounds [0x000001af39eb0000, 0x000001af3a170000, 0x000001af413e0000]
CodeHeap 'profiled nmethods': size=120000Kb used=8879Kb max_used=8879Kb free=111120Kb
 bounds [0x000001af323e0000, 0x000001af32c90000, 0x000001af39910000]
CodeHeap 'non-nmethods': size=5760Kb used=1609Kb max_used=1650Kb free=4150Kb
 bounds [0x000001af39910000, 0x000001af39b80000, 0x000001af39eb0000]
 total_blobs=5030 nmethods=4355 adapters=587
 compilation: enabled
              stopped_count=0, restarted_count=0
 full_count=0

Compilation events (20 events):
Event: 5.021 Thread 0x000001af493b0900 4343       3       com.google.common.collect.RegularImmutableMap::fromEntryArrayCheckingBucketOverflow (282 bytes)
Event: 5.022 Thread 0x000001af493b0900 nmethod 4343 0x000001af32c81710 code [0x000001af32c81ac0, 0x000001af32c834b8]
Event: 5.022 Thread 0x000001af493b0900 4344       3       java.lang.invoke.SimpleMethodHandle::speciesData (4 bytes)
Event: 5.022 Thread 0x000001af493b0900 nmethod 4344 0x000001af32c83f90 code [0x000001af32c84120, 0x000001af32c84238]
Event: 5.022 Thread 0x000001af493b0900 4345       3       java.lang.invoke.SimpleMethodHandle::copyWithExtendL (7 bytes)
Event: 5.022 Thread 0x000001af493b0900 nmethod 4345 0x000001af32c84310 code [0x000001af32c844c0, 0x000001af32c84668]
Event: 5.026 Thread 0x000001af493b0900 4346       3       java.lang.invoke.InvokerBytecodeGenerator$ClassData::<init> (20 bytes)
Event: 5.026 Thread 0x000001af493b0900 nmethod 4346 0x000001af32c84790 code [0x000001af32c84940, 0x000001af32c84bb8]
Event: 5.026 Thread 0x000001af493b0900 4347       3       java.lang.invoke.MethodHandles$Lookup::makeHiddenClassDefiner (14 bytes)
Event: 5.026 Thread 0x000001af493b0900 nmethod 4347 0x000001af32c84c90 code [0x000001af32c84e40, 0x000001af32c85038]
Event: 5.026 Thread 0x000001af493b0900 4348       3       java.lang.invoke.MethodHandles$Lookup$ClassFile::newInstanceNoCheck (11 bytes)
Event: 5.026 Thread 0x000001af493b0900 nmethod 4348 0x000001af32c85110 code [0x000001af32c852c0, 0x000001af32c85578]
Event: 5.026 Thread 0x000001af493b0900 4349       3       java.lang.invoke.MethodHandleNatives::classData (17 bytes)
Event: 5.026 Thread 0x000001af493b0900 nmethod 4349 0x000001af32c85690 code [0x000001af32c85860, 0x000001af32c85b98]
Event: 5.032 Thread 0x000001af493b0900 4351       3       sun.reflect.generics.reflectiveObjects.ParameterizedTypeImpl::validateConstructorArguments (82 bytes)
Event: 5.033 Thread 0x000001af493b0900 nmethod 4351 0x000001af32c85d10 code [0x000001af32c86080, 0x000001af32c87a38]
Event: 5.033 Thread 0x000001af493b0900 4350       3       java.lang.Class::getDeclaringClass (31 bytes)
Event: 5.033 Thread 0x000001af493b0900 nmethod 4350 0x000001af32c88290 code [0x000001af32c88480, 0x000001af32c88888]
Event: 5.044 Thread 0x000001af493b0900 4352       3       kotlin.jvm.internal.Lambda::<init> (10 bytes)
Event: 5.044 Thread 0x000001af493b0900 nmethod 4352 0x000001af32c88a10 code [0x000001af32c88ba0, 0x000001af32c88d18]

GC Heap History (20 events):
Event: 0.903 GC heap before
{Heap before GC invocations=1 (full 0):
 garbage-first heap   total 253952K, used 39909K [0x0000000080000000, 0x0000000100000000)
  region size 1024K, 32 young (32768K), 3 survivors (3072K)
 Metaspace       used 11761K, committed 11968K, reserved 1114112K
  class space    used 1243K, committed 1344K, reserved 1048576K
}
Event: 0.907 GC heap after
{Heap after GC invocations=2 (full 0):
 garbage-first heap   total 253952K, used 11816K [0x0000000080000000, 0x0000000100000000)
  region size 1024K, 2 young (2048K), 2 survivors (2048K)
 Metaspace       used 11761K, committed 11968K, reserved 1114112K
  class space    used 1243K, committed 1344K, reserved 1048576K
}
Event: 2.040 GC heap before
{Heap before GC invocations=2 (full 0):
 garbage-first heap   total 253952K, used 87592K [0x0000000080000000, 0x0000000100000000)
  region size 1024K, 75 young (76800K), 2 survivors (2048K)
 Metaspace       used 21292K, committed 21504K, reserved 1114112K
  class space    used 2487K, committed 2624K, reserved 1048576K
}
Event: 2.046 GC heap after
{Heap after GC invocations=3 (full 0):
 garbage-first heap   total 253952K, used 20381K [0x0000000080000000, 0x0000000100000000)
  region size 1024K, 9 young (9216K), 9 survivors (9216K)
 Metaspace       used 21292K, committed 21504K, reserved 1114112K
  class space    used 2487K, committed 2624K, reserved 1048576K
}
Event: 2.566 GC heap before
{Heap before GC invocations=4 (full 0):
 garbage-first heap   total 75776K, used 55197K [0x0000000080000000, 0x0000000100000000)
  region size 1024K, 44 young (45056K), 9 survivors (9216K)
 Metaspace       used 26584K, committed 26816K, reserved 1114112K
  class space    used 3365K, committed 3456K, reserved 1048576K
}
Event: 2.570 GC heap after
{Heap after GC invocations=5 (full 0):
 garbage-first heap   total 75776K, used 22504K [0x0000000080000000, 0x0000000100000000)
  region size 1024K, 3 young (3072K), 3 survivors (3072K)
 Metaspace       used 26584K, committed 26816K, reserved 1114112K
  class space    used 3365K, committed 3456K, reserved 1048576K
}
Event: 2.589 GC heap before
{Heap before GC invocations=5 (full 0):
 garbage-first heap   total 75776K, used 23528K [0x0000000080000000, 0x0000000100000000)
  region size 1024K, 4 young (4096K), 3 survivors (3072K)
 Metaspace       used 26684K, committed 26880K, reserved 1114112K
  class space    used 3387K, committed 3456K, reserved 1048576K
}
Event: 2.591 GC heap after
{Heap after GC invocations=6 (full 0):
 garbage-first heap   total 75776K, used 22818K [0x0000000080000000, 0x0000000100000000)
  region size 1024K, 1 young (1024K), 1 survivors (1024K)
 Metaspace       used 26684K, committed 26880K, reserved 1114112K
  class space    used 3387K, committed 3456K, reserved 1048576K
}
Event: 3.097 GC heap before
{Heap before GC invocations=6 (full 0):
 garbage-first heap   total 75776K, used 54562K [0x0000000080000000, 0x0000000100000000)
  region size 1024K, 32 young (32768K), 1 survivors (1024K)
 Metaspace       used 30543K, committed 30912K, reserved 1114112K
  class space    used 4032K, committed 4224K, reserved 1048576K
}
Event: 3.099 GC heap after
{Heap after GC invocations=7 (full 0):
 garbage-first heap   total 75776K, used 24418K [0x0000000080000000, 0x0000000100000000)
  region size 1024K, 3 young (3072K), 3 survivors (3072K)
 Metaspace       used 30543K, committed 30912K, reserved 1114112K
  class space    used 4032K, committed 4224K, reserved 1048576K
}
Event: 3.555 GC heap before
{Heap before GC invocations=7 (full 0):
 garbage-first heap   total 75776K, used 55138K [0x0000000080000000, 0x0000000100000000)
  region size 1024K, 33 young (33792K), 3 survivors (3072K)
 Metaspace       used 34433K, committed 34816K, reserved 1114112K
  class space    used 4671K, committed 4864K, reserved 1048576K
}
Event: 3.557 GC heap after
{Heap after GC invocations=8 (full 0):
 garbage-first heap   total 75776K, used 25690K [0x0000000080000000, 0x0000000100000000)
  region size 1024K, 4 young (4096K), 4 survivors (4096K)
 Metaspace       used 34433K, committed 34816K, reserved 1114112K
  class space    used 4671K, committed 4864K, reserved 1048576K
}
Event: 3.719 GC heap before
{Heap before GC invocations=8 (full 0):
 garbage-first heap   total 75776K, used 36954K [0x0000000080000000, 0x0000000100000000)
  region size 1024K, 16 young (16384K), 4 survivors (4096K)
 Metaspace       used 35738K, committed 36096K, reserved 1114112K
  class space    used 4880K, committed 5056K, reserved 1048576K
}
Event: 3.722 GC heap after
{Heap after GC invocations=9 (full 0):
 garbage-first heap   total 75776K, used 26240K [0x0000000080000000, 0x0000000100000000)
  region size 1024K, 2 young (2048K), 2 survivors (2048K)
 Metaspace       used 35738K, committed 36096K, reserved 1114112K
  class space    used 4880K, committed 5056K, reserved 1048576K
}
Event: 4.144 GC heap before
{Heap before GC invocations=10 (full 0):
 garbage-first heap   total 75776K, used 57984K [0x0000000080000000, 0x0000000100000000)
  region size 1024K, 34 young (34816K), 2 survivors (2048K)
 Metaspace       used 42103K, committed 42496K, reserved 1114112K
  class space    used 5603K, committed 5760K, reserved 1048576K
}
Event: 4.148 GC heap after
{Heap after GC invocations=11 (full 0):
 garbage-first heap   total 75776K, used 29417K [0x0000000080000000, 0x0000000100000000)
  region size 1024K, 5 young (5120K), 5 survivors (5120K)
 Metaspace       used 42103K, committed 42496K, reserved 1114112K
  class space    used 5603K, committed 5760K, reserved 1048576K
}
Event: 4.164 GC heap before
{Heap before GC invocations=11 (full 0):
 garbage-first heap   total 75776K, used 30441K [0x0000000080000000, 0x0000000100000000)
  region size 1024K, 6 young (6144K), 5 survivors (5120K)
 Metaspace       used 42290K, committed 42624K, reserved 1114112K
  class space    used 5618K, committed 5760K, reserved 1048576K
}
Event: 4.167 GC heap after
{Heap after GC invocations=12 (full 0):
 garbage-first heap   total 75776K, used 29073K [0x0000000080000000, 0x0000000100000000)
  region size 1024K, 1 young (1024K), 1 survivors (1024K)
 Metaspace       used 42290K, committed 42624K, reserved 1114112K
  class space    used 5618K, committed 5760K, reserved 1048576K
}
Event: 4.352 GC heap before
{Heap before GC invocations=12 (full 0):
 garbage-first heap   total 75776K, used 58769K [0x0000000080000000, 0x0000000100000000)
  region size 1024K, 30 young (30720K), 1 survivors (1024K)
 Metaspace       used 43354K, committed 43776K, reserved 1114112K
  class space    used 5777K, committed 6016K, reserved 1048576K
}
Event: 4.354 GC heap after
{Heap after GC invocations=13 (full 0):
 garbage-first heap   total 133120K, used 30085K [0x0000000080000000, 0x0000000100000000)
  region size 1024K, 2 young (2048K), 2 survivors (2048K)
 Metaspace       used 43354K, committed 43776K, reserved 1114112K
  class space    used 5777K, committed 6016K, reserved 1048576K
}

Dll operation events (3 events):
Event: 0.011 Loaded shared library C:\Program Files\Android\Android Studio\jbr\bin\java.dll
Event: 0.117 Loaded shared library C:\Program Files\Android\Android Studio\jbr\bin\zip.dll
Event: 0.445 Loaded shared library C:\Program Files\Android\Android Studio\jbr\bin\verify.dll

Deoptimization events (20 events):
Event: 4.864 Thread 0x000001af4ef5c070 DEOPT PACKING pc=0x000001af3a0fddb0 sp=0x00000055c55f9200
Event: 4.864 Thread 0x000001af4ef5c070 DEOPT UNPACKING pc=0x000001af399669a3 sp=0x00000055c55f91b8 mode 2
Event: 4.870 Thread 0x000001af4ef5c070 Uncommon trap: trap_request=0xffffffde fr.pc=0x000001af3a0a36d0 relative=0x0000000000002450
Event: 4.870 Thread 0x000001af4ef5c070 Uncommon trap: reason=class_check action=maybe_recompile pc=0x000001af3a0a36d0 method=jdk.internal.loader.URLClassPath.getLoader(I)Ljdk/internal/loader/URLClassPath$Loader; @ 190 c2
Event: 4.870 Thread 0x000001af4ef5c070 DEOPT PACKING pc=0x000001af3a0a36d0 sp=0x00000055c55f9150
Event: 4.870 Thread 0x000001af4ef5c070 DEOPT UNPACKING pc=0x000001af399669a3 sp=0x00000055c55f9140 mode 2
Event: 4.870 Thread 0x000001af4ef5c070 Uncommon trap: trap_request=0xffffffde fr.pc=0x000001af3a116200 relative=0x0000000000000500
Event: 4.870 Thread 0x000001af4ef5c070 Uncommon trap: reason=class_check action=maybe_recompile pc=0x000001af3a116200 method=jdk.internal.loader.URLClassPath.getResource(Ljava/lang/String;Z)Ljdk/internal/loader/Resource; @ 53 c2
Event: 4.870 Thread 0x000001af4ef5c070 DEOPT PACKING pc=0x000001af3a116200 sp=0x00000055c55f9210
Event: 4.870 Thread 0x000001af4ef5c070 DEOPT UNPACKING pc=0x000001af399669a3 sp=0x00000055c55f91d0 mode 2
Event: 4.871 Thread 0x000001af4ef5c070 Uncommon trap: trap_request=0xffffffde fr.pc=0x000001af3a0fddb0 relative=0x0000000000000eb0
Event: 4.871 Thread 0x000001af4ef5c070 Uncommon trap: reason=class_check action=maybe_recompile pc=0x000001af3a0fddb0 method=jdk.internal.loader.Resource.getBytes()[B @ 10 c2
Event: 4.871 Thread 0x000001af4ef5c070 DEOPT PACKING pc=0x000001af3a0fddb0 sp=0x00000055c55f90c0
Event: 4.871 Thread 0x000001af4ef5c070 DEOPT UNPACKING pc=0x000001af399669a3 sp=0x00000055c55f9078 mode 2
Event: 4.921 Thread 0x000001af4ef5c070 DEOPT PACKING pc=0x000001af32809a9b sp=0x00000055c55f89f0
Event: 4.921 Thread 0x000001af4ef5c070 DEOPT UNPACKING pc=0x000001af39967143 sp=0x00000055c55f7e60 mode 0
Event: 5.016 Thread 0x000001af4ef5c070 Uncommon trap: trap_request=0xffffffde fr.pc=0x000001af39ffd018 relative=0x0000000000000078
Event: 5.016 Thread 0x000001af4ef5c070 Uncommon trap: reason=class_check action=maybe_recompile pc=0x000001af39ffd018 method=java.util.Collections$SetFromMap.remove(Ljava/lang/Object;)Z @ 5 c2
Event: 5.016 Thread 0x000001af4ef5c070 DEOPT PACKING pc=0x000001af39ffd018 sp=0x00000055c55f8d40
Event: 5.016 Thread 0x000001af4ef5c070 DEOPT UNPACKING pc=0x000001af399669a3 sp=0x00000055c55f8cd8 mode 2

Classes unloaded (0 events):
No events

Classes redefined (0 events):
No events

Internal exceptions (20 events):
Event: 4.446 Thread 0x000001af4ef5c070 Exception <a 'java/lang/NoSuchMethodError'{0x0000000087138688}: 'int java.lang.invoke.DirectMethodHandle$Holder.invokeInterface(java.lang.Object, java.lang.Object)'> (0x0000000087138688) 
thrown [s\src\hotspot\share\interpreter\linkResolver.cpp, line 771]
Event: 4.568 Thread 0x000001af4ef5c070 Exception <a 'java/lang/NoSuchMethodError'{0x0000000086d2ff00}: 'java.lang.Object java.lang.invoke.DirectMethodHandle$Holder.invokeVirtual(java.lang.Object, java.lang.Object, int)'> (0x0000000086d2ff00) 
thrown [s\src\hotspot\share\interpreter\linkResolver.cpp, line 771]
Event: 4.662 Thread 0x000001af4ef5c070 Exception <a 'java/lang/NoSuchMethodError'{0x0000000086825620}: 'java.lang.Object java.lang.invoke.DirectMethodHandle$Holder.newInvokeSpecial(java.lang.Object, java.lang.Object, java.lang.Object, java.lang.Object, int)'> (0x0000000086825620) 
thrown [s\src\hotspot\share\interpreter\linkResolver.cpp, line 771]
Event: 4.662 Thread 0x000001af4ef5c070 Exception <a 'java/lang/NoSuchMethodError'{0x000000008682a890}: 'java.lang.Object java.lang.invoke.DirectMethodHandle$Holder.invokeSpecial(java.lang.Object, java.lang.Object, java.lang.Object, java.lang.Object, java.lang.Object, int)'> (0x000000008682a890) 
thrown [s\src\hotspot\share\interpreter\linkResolver.cpp, line 771]
Event: 4.663 Thread 0x000001af4ef5c070 Exception <a 'java/lang/NoSuchMethodError'{0x000000008682f2c0}: 'java.lang.Object java.lang.invoke.Invokers$Holder.linkToTargetMethod(java.lang.Object, java.lang.Object, java.lang.Object, int, java.lang.Object)'> (0x000000008682f2c0) 
thrown [s\src\hotspot\share\interpreter\linkResolver.cpp, line 771]
Event: 4.698 Thread 0x000001af4ef5c070 Exception <a 'java/lang/NoSuchMethodError'{0x00000000866818f0}: 'int java.lang.invoke.DirectMethodHandle$Holder.invokeInterface(java.lang.Object, java.lang.Object, java.lang.Object, java.lang.Object)'> (0x00000000866818f0) 
thrown [s\src\hotspot\share\interpreter\linkResolver.cpp, line 771]
Event: 4.736 Thread 0x000001af4ef5c070 Exception <a 'java/lang/NoSuchMethodError'{0x0000000086338728}: 'java.lang.Object java.lang.invoke.DirectMethodHandle$Holder.invokeStatic(java.lang.Object, long, java.lang.Object)'> (0x0000000086338728) 
thrown [s\src\hotspot\share\interpreter\linkResolver.cpp, line 771]
Event: 4.737 Thread 0x000001af4ef5c070 Exception <a 'java/lang/NoSuchMethodError'{0x0000000086340580}: 'java.lang.Object java.lang.invoke.DirectMethodHandle$Holder.newInvokeSpecial(java.lang.Object, long)'> (0x0000000086340580) 
thrown [s\src\hotspot\share\interpreter\linkResolver.cpp, line 771]
Event: 4.743 Thread 0x000001af4ef5c070 Exception <a 'java/lang/NoSuchMethodError'{0x000000008639e918}: 'java.lang.Object java.lang.invoke.DirectMethodHandle$Holder.newInvokeSpecial(java.lang.Object, java.lang.Object, java.lang.Object, java.lang.Object, java.lang.Object, long)'> (0x000000008639e918) 
thrown [s\src\hotspot\share\interpreter\linkResolver.cpp, line 771]
Event: 4.743 Thread 0x000001af4ef5c070 Exception <a 'java/lang/NoSuchMethodError'{0x00000000863a3a28}: 'java.lang.Object java.lang.invoke.DirectMethodHandle$Holder.invokeSpecial(java.lang.Object, java.lang.Object, java.lang.Object, java.lang.Object, java.lang.Object, java.lang.Object, long)'> (0x00000000863a3a28) 
thrown [s\src\hotspot\share\interpreter\linkResolver.cpp, line 771]
Event: 4.747 Thread 0x000001af4ef5c070 Exception <a 'java/lang/NoSuchMethodError'{0x00000000863f0948}: 'java.lang.Object java.lang.invoke.DirectMethodHandle$Holder.newInvokeSpecial(java.lang.Object, java.lang.Object, java.lang.Object, long)'> (0x00000000863f0948) 
thrown [s\src\hotspot\share\interpreter\linkResolver.cpp, line 771]
Event: 4.747 Thread 0x000001af4ef5c070 Exception <a 'java/lang/NoSuchMethodError'{0x00000000863f56e0}: 'java.lang.Object java.lang.invoke.DirectMethodHandle$Holder.invokeSpecial(java.lang.Object, java.lang.Object, java.lang.Object, java.lang.Object, long)'> (0x00000000863f56e0) 
thrown [s\src\hotspot\share\interpreter\linkResolver.cpp, line 771]
Event: 4.747 Thread 0x000001af4ef5c070 Exception <a 'java/lang/NoSuchMethodError'{0x00000000863f9b60}: 'java.lang.Object java.lang.invoke.Invokers$Holder.linkToTargetMethod(java.lang.Object, java.lang.Object, long, java.lang.Object)'> (0x00000000863f9b60) 
thrown [s\src\hotspot\share\interpreter\linkResolver.cpp, line 771]
Event: 4.818 Thread 0x000001af4ef5c070 Implicit null exception at 0x000001af3a092a6c to 0x000001af3a092b10
Event: 4.909 Thread 0x000001af4ef5c070 Exception <a 'java/lang/NoSuchMethodError'{0x000000008574ec28}: 'void java.lang.invoke.DirectMethodHandle$Holder.invokeInterface(java.lang.Object, java.lang.Object)'> (0x000000008574ec28) 
thrown [s\src\hotspot\share\interpreter\linkResolver.cpp, line 771]
Event: 4.910 Thread 0x000001af4ef5c070 Exception <a 'java/lang/IncompatibleClassChangeError'{0x000000008575a058}: Found class java.lang.Object, but interface was expected> (0x000000008575a058) 
thrown [s\src\hotspot\share\interpreter\linkResolver.cpp, line 838]
Event: 4.947 Thread 0x000001af4ef5c070 Exception <a 'java/lang/NoSuchMethodError'{0x000000008542f0d8}: 'java.lang.Object java.lang.invoke.DirectMethodHandle$Holder.newInvokeSpecial(java.lang.Object, int, java.lang.Object)'> (0x000000008542f0d8) 
thrown [s\src\hotspot\share\interpreter\linkResolver.cpp, line 771]
Event: 4.985 Thread 0x000001af4ef5c070 Exception <a 'java/lang/NoSuchMethodError'{0x0000000085276ee8}: 'java.lang.Object java.lang.invoke.DirectMethodHandle$Holder.invokeSpecial(java.lang.Object, java.lang.Object, long, java.lang.Object, java.lang.Object)'> (0x0000000085276ee8) 
thrown [s\src\hotspot\share\interpreter\linkResolver.cpp, line 771]
Event: 5.000 Thread 0x000001af4ef5c070 Exception <a 'java/lang/NoSuchMethodError'{0x00000000851563b8}: 'java.lang.Object java.lang.invoke.DirectMethodHandle$Holder.newInvokeSpecial(java.lang.Object, java.lang.Object, int, java.lang.Object)'> (0x00000000851563b8) 
thrown [s\src\hotspot\share\interpreter\linkResolver.cpp, line 771]
Event: 5.000 Thread 0x000001af4ef5c070 Exception <a 'java/lang/NoSuchMethodError'{0x000000008515ae80}: 'java.lang.Object java.lang.invoke.DirectMethodHandle$Holder.invokeSpecial(java.lang.Object, java.lang.Object, java.lang.Object, int, java.lang.Object)'> (0x000000008515ae80) 
thrown [s\src\hotspot\share\interpreter\linkResolver.cpp, line 771]

VM Operations (20 events):
Event: 4.155 Executing VM operation: HandshakeAllThreads
Event: 4.155 Executing VM operation: HandshakeAllThreads done
Event: 4.164 Executing VM operation: G1CollectForAllocation
Event: 4.167 Executing VM operation: G1CollectForAllocation done
Event: 4.352 Executing VM operation: G1CollectForAllocation
Event: 4.354 Executing VM operation: G1CollectForAllocation done
Event: 4.400 Executing VM operation: HandshakeAllThreads
Event: 4.400 Executing VM operation: HandshakeAllThreads done
Event: 4.429 Executing VM operation: HandshakeAllThreads
Event: 4.429 Executing VM operation: HandshakeAllThreads done
Event: 4.651 Executing VM operation: HandshakeAllThreads
Event: 4.651 Executing VM operation: HandshakeAllThreads done
Event: 4.694 Executing VM operation: HandshakeAllThreads
Event: 4.694 Executing VM operation: HandshakeAllThreads done
Event: 4.698 Executing VM operation: HandshakeAllThreads
Event: 4.698 Executing VM operation: HandshakeAllThreads done
Event: 4.871 Executing VM operation: ICBufferFull
Event: 4.872 Executing VM operation: ICBufferFull done
Event: 5.020 Executing VM operation: HandshakeAllThreads
Event: 5.020 Executing VM operation: HandshakeAllThreads done

Events (20 events):
Event: 4.853 loading class java/util/concurrent/atomic/AtomicReferenceFieldUpdater$AtomicReferenceFieldUpdaterImpl$1
Event: 4.853 loading class java/util/concurrent/atomic/AtomicReferenceFieldUpdater$AtomicReferenceFieldUpdaterImpl$1 done
Event: 4.975 loading class java/lang/StringIndexOutOfBoundsException
Event: 4.975 loading class java/lang/StringIndexOutOfBoundsException done
Event: 5.019 loading class java/util/stream/DistinctOps
Event: 5.019 loading class java/util/stream/DistinctOps done
Event: 5.019 loading class java/util/stream/DistinctOps$1
Event: 5.019 loading class java/util/stream/ReferencePipeline$StatefulOp
Event: 5.019 loading class java/util/stream/ReferencePipeline$StatefulOp done
Event: 5.019 loading class java/util/stream/DistinctOps$1 done
Event: 5.020 loading class java/util/stream/DistinctOps$1$2
Event: 5.020 loading class java/util/stream/DistinctOps$1$2 done
Event: 5.022 loading class java/util/stream/SortedOps
Event: 5.022 loading class java/util/stream/SortedOps done
Event: 5.022 loading class java/util/stream/SortedOps$OfRef
Event: 5.022 loading class java/util/stream/SortedOps$OfRef done
Event: 5.023 loading class java/util/stream/SortedOps$SizedRefSortingSink
Event: 5.023 loading class java/util/stream/SortedOps$AbstractRefSortingSink
Event: 5.023 loading class java/util/stream/SortedOps$AbstractRefSortingSink done
Event: 5.023 loading class java/util/stream/SortedOps$SizedRefSortingSink done


Dynamic libraries:
0x00007ff7467a0000 - 0x00007ff7467aa000 	C:\Program Files\Android\Android Studio\jbr\bin\java.exe
0x00007ff965d30000 - 0x00007ff965f28000 	C:\windows\SYSTEM32\ntdll.dll
0x00007ff964520000 - 0x00007ff9645e2000 	C:\windows\System32\KERNEL32.DLL
0x00007ff9638f0000 - 0x00007ff963bef000 	C:\windows\System32\KERNELBASE.dll
0x00007ff963bf0000 - 0x00007ff963cf0000 	C:\windows\System32\ucrtbase.dll
0x00007ff95a630000 - 0x00007ff95a64b000 	C:\Program Files\Android\Android Studio\jbr\bin\VCRUNTIME140.dll
0x00007ff94c020000 - 0x00007ff94c037000 	C:\Program Files\Android\Android Studio\jbr\bin\jli.dll
0x00007ff9645f0000 - 0x00007ff96478d000 	C:\windows\System32\USER32.dll
0x00007ff963580000 - 0x00007ff9635a2000 	C:\windows\System32\win32u.dll
0x00007ff962720000 - 0x00007ff9629ba000 	C:\windows\WinSxS\amd64_microsoft.windows.common-controls_6595b64144ccf1df_6.0.19041.4355_none_60b8b9eb71f62e16\COMCTL32.dll
0x00007ff965b90000 - 0x00007ff965bbb000 	C:\windows\System32\GDI32.dll
0x00007ff964850000 - 0x00007ff9648ee000 	C:\windows\System32\msvcrt.dll
0x00007ff963460000 - 0x00007ff963577000 	C:\windows\System32\gdi32full.dll
0x00007ff963850000 - 0x00007ff9638ed000 	C:\windows\System32\msvcp_win.dll
0x00007ff965880000 - 0x00007ff9658af000 	C:\windows\System32\IMM32.DLL
0x00007ff94db00000 - 0x00007ff94db0c000 	C:\Program Files\Android\Android Studio\jbr\bin\vcruntime140_1.dll
0x00007ff92e2f0000 - 0x00007ff92e37d000 	C:\Program Files\Android\Android Studio\jbr\bin\msvcp140.dll
0x00007ff927230000 - 0x00007ff927eb3000 	C:\Program Files\Android\Android Studio\jbr\bin\server\jvm.dll
0x00007ff9648f0000 - 0x00007ff9649a1000 	C:\windows\System32\ADVAPI32.dll
0x00007ff964a80000 - 0x00007ff964b1f000 	C:\windows\System32\sechost.dll
0x00007ff965bc0000 - 0x00007ff965ce3000 	C:\windows\System32\RPCRT4.dll
0x00007ff963430000 - 0x00007ff963457000 	C:\windows\System32\bcrypt.dll
0x00007ff95e9b0000 - 0x00007ff95e9b9000 	C:\windows\SYSTEM32\WSOCK32.dll
0x00007ff960e30000 - 0x00007ff960e3a000 	C:\windows\SYSTEM32\VERSION.dll
0x00007ff963220000 - 0x00007ff96326b000 	C:\windows\SYSTEM32\POWRPROF.dll
0x00007ff955340000 - 0x00007ff955367000 	C:\windows\SYSTEM32\WINMM.dll
0x00007ff965380000 - 0x00007ff9653eb000 	C:\windows\System32\WS2_32.dll
0x00007ff963200000 - 0x00007ff963212000 	C:\windows\SYSTEM32\UMPDC.dll
0x00007ff960dc0000 - 0x00007ff960dd2000 	C:\windows\SYSTEM32\kernel.appcore.dll
0x00007ff95e760000 - 0x00007ff95e76a000 	C:\Program Files\Android\Android Studio\jbr\bin\jimage.dll
0x00007ff962b10000 - 0x00007ff962cf4000 	C:\windows\SYSTEM32\DBGHELP.DLL
0x00007ff962ad0000 - 0x00007ff962b04000 	C:\windows\SYSTEM32\dbgcore.DLL
0x00007ff9637c0000 - 0x00007ff963842000 	C:\windows\System32\bcryptPrimitives.dll
0x00007ff94dbf0000 - 0x00007ff94dbfe000 	C:\Program Files\Android\Android Studio\jbr\bin\instrument.dll
0x00007ff94dc00000 - 0x00007ff94dc25000 	C:\Program Files\Android\Android Studio\jbr\bin\java.dll
0x00007ff95a6b0000 - 0x00007ff95a6c8000 	C:\Program Files\Android\Android Studio\jbr\bin\zip.dll
0x00007ff963db0000 - 0x00007ff96451e000 	C:\windows\System32\SHELL32.dll
0x00007ff9605e0000 - 0x00007ff960d84000 	C:\windows\SYSTEM32\windows.storage.dll
0x00007ff9653f0000 - 0x00007ff965745000 	C:\windows\System32\combase.dll
0x00007ff962680000 - 0x00007ff9626af000 	C:\windows\SYSTEM32\Wldp.dll
0x00007ff9649b0000 - 0x00007ff964a7d000 	C:\windows\System32\OLEAUT32.dll
0x00007ff965750000 - 0x00007ff9657fd000 	C:\windows\System32\SHCORE.dll
0x00007ff9651d0000 - 0x00007ff965225000 	C:\windows\System32\shlwapi.dll
0x00007ff9632f0000 - 0x00007ff963314000 	C:\windows\SYSTEM32\profapi.dll
0x00007ff95a5d0000 - 0x00007ff95a5e9000 	C:\Program Files\Android\Android Studio\jbr\bin\net.dll
0x00007ff95ac80000 - 0x00007ff95ad8d000 	C:\windows\SYSTEM32\WINHTTP.dll
0x00007ff962360000 - 0x00007ff9623ca000 	C:\windows\system32\mswsock.dll
0x00007ff95a590000 - 0x00007ff95a5a6000 	C:\Program Files\Android\Android Studio\jbr\bin\nio.dll
0x00007ff95c160000 - 0x00007ff95c170000 	C:\Program Files\Android\Android Studio\jbr\bin\verify.dll
0x00007ff9474a0000 - 0x00007ff9474c7000 	C:\Users\Andrey\.gradle\native\c067742578af261105cb4f569cf0c3c89f3d7b1fecec35dd04571415982c5e48\windows-amd64\native-platform.dll
0x00007ff92f470000 - 0x00007ff92f5b4000 	C:\Users\Andrey\.gradle\native\100fb08df4bc3b14c8652ba06237920a3bd2aa13389f12d3474272988ae205f9\windows-amd64\native-platform-file-events.dll
0x00007ff95a680000 - 0x00007ff95a689000 	C:\Program Files\Android\Android Studio\jbr\bin\management.dll
0x00007ff956b80000 - 0x00007ff956b8b000 	C:\Program Files\Android\Android Studio\jbr\bin\management_ext.dll
0x00007ff964790000 - 0x00007ff964798000 	C:\windows\System32\PSAPI.DLL
0x00007ff963060000 - 0x00007ff963078000 	C:\windows\SYSTEM32\CRYPTSP.dll
0x00007ff961d60000 - 0x00007ff961d94000 	C:\windows\system32\rsaenh.dll
0x00007ff963270000 - 0x00007ff96329e000 	C:\windows\SYSTEM32\USERENV.dll
0x00007ff962590000 - 0x00007ff96259c000 	C:\windows\SYSTEM32\CRYPTBASE.dll
0x00007ff9620c0000 - 0x00007ff9620fb000 	C:\windows\SYSTEM32\IPHLPAPI.DLL
0x00007ff963d40000 - 0x00007ff963d48000 	C:\windows\System32\NSI.dll
0x00007ff95b940000 - 0x00007ff95b957000 	C:\windows\SYSTEM32\dhcpcsvc6.DLL
0x00007ff95b8e0000 - 0x00007ff95b8fd000 	C:\windows\SYSTEM32\dhcpcsvc.DLL
0x00007ff962100000 - 0x00007ff9621ca000 	C:\windows\SYSTEM32\DNSAPI.dll
0x00007ff95a9f0000 - 0x00007ff95a9f9000 	C:\Program Files\Android\Android Studio\jbr\bin\extnet.dll
0x00007ff905870000 - 0x00007ff905877000 	C:\windows\system32\wshunix.dll

dbghelp: loaded successfully - version: 4.0.5 - missing functions: none
symbol engine: initialized successfully - sym options: 0x614 - pdb path: .;C:\Program Files\Android\Android Studio\jbr\bin;C:\windows\SYSTEM32;C:\windows\WinSxS\amd64_microsoft.windows.common-controls_6595b64144ccf1df_6.0.19041.4355_none_60b8b9eb71f62e16;C:\Program Files\Android\Android Studio\jbr\bin\server;C:\Users\Andrey\.gradle\native\c067742578af261105cb4f569cf0c3c89f3d7b1fecec35dd04571415982c5e48\windows-amd64;C:\Users\Andrey\.gradle\native\100fb08df4bc3b14c8652ba06237920a3bd2aa13389f12d3474272988ae205f9\windows-amd64

VM Arguments:
jvm_args: --add-opens=java.base/java.util=ALL-UNNAMED --add-opens=java.base/java.lang=ALL-UNNAMED --add-opens=java.base/java.lang.invoke=ALL-UNNAMED --add-opens=java.prefs/java.util.prefs=ALL-UNNAMED --add-exports=jdk.compiler/com.sun.tools.javac.api=ALL-UNNAMED --add-exports=jdk.compiler/com.sun.tools.javac.util=ALL-UNNAMED --add-opens=java.base/java.nio.charset=ALL-UNNAMED --add-opens=java.base/java.net=ALL-UNNAMED --add-opens=java.base/java.util.concurrent.atomic=ALL-UNNAMED -Xmx2048m -Dfile.encoding=UTF-8 -Duser.country=RU -Duser.language=ru -Duser.variant -javaagent:C:\Users\Andrey\.gradle\wrapper\dists\gradle-8.9-all\6m0mbzute7p0zdleavqlib88a\gradle-8.9\lib\agents\gradle-instrumentation-agent-8.9.jar 
java_command: org.gradle.launcher.daemon.bootstrap.GradleDaemon 8.9
java_class_path (initial): C:\Users\Andrey\.gradle\wrapper\dists\gradle-8.9-all\6m0mbzute7p0zdleavqlib88a\gradle-8.9\lib\gradle-daemon-main-8.9.jar
Launcher Type: SUN_STANDARD

[Global flags]
     intx CICompilerCount                          = 4                                         {product} {ergonomic}
     uint ConcGCThreads                            = 3                                         {product} {ergonomic}
     uint G1ConcRefinementThreads                  = 10                                        {product} {ergonomic}
   size_t G1HeapRegionSize                         = 1048576                                   {product} {ergonomic}
    uintx GCDrainStackTargetSize                   = 64                                        {product} {ergonomic}
   size_t InitialHeapSize                          = 260046848                                 {product} {ergonomic}
   size_t MarkStackSize                            = 4194304                                   {product} {ergonomic}
   size_t MaxHeapSize                              = 2147483648                                {product} {command line}
   size_t MaxNewSize                               = 1287651328                                {product} {ergonomic}
   size_t MinHeapDeltaBytes                        = 1048576                                   {product} {ergonomic}
   size_t MinHeapSize                              = 8388608                                   {product} {ergonomic}
    uintx NonNMethodCodeHeapSize                   = 5839372                                {pd product} {ergonomic}
    uintx NonProfiledCodeHeapSize                  = 122909434                              {pd product} {ergonomic}
    uintx ProfiledCodeHeapSize                     = 122909434                              {pd product} {ergonomic}
    uintx ReservedCodeCacheSize                    = 251658240                              {pd product} {ergonomic}
     bool SegmentedCodeCache                       = true                                      {product} {ergonomic}
   size_t SoftMaxHeapSize                          = 2147483648                             {manageable} {ergonomic}
     bool UseCompressedClassPointers               = true                           {product lp64_product} {ergonomic}
     bool UseCompressedOops                        = true                           {product lp64_product} {ergonomic}
     bool UseG1GC                                  = true                                      {product} {ergonomic}
     bool UseLargePagesIndividualAllocation        = false                                  {pd product} {ergonomic}

Logging:
Log output configuration:
 #0: stdout all=warning uptime,level,tags
 #1: stderr all=off uptime,level,tags

Environment Variables:
PATH=C:\Program Files\Common Files\Oracle\Java\javapath;C:\Program Files (x86)\Common Files\Oracle\Java\java8path;C:\Program Files (x86)\Common Files\Oracle\Java\javapath;C:\windows\system32;C:\windows;C:\windows\System32\Wbem;C:\windows\System32\WindowsPowerShell\v1.0\;C:\windows\System32\OpenSSH\;C:\Program Files\PuTTY\;C:\PHP-7.4;C:\Program Files\Perforce\;C:\Program Files\WireGuard\;C:\Users\Andrey\AppData\Local\Android\Sdk\platform-tools\;C:\Program Files\Git\cmd;C:\Users\Andrey\AppData\Local\Microsoft\WindowsApps;C:\Users\Andrey\AppData\Local\JetBrains\Toolbox\scripts;C:\Users\Andrey\AppData\Local\Android\Sdk\platform-tools\adb.exe;;C:\Users\Andrey\AppData\Local\Programs\Microsoft VS Code\bin
USERNAME=Andrey
OS=Windows_NT
PROCESSOR_IDENTIFIER=AMD64 Family 23 Model 96 Stepping 1, AuthenticAMD
TMP=C:\Users\Andrey\AppData\Local\Temp
TEMP=C:\Users\Andrey\AppData\Local\Temp



Periodic native trim disabled

JNI global refs:
JNI global refs: 26, weak refs: 1

JNI global refs memory usage: 843, weak refs: 841

Process memory usage:
Resident Set Size: 306708K (1% of 16170224K total physical memory with 1676372K free physical memory)

OOME stack traces (most recent first):
Classloader memory used:
Loader org.gradle.internal.classloader.VisitableURLClassLoader                         : 3077K
Loader bootstrap                                                                       : 2356K
Loader org.gradle.initialization.MixInLegacyTypesClassLoader                           : 655K
Loader jdk.internal.loader.ClassLoaders$PlatformClassLoader                            : 67649B
Loader jdk.internal.loader.ClassLoaders$AppClassLoader                                 : 28708B
Loader jdk.internal.reflect.DelegatingClassLoader                                      : 4919B
Loader org.gradle.internal.classloader.VisitableURLClassLoader                         : 2264B

Classes loaded by more than one classloader:
Class org.gradle.internal.installation.GradleInstallation                             : loaded 2 times (x 73B)
Class org.gradle.internal.classpath.ClassPath                                         : loaded 2 times (x 68B)
Class org.gradle.api.internal.classpath.DefaultModuleRegistry                         : loaded 2 times (x 81B)
Class org.gradle.api.Action                                                           : loaded 2 times (x 68B)
Class org.gradle.api.internal.DefaultClassPathProvider                                : loaded 2 times (x 74B)
Class org.gradle.internal.installation.GradleInstallation$1                           : loaded 2 times (x 73B)
Class org.gradle.internal.classloader.FilteringClassLoader                            : loaded 2 times (x 103B)
Class org.gradle.internal.classpath.DefaultClassPath$ImmutableUniqueList$Builder      : loaded 2 times (x 73B)
Class org.gradle.internal.classloader.ClassLoaderVisitor                              : loaded 2 times (x 74B)
Class org.gradle.internal.service.DefaultServiceLocator                               : loaded 2 times (x 81B)
Class org.gradle.internal.service.UnknownServiceException                             : loaded 2 times (x 81B)
Class org.gradle.internal.classloader.DefaultClassLoaderFactory                       : loaded 2 times (x 80B)
Class org.gradle.internal.classloader.VisitableURLClassLoader$Spec                    : loaded 2 times (x 72B)
Class org.gradle.api.GradleException                                                  : loaded 2 times (x 80B)
Class org.gradle.api.internal.classpath.ModuleRegistry                                : loaded 2 times (x 68B)
Class org.gradle.api.internal.ClassPathProvider                                       : loaded 2 times (x 68B)
Class org.gradle.internal.classloader.ClasspathUtil$1                                 : loaded 2 times (x 74B)
Class org.gradle.internal.classloader.ClassLoaderFactory                              : loaded 2 times (x 68B)
Class org.gradle.api.internal.classpath.ManifestUtil                                  : loaded 2 times (x 69B)
Class org.gradle.api.specs.Spec                                                       : loaded 2 times (x 68B)
Class org.gradle.internal.IoActions                                                   : loaded 2 times (x 69B)
Class org.gradle.api.internal.classpath.EffectiveClassPath                            : loaded 2 times (x 88B)
Class org.gradle.internal.installation.CurrentGradleInstallation                      : loaded 2 times (x 71B)
Class org.gradle.internal.agents.InstrumentingClassLoader                             : loaded 2 times (x 68B)
Class org.gradle.internal.installation.CurrentGradleInstallationLocator               : loaded 2 times (x 69B)
Class org.gradle.api.internal.classpath.Module                                        : loaded 2 times (x 68B)
Class org.gradle.internal.service.CachingServiceLocator                               : loaded 2 times (x 80B)
Class org.gradle.internal.classpath.DefaultClassPath                                  : loaded 2 times (x 88B)
Class org.gradle.internal.classloader.SystemClassLoaderSpec                           : loaded 2 times (x 69B)
Class org.gradle.api.UncheckedIOException                                             : loaded 2 times (x 80B)
Class org.gradle.internal.classloader.ClasspathUtil                                   : loaded 2 times (x 69B)
Class org.gradle.api.internal.DefaultClassPathRegistry                                : loaded 2 times (x 74B)
Class org.gradle.api.internal.classpath.DefaultModuleRegistry$DefaultModule           : loaded 2 times (x 84B)
Class org.gradle.api.internal.classpath.UnknownModuleException                        : loaded 2 times (x 80B)
Class org.gradle.internal.service.ServiceLookupException                              : loaded 2 times (x 80B)
Class [Lorg.gradle.api.internal.ClassPathProvider;                                    : loaded 2 times (x 67B)
Class org.gradle.util.internal.GUtil                                                  : loaded 2 times (x 69B)
Class org.gradle.internal.classloader.ClassLoaderSpec                                 : loaded 2 times (x 69B)
Class org.gradle.internal.classloader.VisitableURLClassLoader                         : loaded 2 times (x 115B)
Class org.gradle.internal.Cast                                                        : loaded 2 times (x 69B)
Class org.gradle.api.internal.ClassPathRegistry                                       : loaded 2 times (x 68B)
Class org.gradle.internal.classloader.VisitableURLClassLoader$InstrumentingVisitableURLClassLoader: loaded 2 times (x 121B)
Class org.gradle.internal.classloader.ClassLoaderHierarchy                            : loaded 2 times (x 68B)
Class org.gradle.internal.InternalTransformer                                         : loaded 2 times (x 68B)
Class org.gradle.internal.service.ServiceLocator                                      : loaded 2 times (x 68B)
Class org.gradle.internal.classpath.DefaultClassPath$ImmutableUniqueList              : loaded 2 times (x 159B)
Class org.gradle.internal.classpath.TransformedClassPath                              : loaded 2 times (x 94B)


---------------  S Y S T E M  ---------------

OS:
 Windows 10 , 64 bit Build 19041 (10.0.19041.5198)
OS uptime: 2 days 0:31 hours

CPU: total 12 (initial active 12) (12 cores per cpu, 2 threads per core) family 23 model 96 stepping 1 microcode 0x0, cx8, cmov, fxsr, ht, mmx, 3dnowpref, sse, sse2, sse3, ssse3, sse4a, sse4.1, sse4.2, popcnt, lzcnt, tsc, tscinvbit, avx, avx2, aes, clmul, bmi1, bmi2, adx, sha, fma, vzeroupper, clflush, clflushopt
Processor Information for all 12 processors :
  Max Mhz: 2100, Current Mhz: 2100, Mhz Limit: 2100

Memory: 4k page, system-wide physical 15791M (1637M free)
TotalPageFile size 27567M (AvailPageFile size 9295M)
current process WorkingSet (physical memory assigned to process): 299M, peak: 299M
current process commit charge ("private bytes"): 348M, peak: 392M

vm_info: OpenJDK 64-Bit Server VM (17.0.11+0--11852314) for windows-amd64 JRE (17.0.11+0--11852314), built on May 16 2024 21:29:20 by "androidbuild" with MS VC++ 16.10 / 16.11 (VS2019)

END.
