#
# A fatal error has been detected by the Java Runtime Environment:
#
#  EXCEPTION_ACCESS_VIOLATION (0xc0000005) at pc=0x00007ff9273f0817, pid=12696, tid=6372
#
# JRE version: OpenJDK Runtime Environment (17.0.11) (build 17.0.11+0--11852314)
# Java VM: OpenJDK 64-Bit Server VM (17.0.11+0--11852314, mixed mode, tiered, compressed oops, compressed class ptrs, g1 gc, windows-amd64)
# Problematic frame:
# V  [jvm.dll+0x1c0817]
#
# No core dump will be written. Minidumps are not enabled by default on client versions of Windows
#
# If you would like to submit a bug report, please visit:
#   https://bugreport.java.com/bugreport/crash.jsp
#

---------------  S U M M A R Y ------------

Command Line: --add-opens=java.base/java.util=ALL-UNNAMED --add-opens=java.base/java.lang=ALL-UNNAMED --add-opens=java.base/java.lang.invoke=ALL-UNNAMED --add-opens=java.prefs/java.util.prefs=ALL-UNNAMED --add-exports=jdk.compiler/com.sun.tools.javac.api=ALL-UNNAMED --add-exports=jdk.compiler/com.sun.tools.javac.util=ALL-UNNAMED --add-opens=java.base/java.nio.charset=ALL-UNNAMED --add-opens=java.base/java.net=ALL-UNNAMED --add-opens=java.base/java.util.concurrent.atomic=ALL-UNNAMED -Xmx2048m -Dfile.encoding=UTF-8 -Duser.country=RU -Duser.language=ru -Duser.variant -javaagent:C:\Users\Andrey\.gradle\wrapper\dists\gradle-8.9-all\6m0mbzute7p0zdleavqlib88a\gradle-8.9\lib\agents\gradle-instrumentation-agent-8.9.jar org.gradle.launcher.daemon.bootstrap.GradleDaemon 8.9

Host: AMD Ryzen 5 4600U with Radeon Graphics         , 12 cores, 15G,  Windows 10 , 64 bit Build 19041 (10.0.19041.5198)
Time: Thu Jan 23 15:57:10 2025  Windows 10 , 64 bit Build 19041 (10.0.19041.5198) elapsed time: 2.504835 seconds (0d 0h 0m 2s)

---------------  T H R E A D  ---------------

Current thread (0x000002097061d5f0):  JavaThread "C2 CompilerThread0" daemon [_thread_in_native, id=6372, stack(0x0000007a17a00000,0x0000007a17b00000)]


Current CompileTask:
C2:   2504 2420   !   4       java.net.URLClassLoader::findClass (47 bytes)

Stack: [0x0000007a17a00000,0x0000007a17b00000],  sp=0x0000007a17afb640,  free space=1005k
Native frames: (J=compiled Java code, j=interpreted, Vv=VM code, C=native code)
V  [jvm.dll+0x1c0817]
V  [jvm.dll+0x1be31c]
V  [jvm.dll+0x21c029]
V  [jvm.dll+0x21b311]
V  [jvm.dll+0x1a63ed]
V  [jvm.dll+0x22b1ee]
V  [jvm.dll+0x229375]
V  [jvm.dll+0x7f5647]
V  [jvm.dll+0x7efa4a]
V  [jvm.dll+0x686a35]
C  [ucrtbase.dll+0x21bb2]
C  [KERNEL32.DLL+0x17374]
C  [ntdll.dll+0x4cc91]


siginfo: EXCEPTION_ACCESS_VIOLATION (0xc0000005), reading address 0xffffffffffffffff


Registers:
RAX=0x02007ff927b6dec8, RBX=0x0000000000000004, RCX=0x0000020979285a98, RDX=0x000000000000001a
RSP=0x0000007a17afb640, RBP=0x0000020975b6f850, RSI=0x0000007a17afbb30, RDI=0xffffffffffffffff
R8 =0x00000000ffffffff, R9 =0x0000000000000001, R10=0x0000000000000000, R11=0x3333333333333333
R12=0x0000000000000001, R13=0x0000000000000001, R14=0x0000020979285a98, R15=0x00007ff927d54040
RIP=0x00007ff9273f0817, EFLAGS=0x0000000000010246


Register to memory mapping:

RIP=0x00007ff9273f0817 jvm.dll
RAX=0x02007ff927b6dec8 is an unknown value
RBX=0x0000000000000004 is an unknown value
RCX=0x0000020979285a98 points into unknown readable memory: 0x02007ff927b6dec8 | c8 de b6 27 f9 7f 00 02
RDX=0x000000000000001a is an unknown value
RSP=0x0000007a17afb640 is pointing into the stack for thread: 0x000002097061d5f0
RBP=0x0000020975b6f850 points into unknown readable memory: 0x00007ff927b598d0 | d0 98 b5 27 f9 7f 00 00
RSI=0x0000007a17afbb30 is pointing into the stack for thread: 0x000002097061d5f0
RDI=0xffffffffffffffff is an unknown value
R8 =0x00000000ffffffff is an unallocated location in the heap
R9 =0x0000000000000001 is an unknown value
R10=0x0 is NULL
R11=0x3333333333333333 is an unknown value
R12=0x0000000000000001 is an unknown value
R13=0x0000000000000001 is an unknown value
R14=0x0000020979285a98 points into unknown readable memory: 0x02007ff927b6dec8 | c8 de b6 27 f9 7f 00 02
R15=0x00007ff927d54040 jvm.dll


Top of Stack: (sp=0x0000007a17afb640)
0x0000007a17afb640:   0000000000000004 0000020975b6f850
0x0000007a17afb650:   0000007a17afbb30 00000209767d0450
0x0000007a17afb660:   000005030000001a 00007ff900000002
0x0000007a17afb670:   0000020975b6f850 0000000000000130
0x0000007a17afb680:   0000000000000000 0000000000000000
0x0000007a17afb690:   000000000019c960 0000020970736f60
0x0000007a17afb6a0:   00000000000003d8 0000020970737348
0x0000007a17afb6b0:   0000020970736f70 0000007a17afb7e0
0x0000007a17afb6c0:   0000000000000000 0000007a17afbc10
0x0000007a17afb6d0:   0000007a17afbb30 00007ff9273ee31c
0x0000007a17afb6e0:   0000007a17afbb30 0000007a17afb701
0x0000007a17afb6f0:   0000007a17afbc01 00000000ffffffff
0x0000007a17afb700:   0000007a17afb700 000000000000000d
0x0000007a17afb710:   0000000000000006 0000020970736f60
0x0000007a17afb720:   0000020977e53030 0000020977e58f40
0x0000007a17afb730:   0000020977e5b018 00000000005e31b8
0x0000007a17afb740:   0000000000000000 0000000000000000
0x0000007a17afb750:   0000007a17afb830 0000000000000000
0x0000007a17afb760:   0000000000007fe8 00007ff927b6e098
0x0000007a17afb770:   0000000000000000 0000000000000000
0x0000007a17afb780:   0000000000000000 00007ff927b6e098
0x0000007a17afb790:   0000020978249b00 000002097063f220
0x0000007a17afb7a0:   000002090000000c 0000007a17afe480
0x0000007a17afb7b0:   00000209778ad050 0000000027565d00
0x0000007a17afb7c0:   0000020977a34050 0000000000002583
0x0000007a17afb7d0:   0000007a17afb710 0000020970736f70
0x0000007a17afb7e0:   00007ff927b6e068 000000000000000d
0x0000007a17afb7f0:   0000007a17afe480 0000007a17afbb30
0x0000007a17afb800:   0000000000002f6e 000002097063f220
0x0000007a17afb810:   00007ff90000000a 0000007a17afe480
0x0000007a17afb820:   0000020978f73040 0000000000000000
0x0000007a17afb830:   0000020978fb3de0 0000020977e15390 

Instructions: (pc=0x00007ff9273f0817)
0x00007ff9273f0717:   00 00 41 5e 41 5d c3 cc cc 88 54 24 10 48 89 4c
0x00007ff9273f0727:   24 08 53 56 57 48 81 ec 80 00 00 00 48 8b 41 48
0x00007ff9273f0737:   48 8b f1 4c 8b 40 10 49 8b 40 08 4c 8b 40 08 49
0x00007ff9273f0747:   8b 40 08 4c 8b 40 18 48 8b 81 08 01 00 00 4d 63
0x00007ff9273f0757:   48 28 46 8b 04 88 48 8b 41 70 49 69 d0 b0 00 00
0x00007ff9273f0767:   00 48 8b 48 20 f2 0f 10 04 0a f2 0f 58 05 07 db
0x00007ff9273f0777:   77 00 f2 0f 11 04 0a 33 c9 48 8b 46 48 89 4c 24
0x00007ff9273f0787:   24 39 48 40 0f 86 2c 06 00 00 48 89 6c 24 78 48
0x00007ff9273f0797:   8d 79 ff 4c 89 64 24 70 4c 89 6c 24 68 44 8d 69
0x00007ff9273f07a7:   01 4c 89 74 24 60 4c 89 7c 24 58 0f 29 74 24 40
0x00007ff9273f07b7:   f2 0f 10 35 41 ec 75 00 90 48 8b 40 30 48 8b 2c
0x00007ff9273f07c7:   c8 41 8b c5 48 89 6c 24 30 89 44 24 20 83 7d 28
0x00007ff9273f07d7:   01 0f 86 aa 05 00 00 66 90 3b 45 18 73 0c 8b c8
0x00007ff9273f07e7:   48 8b 45 20 4c 8b 34 c8 eb 03 45 33 f6 41 8b 46
0x00007ff9273f07f7:   2c 45 8b e5 24 03 c6 84 24 b0 00 00 00 00 3c 02
0x00007ff9273f0807:   75 17 49 8b 06 49 8b ce c6 84 24 b0 00 00 00 01
0x00007ff9273f0817:   ff 90 c8 00 00 00 44 8b e0 48 8b 86 08 01 00 00
0x00007ff9273f0827:   49 63 4e 28 8b 14 88 48 8b 46 70 48 69 da b0 00
0x00007ff9273f0837:   00 00 48 03 58 20 85 d2 0f 84 a9 02 00 00 49 8b
0x00007ff9273f0847:   06 49 8b ce ff 50 28 48 8b e8 8b 50 10 8d 4a e3
0x00007ff9273f0857:   83 f9 01 76 08 8d 4a e0 83 f9 01 77 07 83 8b a8
0x00007ff9273f0867:   00 00 00 02 41 8b 4e 28 8b c1 c1 e8 05 3b 46 78
0x00007ff9273f0877:   73 56 8b d0 83 e1 1f 48 8b 86 80 00 00 00 8b 04
0x00007ff9273f0887:   90 0f a3 c8 73 42 44 8b 83 a8 00 00 00 41 83 c8
0x00007ff9273f0897:   10 44 89 83 a8 00 00 00 41 8b 4e 28 8b c1 c1 e8
0x00007ff9273f08a7:   05 3b 86 98 00 00 00 73 1f 8b d0 83 e1 1f 48 8b
0x00007ff9273f08b7:   86 a0 00 00 00 8b 04 90 0f a3 c8 73 0b 41 83 c8
0x00007ff9273f08c7:   20 44 89 83 a8 00 00 00 48 83 7b 18 00 49 8b c6
0x00007ff9273f08d7:   49 8b ce 48 0f 45 c7 48 89 43 18 49 8b 06 ff 50
0x00007ff9273f08e7:   78 8b 8b 94 00 00 00 4c 8b f8 8b 93 90 00 00 00
0x00007ff9273f08f7:   44 8b c1 3b d1 77 22 66 90 8b ca ff c2 49 8b 04
0x00007ff9273f0907:   cf 48 21 44 cb 38 8b 8b 94 00 00 00 44 8b c1 3b 


Stack slot to memory mapping:
stack at sp + 0 slots: 0x0000000000000004 is an unknown value
stack at sp + 1 slots: 0x0000020975b6f850 points into unknown readable memory: 0x00007ff927b598d0 | d0 98 b5 27 f9 7f 00 00
stack at sp + 2 slots: 0x0000007a17afbb30 is pointing into the stack for thread: 0x000002097061d5f0
stack at sp + 3 slots: 0x00000209767d0450 points into unknown readable memory: 0x00007ff927b598d0 | d0 98 b5 27 f9 7f 00 00
stack at sp + 4 slots: 0x000005030000001a is an unknown value
stack at sp + 5 slots: 0x00007ff900000002 is an unknown value
stack at sp + 6 slots: 0x0000020975b6f850 points into unknown readable memory: 0x00007ff927b598d0 | d0 98 b5 27 f9 7f 00 00
stack at sp + 7 slots: 0x0000000000000130 is an unknown value


---------------  P R O C E S S  ---------------

Threads class SMR info:
_java_thread_list=0x0000020977d2ec20, length=27, elements={
0x00000209561b3fd0, 0x00000209705e9590, 0x00000209705ea320, 0x0000020970618550,
0x000002097061ae30, 0x000002097061b700, 0x000002097061bfd0, 0x000002097061d5f0,
0x000002097063f780, 0x00000209706426c0, 0x0000020970450f40, 0x00000209708c5830,
0x00000209750ae780, 0x0000020976fd7040, 0x0000020976d49a20, 0x0000020976fe59f0,
0x000002097699e0a0, 0x0000020976dd60c0, 0x0000020975fdecd0, 0x0000020975fdc960,
0x0000020975fdce70, 0x0000020975fdf1e0, 0x0000020975fdf6f0, 0x0000020975fdc450,
0x0000020975fdd380, 0x0000020975fdfc00, 0x00000209789be2a0
}

Java Threads: ( => current thread )
  0x00000209561b3fd0 JavaThread "main" [_thread_blocked, id=18368, stack(0x0000007a16d00000,0x0000007a16e00000)]
  0x00000209705e9590 JavaThread "Reference Handler" daemon [_thread_blocked, id=15888, stack(0x0000007a17400000,0x0000007a17500000)]
  0x00000209705ea320 JavaThread "Finalizer" daemon [_thread_blocked, id=18640, stack(0x0000007a17500000,0x0000007a17600000)]
  0x0000020970618550 JavaThread "Signal Dispatcher" daemon [_thread_blocked, id=17988, stack(0x0000007a17600000,0x0000007a17700000)]
  0x000002097061ae30 JavaThread "Attach Listener" daemon [_thread_blocked, id=9088, stack(0x0000007a17700000,0x0000007a17800000)]
  0x000002097061b700 JavaThread "Service Thread" daemon [_thread_blocked, id=5000, stack(0x0000007a17800000,0x0000007a17900000)]
  0x000002097061bfd0 JavaThread "Monitor Deflation Thread" daemon [_thread_blocked, id=13624, stack(0x0000007a17900000,0x0000007a17a00000)]
=>0x000002097061d5f0 JavaThread "C2 CompilerThread0" daemon [_thread_in_native, id=6372, stack(0x0000007a17a00000,0x0000007a17b00000)]
  0x000002097063f780 JavaThread "C1 CompilerThread0" daemon [_thread_in_native, id=17260, stack(0x0000007a17b00000,0x0000007a17c00000)]
  0x00000209706426c0 JavaThread "Sweeper thread" daemon [_thread_blocked, id=13440, stack(0x0000007a17c00000,0x0000007a17d00000)]
  0x0000020970450f40 JavaThread "Common-Cleaner" daemon [_thread_blocked, id=17132, stack(0x0000007a17d00000,0x0000007a17e00000)]
  0x00000209708c5830 JavaThread "Notification Thread" daemon [_thread_blocked, id=8800, stack(0x0000007a17e00000,0x0000007a17f00000)]
  0x00000209750ae780 JavaThread "C2 CompilerThread1" daemon [_thread_in_native, id=856, stack(0x0000007a18000000,0x0000007a18100000)]
  0x0000020976fd7040 JavaThread "Daemon health stats" [_thread_blocked, id=9292, stack(0x0000007a18100000,0x0000007a18200000)]
  0x0000020976d49a20 JavaThread "Incoming local TCP Connector on port 49472" [_thread_in_native, id=7836, stack(0x0000007a18600000,0x0000007a18700000)]
  0x0000020976fe59f0 JavaThread "Daemon periodic checks" [_thread_blocked, id=18072, stack(0x0000007a18700000,0x0000007a18800000)]
  0x000002097699e0a0 JavaThread "Daemon" [_thread_blocked, id=14356, stack(0x0000007a18800000,0x0000007a18900000)]
  0x0000020976dd60c0 JavaThread "Handler for socket connection from /127.0.0.1:49472 to /127.0.0.1:49473" [_thread_in_native, id=4756, stack(0x0000007a18900000,0x0000007a18a00000)]
  0x0000020975fdecd0 JavaThread "Cancel handler" [_thread_blocked, id=6088, stack(0x0000007a18a00000,0x0000007a18b00000)]
  0x0000020975fdc960 JavaThread "Daemon worker" [_thread_in_vm, id=19108, stack(0x0000007a18b00000,0x0000007a18c00000)]
  0x0000020975fdce70 JavaThread "Asynchronous log dispatcher for DefaultDaemonConnection: socket connection from /127.0.0.1:49472 to /127.0.0.1:49473" [_thread_blocked, id=2964, stack(0x0000007a18c00000,0x0000007a18d00000)]
  0x0000020975fdf1e0 JavaThread "Stdin handler" [_thread_blocked, id=13888, stack(0x0000007a18d00000,0x0000007a18e00000)]
  0x0000020975fdf6f0 JavaThread "Daemon client event forwarder" [_thread_blocked, id=12272, stack(0x0000007a18e00000,0x0000007a18f00000)]
  0x0000020975fdc450 JavaThread "Cache worker for journal cache (C:\Users\Andrey\.gradle\caches\journal-1)" [_thread_blocked, id=13304, stack(0x0000007a19600000,0x0000007a19700000)]
  0x0000020975fdd380 JavaThread "File lock request listener" [_thread_in_native, id=14048, stack(0x0000007a19700000,0x0000007a19800000)]
  0x0000020975fdfc00 JavaThread "Cache worker for file hash cache (C:\Users\Andrey\.gradle\caches\8.9\fileHashes)" [_thread_blocked, id=12512, stack(0x0000007a19800000,0x0000007a19900000)]
  0x00000209789be2a0 JavaThread "C2 CompilerThread2" daemon [_thread_in_native, id=4512, stack(0x0000007a19900000,0x0000007a19a00000)]

Other Threads:
  0x00000209705e6960 VMThread "VM Thread" [stack: 0x0000007a17300000,0x0000007a17400000] [id=5592]
  0x00000209561b4da0 WatcherThread [stack: 0x0000007a17f00000,0x0000007a18000000] [id=8716]
  0x000002095406e800 GCTaskThread "GC Thread#0" [stack: 0x0000007a16e00000,0x0000007a16f00000] [id=2656]
  0x000002097545fc00 GCTaskThread "GC Thread#1" [stack: 0x0000007a18200000,0x0000007a18300000] [id=11312]
  0x00000209758fac20 GCTaskThread "GC Thread#2" [stack: 0x0000007a18300000,0x0000007a18400000] [id=16576]
  0x00000209757bf990 GCTaskThread "GC Thread#3" [stack: 0x0000007a18400000,0x0000007a18500000] [id=17676]
  0x00000209757bfc50 GCTaskThread "GC Thread#4" [stack: 0x0000007a18500000,0x0000007a18600000] [id=3692]
  0x0000020976e49fe0 GCTaskThread "GC Thread#5" [stack: 0x0000007a18f00000,0x0000007a19000000] [id=2884]
  0x0000020976f61320 GCTaskThread "GC Thread#6" [stack: 0x0000007a19000000,0x0000007a19100000] [id=5476]
  0x00000209768c7110 GCTaskThread "GC Thread#7" [stack: 0x0000007a19100000,0x0000007a19200000] [id=12840]
  0x000002097699fbd0 GCTaskThread "GC Thread#8" [stack: 0x0000007a19200000,0x0000007a19300000] [id=18820]
  0x0000020976dc1250 GCTaskThread "GC Thread#9" [stack: 0x0000007a19300000,0x0000007a19400000] [id=18676]
  0x0000020956221480 ConcurrentGCThread "G1 Main Marker" [stack: 0x0000007a16f00000,0x0000007a17000000] [id=6156]
  0x0000020956222550 ConcurrentGCThread "G1 Conc#0" [stack: 0x0000007a17000000,0x0000007a17100000] [id=17576]
  0x0000020975533a90 ConcurrentGCThread "G1 Conc#1" [stack: 0x0000007a19400000,0x0000007a19500000] [id=17232]
  0x0000020976900e50 ConcurrentGCThread "G1 Conc#2" [stack: 0x0000007a19500000,0x0000007a19600000] [id=12060]
  0x000002095626e5d0 ConcurrentGCThread "G1 Refine#0" [stack: 0x0000007a17100000,0x0000007a17200000] [id=6360]
  0x00000209703201f0 ConcurrentGCThread "G1 Service" [stack: 0x0000007a17200000,0x0000007a17300000] [id=3664]

Threads with active compile tasks:
C2 CompilerThread0     2537 2420   !   4       java.net.URLClassLoader::findClass (47 bytes)
C1 CompilerThread0     2538 2522       3       java.lang.invoke.VarHandleGuards::guard_LL_V (125 bytes)
C2 CompilerThread1     2538 2487       4       java.net.URLClassLoader$1::run (5 bytes)
C2 CompilerThread2     2538 2488   !   4       java.net.URLClassLoader$1::run (81 bytes)

VM state: not at safepoint (normal execution)

VM Mutex/Monitor currently owned by a thread: None

Heap address: 0x0000000080000000, size: 2048 MB, Compressed Oops mode: 32-bit

CDS archive(s) not mapped
Compressed class space mapped at: 0x0000000100000000-0x0000000140000000, reserved size: 1073741824
Narrow klass base: 0x0000000000000000, Narrow klass shift: 3, Narrow klass range: 0x140000000

GC Precious Log:
 CPUs: 12 total, 12 available
 Memory: 15791M
 Large Page Support: Disabled
 NUMA Support: Disabled
 Compressed Oops: Enabled (32-bit)
 Heap Region Size: 1M
 Heap Min Capacity: 8M
 Heap Initial Capacity: 248M
 Heap Max Capacity: 2G
 Pre-touch: Disabled
 Parallel Workers: 10
 Concurrent Workers: 3
 Concurrent Refinement Workers: 10
 Periodic GC: Disabled

Heap:
 garbage-first heap   total 71680K, used 35751K [0x0000000080000000, 0x0000000100000000)
  region size 1024K, 26 young (26624K), 11 survivors (11264K)
 Metaspace       used 28649K, committed 28992K, reserved 1114112K
  class space    used 3739K, committed 3904K, reserved 1048576K

Heap Regions: E=young(eden), S=young(survivor), O=old, HS=humongous(starts), HC=humongous(continues), CS=collection set, F=free, OA=open archive, CA=closed archive, TAMS=top-at-mark-start (previous, next)
|   0|0x0000000080000000, 0x0000000080100000, 0x0000000080100000|100%|HS|  |TAMS 0x0000000080100000, 0x0000000080000000| Complete 
|   1|0x0000000080100000, 0x0000000080200000, 0x0000000080200000|100%|HC|  |TAMS 0x0000000080200000, 0x0000000080100000| Complete 
|   2|0x0000000080200000, 0x0000000080300000, 0x0000000080300000|100%|HC|  |TAMS 0x0000000080300000, 0x0000000080200000| Complete 
|   3|0x0000000080300000, 0x0000000080400000, 0x0000000080400000|100%|HC|  |TAMS 0x0000000080400000, 0x0000000080300000| Complete 
|   4|0x0000000080400000, 0x0000000080500000, 0x0000000080500000|100%| O|  |TAMS 0x0000000080500000, 0x0000000080400000| Untracked 
|   5|0x0000000080500000, 0x0000000080600000, 0x0000000080600000|100%| O|  |TAMS 0x0000000080600000, 0x0000000080500000| Untracked 
|   6|0x0000000080600000, 0x0000000080700000, 0x0000000080700000|100%| O|  |TAMS 0x0000000080700000, 0x0000000080600000| Untracked 
|   7|0x0000000080700000, 0x0000000080800000, 0x0000000080800000|100%| O|  |TAMS 0x0000000080800000, 0x0000000080700000| Untracked 
|   8|0x0000000080800000, 0x0000000080900000, 0x0000000080900000|100%| O|  |TAMS 0x0000000080900000, 0x0000000080800000| Untracked 
|   9|0x0000000080900000, 0x0000000080a00000, 0x0000000080a00000|100%| O|  |TAMS 0x0000000080a00000, 0x0000000080900000| Untracked 
|  10|0x0000000080a00000, 0x0000000080b00000, 0x0000000080b00000|100%|HS|  |TAMS 0x0000000080b00000, 0x0000000080a00000| Complete 
|  11|0x0000000080b00000, 0x0000000080b00000, 0x0000000080c00000|  0%| F|  |TAMS 0x0000000080b00000, 0x0000000080b00000| Untracked 
|  12|0x0000000080c00000, 0x0000000080ce9fb8, 0x0000000080d00000| 91%| S|CS|TAMS 0x0000000080c00000, 0x0000000080c00000| Complete 
|  13|0x0000000080d00000, 0x0000000080e00000, 0x0000000080e00000|100%| S|CS|TAMS 0x0000000080d00000, 0x0000000080d00000| Complete 
|  14|0x0000000080e00000, 0x0000000080f00000, 0x0000000080f00000|100%| S|CS|TAMS 0x0000000080e00000, 0x0000000080e00000| Complete 
|  15|0x0000000080f00000, 0x0000000081000000, 0x0000000081000000|100%| S|CS|TAMS 0x0000000080f00000, 0x0000000080f00000| Complete 
|  16|0x0000000081000000, 0x0000000081100000, 0x0000000081100000|100%| S|CS|TAMS 0x0000000081000000, 0x0000000081000000| Complete 
|  17|0x0000000081100000, 0x0000000081200000, 0x0000000081200000|100%| S|CS|TAMS 0x0000000081100000, 0x0000000081100000| Complete 
|  18|0x0000000081200000, 0x0000000081300000, 0x0000000081300000|100%| S|CS|TAMS 0x0000000081200000, 0x0000000081200000| Complete 
|  19|0x0000000081300000, 0x0000000081400000, 0x0000000081400000|100%| S|CS|TAMS 0x0000000081300000, 0x0000000081300000| Complete 
|  20|0x0000000081400000, 0x0000000081500000, 0x0000000081500000|100%| S|CS|TAMS 0x0000000081400000, 0x0000000081400000| Complete 
|  21|0x0000000081500000, 0x0000000081600000, 0x0000000081600000|100%| S|CS|TAMS 0x0000000081500000, 0x0000000081500000| Complete 
|  22|0x0000000081600000, 0x0000000081700000, 0x0000000081700000|100%| S|CS|TAMS 0x0000000081600000, 0x0000000081600000| Complete 
|  23|0x0000000081700000, 0x0000000081700000, 0x0000000081800000|  0%| F|  |TAMS 0x0000000081700000, 0x0000000081700000| Untracked 
|  24|0x0000000081800000, 0x0000000081800000, 0x0000000081900000|  0%| F|  |TAMS 0x0000000081800000, 0x0000000081800000| Untracked 
|  25|0x0000000081900000, 0x0000000081900000, 0x0000000081a00000|  0%| F|  |TAMS 0x0000000081900000, 0x0000000081900000| Untracked 
|  26|0x0000000081a00000, 0x0000000081a00000, 0x0000000081b00000|  0%| F|  |TAMS 0x0000000081a00000, 0x0000000081a00000| Untracked 
|  27|0x0000000081b00000, 0x0000000081b00000, 0x0000000081c00000|  0%| F|  |TAMS 0x0000000081b00000, 0x0000000081b00000| Untracked 
|  28|0x0000000081c00000, 0x0000000081c00000, 0x0000000081d00000|  0%| F|  |TAMS 0x0000000081c00000, 0x0000000081c00000| Untracked 
|  29|0x0000000081d00000, 0x0000000081d00000, 0x0000000081e00000|  0%| F|  |TAMS 0x0000000081d00000, 0x0000000081d00000| Untracked 
|  30|0x0000000081e00000, 0x0000000081e00000, 0x0000000081f00000|  0%| F|  |TAMS 0x0000000081e00000, 0x0000000081e00000| Untracked 
|  31|0x0000000081f00000, 0x0000000081f00000, 0x0000000082000000|  0%| F|  |TAMS 0x0000000081f00000, 0x0000000081f00000| Untracked 
|  32|0x0000000082000000, 0x0000000082000000, 0x0000000082100000|  0%| F|  |TAMS 0x0000000082000000, 0x0000000082000000| Untracked 
|  33|0x0000000082100000, 0x0000000082100000, 0x0000000082200000|  0%| F|  |TAMS 0x0000000082100000, 0x0000000082100000| Untracked 
|  34|0x0000000082200000, 0x0000000082200000, 0x0000000082300000|  0%| F|  |TAMS 0x0000000082200000, 0x0000000082200000| Untracked 
|  35|0x0000000082300000, 0x0000000082300000, 0x0000000082400000|  0%| F|  |TAMS 0x0000000082300000, 0x0000000082300000| Untracked 
|  36|0x0000000082400000, 0x0000000082400000, 0x0000000082500000|  0%| F|  |TAMS 0x0000000082400000, 0x0000000082400000| Untracked 
|  37|0x0000000082500000, 0x0000000082500000, 0x0000000082600000|  0%| F|  |TAMS 0x0000000082500000, 0x0000000082500000| Untracked 
|  38|0x0000000082600000, 0x0000000082600000, 0x0000000082700000|  0%| F|  |TAMS 0x0000000082600000, 0x0000000082600000| Untracked 
|  39|0x0000000082700000, 0x0000000082700000, 0x0000000082800000|  0%| F|  |TAMS 0x0000000082700000, 0x0000000082700000| Untracked 
|  40|0x0000000082800000, 0x0000000082800000, 0x0000000082900000|  0%| F|  |TAMS 0x0000000082800000, 0x0000000082800000| Untracked 
|  41|0x0000000082900000, 0x0000000082900000, 0x0000000082a00000|  0%| F|  |TAMS 0x0000000082900000, 0x0000000082900000| Untracked 
|  42|0x0000000082a00000, 0x0000000082a00000, 0x0000000082b00000|  0%| F|  |TAMS 0x0000000082a00000, 0x0000000082a00000| Untracked 
|  43|0x0000000082b00000, 0x0000000082b00000, 0x0000000082c00000|  0%| F|  |TAMS 0x0000000082b00000, 0x0000000082b00000| Untracked 
|  44|0x0000000082c00000, 0x0000000082c00000, 0x0000000082d00000|  0%| F|  |TAMS 0x0000000082c00000, 0x0000000082c00000| Untracked 
|  45|0x0000000082d00000, 0x0000000082d00000, 0x0000000082e00000|  0%| F|  |TAMS 0x0000000082d00000, 0x0000000082d00000| Untracked 
|  46|0x0000000082e00000, 0x0000000082e00000, 0x0000000082f00000|  0%| F|  |TAMS 0x0000000082e00000, 0x0000000082e00000| Untracked 
|  47|0x0000000082f00000, 0x0000000082f00000, 0x0000000083000000|  0%| F|  |TAMS 0x0000000082f00000, 0x0000000082f00000| Untracked 
|  48|0x0000000083000000, 0x0000000083000000, 0x0000000083100000|  0%| F|  |TAMS 0x0000000083000000, 0x0000000083000000| Untracked 
|  49|0x0000000083100000, 0x0000000083100000, 0x0000000083200000|  0%| F|  |TAMS 0x0000000083100000, 0x0000000083100000| Untracked 
|  50|0x0000000083200000, 0x0000000083200000, 0x0000000083300000|  0%| F|  |TAMS 0x0000000083200000, 0x0000000083200000| Untracked 
|  51|0x0000000083300000, 0x0000000083300000, 0x0000000083400000|  0%| F|  |TAMS 0x0000000083300000, 0x0000000083300000| Untracked 
|  52|0x0000000083400000, 0x0000000083400000, 0x0000000083500000|  0%| F|  |TAMS 0x0000000083400000, 0x0000000083400000| Untracked 
|  53|0x0000000083500000, 0x0000000083500000, 0x0000000083600000|  0%| F|  |TAMS 0x0000000083500000, 0x0000000083500000| Untracked 
|  54|0x0000000083600000, 0x0000000083600000, 0x0000000083700000|  0%| F|  |TAMS 0x0000000083600000, 0x0000000083600000| Untracked 
|  55|0x0000000083700000, 0x00000000837e8b10, 0x0000000083800000| 90%| E|  |TAMS 0x0000000083700000, 0x0000000083700000| Complete 
|  56|0x0000000083800000, 0x0000000083900000, 0x0000000083900000|100%| E|  |TAMS 0x0000000083800000, 0x0000000083800000| Complete 
|  57|0x0000000083900000, 0x0000000083a00000, 0x0000000083a00000|100%| E|CS|TAMS 0x0000000083900000, 0x0000000083900000| Complete 
|  58|0x0000000083a00000, 0x0000000083b00000, 0x0000000083b00000|100%| E|CS|TAMS 0x0000000083a00000, 0x0000000083a00000| Complete 
|  59|0x0000000083b00000, 0x0000000083c00000, 0x0000000083c00000|100%| E|CS|TAMS 0x0000000083b00000, 0x0000000083b00000| Complete 
| 164|0x000000008a400000, 0x000000008a500000, 0x000000008a500000|100%| E|CS|TAMS 0x000000008a400000, 0x000000008a400000| Complete 
| 165|0x000000008a500000, 0x000000008a600000, 0x000000008a600000|100%| E|CS|TAMS 0x000000008a500000, 0x000000008a500000| Complete 
| 166|0x000000008a600000, 0x000000008a700000, 0x000000008a700000|100%| E|CS|TAMS 0x000000008a600000, 0x000000008a600000| Complete 
| 167|0x000000008a700000, 0x000000008a800000, 0x000000008a800000|100%| E|CS|TAMS 0x000000008a700000, 0x000000008a700000| Complete 
| 168|0x000000008a800000, 0x000000008a900000, 0x000000008a900000|100%| E|CS|TAMS 0x000000008a800000, 0x000000008a800000| Complete 
| 169|0x000000008a900000, 0x000000008aa00000, 0x000000008aa00000|100%| E|CS|TAMS 0x000000008a900000, 0x000000008a900000| Complete 
| 170|0x000000008aa00000, 0x000000008ab00000, 0x000000008ab00000|100%| E|CS|TAMS 0x000000008aa00000, 0x000000008aa00000| Complete 
| 171|0x000000008ab00000, 0x000000008ac00000, 0x000000008ac00000|100%| E|CS|TAMS 0x000000008ab00000, 0x000000008ab00000| Complete 
| 172|0x000000008ac00000, 0x000000008ad00000, 0x000000008ad00000|100%| E|CS|TAMS 0x000000008ac00000, 0x000000008ac00000| Complete 
| 247|0x000000008f700000, 0x000000008f800000, 0x000000008f800000|100%| E|CS|TAMS 0x000000008f700000, 0x000000008f700000| Complete 

Card table byte_map: [0x0000020968fe0000,0x00000209693e0000] _byte_map_base: 0x0000020968be0000

Marking Bits (Prev, Next): (CMBitMap*) 0x000002095620edc0, (CMBitMap*) 0x000002095620ed80
 Prev Bits: [0x000002096b7e0000, 0x000002096d7e0000)
 Next Bits: [0x00000209697e0000, 0x000002096b7e0000)

Polling page: 0x00000209541a0000

Metaspace:

Usage:
  Non-class:     24.37 MB used.
      Class:      3.66 MB used.
       Both:     28.02 MB used.

Virtual space:
  Non-class space:       64.00 MB reserved,      24.50 MB ( 38%) committed,  1 nodes.
      Class space:        1.00 GB reserved,       3.81 MB ( <1%) committed,  1 nodes.
             Both:        1.06 GB reserved,      28.31 MB (  3%) committed. 

Chunk freelists:
   Non-Class:  7.06 MB
       Class:  12.20 MB
        Both:  19.26 MB

MaxMetaspaceSize: unlimited
CompressedClassSpaceSize: 1.00 GB
Initial GC threshold: 21.00 MB
Current GC threshold: 35.12 MB
CDS: off
MetaspaceReclaimPolicy: balanced
 - commit_granule_bytes: 65536.
 - commit_granule_words: 8192.
 - virtual_space_node_default_size: 8388608.
 - enlarge_chunks_in_place: 1.
 - new_chunks_are_fully_committed: 0.
 - uncommit_free_chunks: 1.
 - use_allocation_guard: 0.
 - handle_deallocations: 1.


Internal statistics:

num_allocs_failed_limit: 3.
num_arena_births: 202.
num_arena_deaths: 0.
num_vsnodes_births: 2.
num_vsnodes_deaths: 0.
num_space_committed: 453.
num_space_uncommitted: 0.
num_chunks_returned_to_freelist: 3.
num_chunks_taken_from_freelist: 912.
num_chunk_merges: 3.
num_chunk_splits: 583.
num_chunks_enlarged: 410.
num_inconsistent_stats: 0.

CodeHeap 'non-profiled nmethods': size=120000Kb used=1350Kb max_used=1350Kb free=118649Kb
 bounds [0x0000020961160000, 0x00000209613d0000, 0x0000020968690000]
CodeHeap 'profiled nmethods': size=120000Kb used=5114Kb max_used=5114Kb free=114885Kb
 bounds [0x0000020959690000, 0x0000020959b90000, 0x0000020960bc0000]
CodeHeap 'non-nmethods': size=5760Kb used=1234Kb max_used=1281Kb free=4525Kb
 bounds [0x0000020960bc0000, 0x0000020960e30000, 0x0000020961160000]
 total_blobs=3062 nmethods=2518 adapters=456
 compilation: enabled
              stopped_count=0, restarted_count=0
 full_count=0

Compilation events (20 events):
Event: 2.438 Thread 0x000002097063f780 nmethod 2490 0x0000020959b7fc10 code [0x0000020959b7fda0, 0x0000020959b7fef8]
Event: 2.438 Thread 0x000002097063f780 2491       3       org.gradle.internal.service.AbstractServiceMethod::<init> (42 bytes)
Event: 2.439 Thread 0x000002097063f780 nmethod 2491 0x0000020959b7ff90 code [0x0000020959b802e0, 0x0000020959b81de8]
Event: 2.440 Thread 0x000002097063f780 2493       3       jdk.internal.org.objectweb.asm.MethodWriter::visitAnnotation (40 bytes)
Event: 2.440 Thread 0x000002097063f780 nmethod 2493 0x0000020959b82610 code [0x0000020959b827c0, 0x0000020959b82a78]
Event: 2.440 Thread 0x000002097063f780 2494       3       jdk.internal.org.objectweb.asm.AnnotationWriter::create (34 bytes)
Event: 2.441 Thread 0x000002097063f780 nmethod 2494 0x0000020959b82b10 code [0x0000020959b82d00, 0x0000020959b83198]
Event: 2.441 Thread 0x000002097063f780 2495       3       jdk.internal.org.objectweb.asm.AnnotationWriter::visitEnd (44 bytes)
Event: 2.441 Thread 0x000002097063f780 nmethod 2495 0x0000020959b83390 code [0x0000020959b83520, 0x0000020959b836b8]
Event: 2.457 Thread 0x000002097063f780 2499       3       java.lang.ClassLoader::findBootstrapClassOrNull (14 bytes)
Event: 2.457 Thread 0x000002097063f780 nmethod 2499 0x0000020959b83810 code [0x0000020959b839c0, 0x0000020959b83b78]
Event: 2.480 Thread 0x000002097063f780 2504       3       org.gradle.internal.service.DefaultServiceRegistry$SingletonService::getService (18 bytes)
Event: 2.480 Thread 0x000002097063f780 nmethod 2504 0x0000020959b83c10 code [0x0000020959b83de0, 0x0000020959b84018]
Event: 2.480 Thread 0x000002097063f780 2505       3       org.gradle.internal.service.DefaultServiceRegistry::access$1400 (6 bytes)
Event: 2.480 Thread 0x000002097063f780 nmethod 2505 0x0000020959b84110 code [0x0000020959b842a0, 0x0000020959b843a8]
Event: 2.480 Thread 0x000002097063f780 2506       3       org.gradle.internal.service.DefaultServiceRegistry::isSatisfiedBy (44 bytes)
Event: 2.480 Thread 0x00000209789be2a0 2498   !   4       java.security.AccessController::doPrivileged (26 bytes)
Event: 2.481 Thread 0x000002097063f780 nmethod 2506 0x0000020959b84490 code [0x0000020959b846a0, 0x0000020959b84dc8]
Event: 2.481 Thread 0x00000209789be2a0 nmethod 2498 0x00000209612b0d10 code [0x00000209612b0ea0, 0x00000209612b0fd8]
Event: 2.482 Thread 0x00000209789be2a0 2488   !   4       java.net.URLClassLoader$1::run (81 bytes)

GC Heap History (8 events):
Event: 0.408 GC heap before
{Heap before GC invocations=0 (full 0):
 garbage-first heap   total 253952K, used 26624K [0x0000000080000000, 0x0000000100000000)
  region size 1024K, 23 young (23552K), 0 survivors (0K)
 Metaspace       used 7792K, committed 7936K, reserved 1114112K
  class space    used 678K, committed 768K, reserved 1048576K
}
Event: 0.410 GC heap after
{Heap after GC invocations=1 (full 0):
 garbage-first heap   total 253952K, used 10240K [0x0000000080000000, 0x0000000100000000)
  region size 1024K, 3 young (3072K), 3 survivors (3072K)
 Metaspace       used 7792K, committed 7936K, reserved 1114112K
  class space    used 678K, committed 768K, reserved 1048576K
}
Event: 0.917 GC heap before
{Heap before GC invocations=1 (full 0):
 garbage-first heap   total 253952K, used 39936K [0x0000000080000000, 0x0000000100000000)
  region size 1024K, 32 young (32768K), 3 survivors (3072K)
 Metaspace       used 11763K, committed 11968K, reserved 1114112K
  class space    used 1242K, committed 1344K, reserved 1048576K
}
Event: 0.921 GC heap after
{Heap after GC invocations=2 (full 0):
 garbage-first heap   total 253952K, used 11739K [0x0000000080000000, 0x0000000100000000)
  region size 1024K, 2 young (2048K), 2 survivors (2048K)
 Metaspace       used 11763K, committed 11968K, reserved 1114112K
  class space    used 1242K, committed 1344K, reserved 1048576K
}
Event: 1.880 GC heap before
{Heap before GC invocations=2 (full 0):
 garbage-first heap   total 253952K, used 87515K [0x0000000080000000, 0x0000000100000000)
  region size 1024K, 75 young (76800K), 2 survivors (2048K)
 Metaspace       used 21288K, committed 21504K, reserved 1114112K
  class space    used 2487K, committed 2624K, reserved 1048576K
}
Event: 1.885 GC heap after
{Heap after GC invocations=3 (full 0):
 garbage-first heap   total 253952K, used 20368K [0x0000000080000000, 0x0000000100000000)
  region size 1024K, 9 young (9216K), 9 survivors (9216K)
 Metaspace       used 21288K, committed 21504K, reserved 1114112K
  class space    used 2487K, committed 2624K, reserved 1048576K
}
Event: 2.372 GC heap before
{Heap before GC invocations=4 (full 0):
 garbage-first heap   total 71680K, used 57232K [0x0000000080000000, 0x0000000100000000)
  region size 1024K, 47 young (48128K), 9 survivors (9216K)
 Metaspace       used 26866K, committed 27072K, reserved 1114112K
  class space    used 3425K, committed 3520K, reserved 1048576K
}
Event: 2.377 GC heap after
{Heap after GC invocations=5 (full 0):
 garbage-first heap   total 71680K, used 22439K [0x0000000080000000, 0x0000000100000000)
  region size 1024K, 11 young (11264K), 11 survivors (11264K)
 Metaspace       used 26866K, committed 27072K, reserved 1114112K
  class space    used 3425K, committed 3520K, reserved 1048576K
}

Dll operation events (3 events):
Event: 0.005 Loaded shared library C:\Program Files\Android\Android Studio\jbr\bin\java.dll
Event: 0.096 Loaded shared library C:\Program Files\Android\Android Studio\jbr\bin\zip.dll
Event: 0.413 Loaded shared library C:\Program Files\Android\Android Studio\jbr\bin\verify.dll

Deoptimization events (20 events):
Event: 2.130 Thread 0x0000020975fdc960 Uncommon trap: trap_request=0xffffff45 fr.pc=0x0000020961180210 relative=0x0000000000000a90
Event: 2.130 Thread 0x0000020975fdc960 Uncommon trap: reason=unstable_if action=reinterpret pc=0x0000020961180210 method=java.io.WinNTFileSystem.resolve(Ljava/lang/String;Ljava/lang/String;)Ljava/lang/String; @ 19 c2
Event: 2.130 Thread 0x0000020975fdc960 DEOPT PACKING pc=0x0000020961180210 sp=0x0000007a18bfb3a0
Event: 2.130 Thread 0x0000020975fdc960 DEOPT UNPACKING pc=0x0000020960c169a3 sp=0x0000007a18bfb348 mode 2
Event: 2.131 Thread 0x0000020975fdc960 DEOPT PACKING pc=0x000002095976f0bd sp=0x0000007a18bfadd0
Event: 2.131 Thread 0x0000020975fdc960 DEOPT UNPACKING pc=0x0000020960c17143 sp=0x0000007a18bfa268 mode 0
Event: 2.131 Thread 0x0000020975fdc960 Uncommon trap: trap_request=0xffffff45 fr.pc=0x00000209611f3588 relative=0x00000000000005c8
Event: 2.131 Thread 0x0000020975fdc960 Uncommon trap: reason=unstable_if action=reinterpret pc=0x00000209611f3588 method=java.io.File.getName()Ljava/lang/String; @ 16 c2
Event: 2.131 Thread 0x0000020975fdc960 DEOPT PACKING pc=0x00000209611f3588 sp=0x0000007a18bfb350
Event: 2.131 Thread 0x0000020975fdc960 DEOPT UNPACKING pc=0x0000020960c169a3 sp=0x0000007a18bfb320 mode 2
Event: 2.178 Thread 0x0000020975fdc960 Uncommon trap: trap_request=0xffffff45 fr.pc=0x0000020961244374 relative=0x00000000000000d4
Event: 2.178 Thread 0x0000020975fdc960 Uncommon trap: reason=unstable_if action=reinterpret pc=0x0000020961244374 method=java.util.HashMap.hash(Ljava/lang/Object;)I @ 1 c2
Event: 2.178 Thread 0x0000020975fdc960 DEOPT PACKING pc=0x0000020961244374 sp=0x0000007a18bfc120
Event: 2.178 Thread 0x0000020975fdc960 DEOPT UNPACKING pc=0x0000020960c169a3 sp=0x0000007a18bfc060 mode 2
Event: 2.313 Thread 0x0000020975fdc960 DEOPT PACKING pc=0x0000020959b04492 sp=0x0000007a18bfad50
Event: 2.313 Thread 0x0000020975fdc960 DEOPT UNPACKING pc=0x0000020960c17143 sp=0x0000007a18bfa260 mode 0
Event: 2.330 Thread 0x0000020975fdc960 DEOPT PACKING pc=0x0000020959b04492 sp=0x0000007a18bf83f0
Event: 2.330 Thread 0x0000020975fdc960 DEOPT UNPACKING pc=0x0000020960c17143 sp=0x0000007a18bf7900 mode 0
Event: 2.343 Thread 0x0000020975fdc960 DEOPT PACKING pc=0x0000020959b04492 sp=0x0000007a18bf9a50
Event: 2.343 Thread 0x0000020975fdc960 DEOPT UNPACKING pc=0x0000020960c17143 sp=0x0000007a18bf8f60 mode 0

Classes unloaded (0 events):
No events

Classes redefined (0 events):
No events

Internal exceptions (20 events):
Event: 1.820 Thread 0x0000020975fdc960 Exception <a 'java/lang/NoSuchMethodError'{0x000000008b25e778}: 'long java.lang.invoke.DirectMethodHandle$Holder.invokeInterface(java.lang.Object, java.lang.Object)'> (0x000000008b25e778) 
thrown [s\src\hotspot\share\interpreter\linkResolver.cpp, line 771]
Event: 1.868 Thread 0x0000020975fdc960 Exception <a 'java/lang/NoSuchMethodError'{0x000000008aed06d0}: 'void java.lang.invoke.DirectMethodHandle$Holder.invokeStatic(java.lang.Object, java.lang.Object)'> (0x000000008aed06d0) 
thrown [s\src\hotspot\share\interpreter\linkResolver.cpp, line 771]
Event: 1.898 Thread 0x0000020975fdc960 Exception <a 'java/lang/NoSuchMethodError'{0x0000000083b465d8}: 'java.lang.Object java.lang.invoke.DirectMethodHandle$Holder.newInvokeSpecial(java.lang.Object, java.lang.Object, java.lang.Object, java.lang.Object, java.lang.Object)'> (0x0000000083b465d8) 
thrown [s\src\hotspot\share\interpreter\linkResolver.cpp, line 771]
Event: 1.904 Thread 0x0000020975fdc960 Exception <a 'java/lang/NoSuchMethodError'{0x0000000083ba1a40}: 'int java.lang.invoke.DirectMethodHandle$Holder.invokeVirtual(java.lang.Object, java.lang.Object, java.lang.Object)'> (0x0000000083ba1a40) 
thrown [s\src\hotspot\share\interpreter\linkResolver.cpp, line 771]
Event: 1.937 Thread 0x0000020975fdc960 Exception <a 'java/lang/NoSuchMethodError'{0x000000008383be40}: 'java.lang.Object java.lang.invoke.DirectMethodHandle$Holder.newInvokeSpecial(java.lang.Object, java.lang.Object, java.lang.Object, java.lang.Object, java.lang.Object, java.lang.Object)'> (0x000000008383be40) 
thrown [s\src\hotspot\share\interpreter\linkResolver.cpp, line 771]
Event: 1.939 Thread 0x0000020975fdc960 Exception <a 'java/lang/NoSuchMethodError'{0x00000000838543d0}: 'void java.lang.invoke.DirectMethodHandle$Holder.invokeSpecial(java.lang.Object, java.lang.Object, java.lang.Object, java.lang.Object, java.lang.Object)'> (0x00000000838543d0) 
thrown [s\src\hotspot\share\interpreter\linkResolver.cpp, line 771]
Event: 1.940 Thread 0x0000020975fdc960 Exception <a 'java/lang/NoSuchMethodError'{0x000000008386c918}: 'void java.lang.invoke.DirectMethodHandle$Holder.invokeStaticInit(java.lang.Object, java.lang.Object)'> (0x000000008386c918) 
thrown [s\src\hotspot\share\interpreter\linkResolver.cpp, line 771]
Event: 1.984 Thread 0x0000020975fdc960 Exception <a 'java/lang/NoSuchMethodError'{0x0000000083544c48}: 'void java.lang.invoke.DelegatingMethodHandle$Holder.reinvoke_L(java.lang.Object, java.lang.Object, java.lang.Object, java.lang.Object, java.lang.Object, java.lang.Object, java.lang.Object, java.lang.Object, java.lang.Object, java.lang.Object)'> (0x0000000083544c48) 
thrown [s\src\hotspot\share\interpreter\linkResolver.cpp, line 771]
Event: 1.985 Thread 0x0000020975fdc960 Exception <a 'java/lang/NoSuchMethodError'{0x000000008354d1f8}: 'java.lang.Object java.lang.invoke.DirectMethodHandle$Holder.invokeSpecial(java.lang.Object, java.lang.Object, java.lang.Object, java.lang.Object, java.lang.Object, java.lang.Object, java.lang.Object, java.lang.Object, java.lang.Object, java.lang.Object)'> (0x000000008354d1f8) 
thrown [s\src\hotspot\share\interpreter\linkResolver.cpp, line 771]
Event: 1.985 Thread 0x0000020975fdc960 Exception <a 'java/lang/NoSuchMethodError'{0x0000000083551ac8}: 'java.lang.Object java.lang.invoke.Invokers$Holder.invoker(java.lang.Object, java.lang.Object, java.lang.Object, java.lang.Object, java.lang.Object, java.lang.Object, java.lang.Object, java.lang.Object, java.lang.Object, java.lang.Object)'> (0x0000000083551ac8) 
thrown [s\src\hotspot\share\interpreter\linkResolver.cpp, line 771]
Event: 1.986 Thread 0x0000020975fdc960 Exception <a 'java/lang/NoSuchMethodError'{0x00000000835576d0}: 'java.lang.Object java.lang.invoke.DirectMethodHandle$Holder.invokeSpecial(java.lang.Object, java.lang.Object, java.lang.Object, java.lang.Object, java.lang.Object, java.lang.Object, java.lang.Object, java.lang.Object, java.lang.Object, java.lang.Object, java.lang.Object)'> (0x00000000835576d0) 
thrown [s\src\hotspot\share\interpreter\linkResolver.cpp, line 771]
Event: 2.079 Thread 0x0000020975fdc960 Exception <a 'java/lang/NoSuchMethodError'{0x0000000082efc588}: 'java.lang.Object java.lang.invoke.DirectMethodHandle$Holder.newInvokeSpecial(java.lang.Object, java.lang.Object, int)'> (0x0000000082efc588) 
thrown [s\src\hotspot\share\interpreter\linkResolver.cpp, line 771]
Event: 2.160 Thread 0x0000020975fdc960 Exception <a 'java/lang/NoSuchMethodError'{0x00000000828f2310}: 'int java.lang.invoke.DirectMethodHandle$Holder.invokeSpecialIFC(java.lang.Object, java.lang.Object, java.lang.Object, java.lang.Object)'> (0x00000000828f2310) 
thrown [s\src\hotspot\share\interpreter\linkResolver.cpp, line 771]
Event: 2.161 Thread 0x0000020975fdc960 Exception <a 'java/lang/NoSuchMethodError'{0x0000000082701940}: 'java.lang.Object java.lang.invoke.DirectMethodHandle$Holder.invokeInterface(java.lang.Object, java.lang.Object, java.lang.Object)'> (0x0000000082701940) 
thrown [s\src\hotspot\share\interpreter\linkResolver.cpp, line 771]
Event: 2.162 Thread 0x0000020975fdc960 Exception <a 'java/lang/IncompatibleClassChangeError'{0x0000000082705558}: Found class java.lang.Object, but interface was expected> (0x0000000082705558) 
thrown [s\src\hotspot\share\interpreter\linkResolver.cpp, line 838]
Event: 2.178 Thread 0x0000020975fdc960 Implicit null exception at 0x00000209612442d8 to 0x000002096124436a
Event: 2.189 Thread 0x0000020975fdc960 Exception <a 'java/lang/NoSuchMethodError'{0x00000000826f5a60}: 'int java.lang.invoke.DirectMethodHandle$Holder.invokeStatic(java.lang.Object, java.lang.Object, java.lang.Object, java.lang.Object)'> (0x00000000826f5a60) 
thrown [s\src\hotspot\share\interpreter\linkResolver.cpp, line 771]
Event: 2.189 Thread 0x0000020975fdc960 Exception <a 'java/lang/NoSuchMethodError'{0x00000000826f9688}: 'java.lang.Object java.lang.invoke.Invokers$Holder.invokeExact_MT(java.lang.Object, java.lang.Object, java.lang.Object, java.lang.Object, java.lang.Object, java.lang.Object)'> (0x00000000826f9688) 
thrown [s\src\hotspot\share\interpreter\linkResolver.cpp, line 771]
Event: 2.229 Thread 0x0000020975fdc960 Exception <a 'java/lang/IncompatibleClassChangeError'{0x00000000823d5dc0}: Found class java.lang.Object, but interface was expected> (0x00000000823d5dc0) 
thrown [s\src\hotspot\share\interpreter\linkResolver.cpp, line 838]
Event: 2.388 Thread 0x0000020975fdc960 Exception <a 'java/lang/NoSuchMethodError'{0x000000008f7bdc68}: 'int java.lang.invoke.DirectMethodHandle$Holder.invokeStaticInit(java.lang.Object, java.lang.Object, java.lang.Object)'> (0x000000008f7bdc68) 
thrown [s\src\hotspot\share\interpreter\linkResolver.cpp, line 771]

VM Operations (20 events):
Event: 1.688 Executing VM operation: HandshakeAllThreads
Event: 1.688 Executing VM operation: HandshakeAllThreads done
Event: 1.724 Executing VM operation: HandshakeAllThreads
Event: 1.724 Executing VM operation: HandshakeAllThreads done
Event: 1.774 Executing VM operation: ICBufferFull
Event: 1.774 Executing VM operation: ICBufferFull done
Event: 1.880 Executing VM operation: CollectForMetadataAllocation
Event: 1.885 Executing VM operation: CollectForMetadataAllocation done
Event: 1.888 Executing VM operation: G1PauseRemark
Event: 1.889 Executing VM operation: G1PauseRemark done
Event: 1.889 Executing VM operation: G1PauseCleanup
Event: 1.892 Executing VM operation: G1PauseCleanup done
Event: 1.968 Executing VM operation: HandshakeAllThreads
Event: 1.968 Executing VM operation: HandshakeAllThreads done
Event: 2.222 Executing VM operation: HandshakeAllThreads
Event: 2.222 Executing VM operation: HandshakeAllThreads done
Event: 2.222 Executing VM operation: HandshakeAllThreads
Event: 2.222 Executing VM operation: HandshakeAllThreads done
Event: 2.372 Executing VM operation: G1CollectForAllocation
Event: 2.377 Executing VM operation: G1CollectForAllocation done

Events (20 events):
Event: 2.325 loading class java/security/InvalidKeyException done
Event: 2.368 loading class java/util/regex/Pattern$Dollar
Event: 2.368 loading class java/util/regex/Pattern$Dollar done
Event: 2.379 loading class java/io/ObjectOutputStream
Event: 2.380 loading class java/io/ObjectOutput
Event: 2.380 loading class java/io/ObjectOutput done
Event: 2.380 loading class java/io/ObjectStreamConstants
Event: 2.380 loading class java/io/ObjectStreamConstants done
Event: 2.380 loading class java/io/ObjectOutputStream done
Event: 2.380 loading class java/io/ObjectInputStream
Event: 2.381 loading class java/io/ObjectInput
Event: 2.381 loading class java/io/ObjectInput done
Event: 2.381 loading class java/io/ObjectInputStream done
Event: 2.417 loading class java/lang/management/MemoryType
Event: 2.417 loading class java/lang/management/MemoryType done
Event: 2.418 loading class java/lang/management/MemoryUsage
Event: 2.418 loading class java/lang/management/MemoryUsage done
Event: 2.418 loading class java/util/concurrent/LinkedBlockingDeque$Node
Event: 2.418 loading class java/util/concurrent/LinkedBlockingDeque$Node done
Event: 2.480 Thread 0x00000209789be2a0 Thread added: 0x00000209789be2a0


Dynamic libraries:
0x00007ff7467a0000 - 0x00007ff7467aa000 	C:\Program Files\Android\Android Studio\jbr\bin\java.exe
0x00007ff965d30000 - 0x00007ff965f28000 	C:\windows\SYSTEM32\ntdll.dll
0x00007ff964520000 - 0x00007ff9645e2000 	C:\windows\System32\KERNEL32.DLL
0x00007ff9638f0000 - 0x00007ff963bef000 	C:\windows\System32\KERNELBASE.dll
0x00007ff963bf0000 - 0x00007ff963cf0000 	C:\windows\System32\ucrtbase.dll
0x00007ff95a630000 - 0x00007ff95a64b000 	C:\Program Files\Android\Android Studio\jbr\bin\VCRUNTIME140.dll
0x00007ff94c020000 - 0x00007ff94c037000 	C:\Program Files\Android\Android Studio\jbr\bin\jli.dll
0x00007ff9645f0000 - 0x00007ff96478d000 	C:\windows\System32\USER32.dll
0x00007ff962720000 - 0x00007ff9629ba000 	C:\windows\WinSxS\amd64_microsoft.windows.common-controls_6595b64144ccf1df_6.0.19041.4355_none_60b8b9eb71f62e16\COMCTL32.dll
0x00007ff963580000 - 0x00007ff9635a2000 	C:\windows\System32\win32u.dll
0x00007ff964850000 - 0x00007ff9648ee000 	C:\windows\System32\msvcrt.dll
0x00007ff965b90000 - 0x00007ff965bbb000 	C:\windows\System32\GDI32.dll
0x00007ff963460000 - 0x00007ff963577000 	C:\windows\System32\gdi32full.dll
0x00007ff963850000 - 0x00007ff9638ed000 	C:\windows\System32\msvcp_win.dll
0x00007ff965880000 - 0x00007ff9658af000 	C:\windows\System32\IMM32.DLL
0x00007ff94db00000 - 0x00007ff94db0c000 	C:\Program Files\Android\Android Studio\jbr\bin\vcruntime140_1.dll
0x00007ff92e2f0000 - 0x00007ff92e37d000 	C:\Program Files\Android\Android Studio\jbr\bin\msvcp140.dll
0x00007ff927230000 - 0x00007ff927eb3000 	C:\Program Files\Android\Android Studio\jbr\bin\server\jvm.dll
0x00007ff9648f0000 - 0x00007ff9649a1000 	C:\windows\System32\ADVAPI32.dll
0x00007ff964a80000 - 0x00007ff964b1f000 	C:\windows\System32\sechost.dll
0x00007ff965bc0000 - 0x00007ff965ce3000 	C:\windows\System32\RPCRT4.dll
0x00007ff963430000 - 0x00007ff963457000 	C:\windows\System32\bcrypt.dll
0x00007ff95e9b0000 - 0x00007ff95e9b9000 	C:\windows\SYSTEM32\WSOCK32.dll
0x00007ff960e30000 - 0x00007ff960e3a000 	C:\windows\SYSTEM32\VERSION.dll
0x00007ff963220000 - 0x00007ff96326b000 	C:\windows\SYSTEM32\POWRPROF.dll
0x00007ff965380000 - 0x00007ff9653eb000 	C:\windows\System32\WS2_32.dll
0x00007ff955340000 - 0x00007ff955367000 	C:\windows\SYSTEM32\WINMM.dll
0x00007ff963200000 - 0x00007ff963212000 	C:\windows\SYSTEM32\UMPDC.dll
0x00007ff960dc0000 - 0x00007ff960dd2000 	C:\windows\SYSTEM32\kernel.appcore.dll
0x00007ff95e760000 - 0x00007ff95e76a000 	C:\Program Files\Android\Android Studio\jbr\bin\jimage.dll
0x00007ff962b10000 - 0x00007ff962cf4000 	C:\windows\SYSTEM32\DBGHELP.DLL
0x00007ff962ad0000 - 0x00007ff962b04000 	C:\windows\SYSTEM32\dbgcore.DLL
0x00007ff9637c0000 - 0x00007ff963842000 	C:\windows\System32\bcryptPrimitives.dll
0x00007ff94dbf0000 - 0x00007ff94dbfe000 	C:\Program Files\Android\Android Studio\jbr\bin\instrument.dll
0x00007ff94dc00000 - 0x00007ff94dc25000 	C:\Program Files\Android\Android Studio\jbr\bin\java.dll
0x00007ff95a6b0000 - 0x00007ff95a6c8000 	C:\Program Files\Android\Android Studio\jbr\bin\zip.dll
0x00007ff963db0000 - 0x00007ff96451e000 	C:\windows\System32\SHELL32.dll
0x00007ff9605e0000 - 0x00007ff960d84000 	C:\windows\SYSTEM32\windows.storage.dll
0x00007ff9653f0000 - 0x00007ff965745000 	C:\windows\System32\combase.dll
0x00007ff962680000 - 0x00007ff9626af000 	C:\windows\SYSTEM32\Wldp.dll
0x00007ff9649b0000 - 0x00007ff964a7d000 	C:\windows\System32\OLEAUT32.dll
0x00007ff965750000 - 0x00007ff9657fd000 	C:\windows\System32\SHCORE.dll
0x00007ff9651d0000 - 0x00007ff965225000 	C:\windows\System32\shlwapi.dll
0x00007ff9632f0000 - 0x00007ff963314000 	C:\windows\SYSTEM32\profapi.dll
0x00007ff95a5d0000 - 0x00007ff95a5e9000 	C:\Program Files\Android\Android Studio\jbr\bin\net.dll
0x00007ff95ac80000 - 0x00007ff95ad8d000 	C:\windows\SYSTEM32\WINHTTP.dll
0x00007ff962360000 - 0x00007ff9623ca000 	C:\windows\system32\mswsock.dll
0x00007ff95a590000 - 0x00007ff95a5a6000 	C:\Program Files\Android\Android Studio\jbr\bin\nio.dll
0x00007ff95c160000 - 0x00007ff95c170000 	C:\Program Files\Android\Android Studio\jbr\bin\verify.dll
0x00007ff9474a0000 - 0x00007ff9474c7000 	C:\Users\Andrey\.gradle\native\c067742578af261105cb4f569cf0c3c89f3d7b1fecec35dd04571415982c5e48\windows-amd64\native-platform.dll
0x00007ff92f470000 - 0x00007ff92f5b4000 	C:\Users\Andrey\.gradle\native\100fb08df4bc3b14c8652ba06237920a3bd2aa13389f12d3474272988ae205f9\windows-amd64\native-platform-file-events.dll
0x00007ff95a680000 - 0x00007ff95a689000 	C:\Program Files\Android\Android Studio\jbr\bin\management.dll
0x00007ff956b80000 - 0x00007ff956b8b000 	C:\Program Files\Android\Android Studio\jbr\bin\management_ext.dll
0x00007ff964790000 - 0x00007ff964798000 	C:\windows\System32\PSAPI.DLL
0x00007ff963060000 - 0x00007ff963078000 	C:\windows\SYSTEM32\CRYPTSP.dll
0x00007ff961d60000 - 0x00007ff961d94000 	C:\windows\system32\rsaenh.dll
0x00007ff963270000 - 0x00007ff96329e000 	C:\windows\SYSTEM32\USERENV.dll
0x00007ff962590000 - 0x00007ff96259c000 	C:\windows\SYSTEM32\CRYPTBASE.dll
0x00007ff9620c0000 - 0x00007ff9620fb000 	C:\windows\SYSTEM32\IPHLPAPI.DLL
0x00007ff963d40000 - 0x00007ff963d48000 	C:\windows\System32\NSI.dll
0x00007ff95b940000 - 0x00007ff95b957000 	C:\windows\SYSTEM32\dhcpcsvc6.DLL
0x00007ff95b8e0000 - 0x00007ff95b8fd000 	C:\windows\SYSTEM32\dhcpcsvc.DLL
0x00007ff962100000 - 0x00007ff9621ca000 	C:\windows\SYSTEM32\DNSAPI.dll
0x00007ff95a9f0000 - 0x00007ff95a9f9000 	C:\Program Files\Android\Android Studio\jbr\bin\extnet.dll
0x00007ff905870000 - 0x00007ff905877000 	C:\windows\system32\wshunix.dll

dbghelp: loaded successfully - version: 4.0.5 - missing functions: none
symbol engine: initialized successfully - sym options: 0x614 - pdb path: .;C:\Program Files\Android\Android Studio\jbr\bin;C:\windows\SYSTEM32;C:\windows\WinSxS\amd64_microsoft.windows.common-controls_6595b64144ccf1df_6.0.19041.4355_none_60b8b9eb71f62e16;C:\Program Files\Android\Android Studio\jbr\bin\server;C:\Users\Andrey\.gradle\native\c067742578af261105cb4f569cf0c3c89f3d7b1fecec35dd04571415982c5e48\windows-amd64;C:\Users\Andrey\.gradle\native\100fb08df4bc3b14c8652ba06237920a3bd2aa13389f12d3474272988ae205f9\windows-amd64

VM Arguments:
jvm_args: --add-opens=java.base/java.util=ALL-UNNAMED --add-opens=java.base/java.lang=ALL-UNNAMED --add-opens=java.base/java.lang.invoke=ALL-UNNAMED --add-opens=java.prefs/java.util.prefs=ALL-UNNAMED --add-exports=jdk.compiler/com.sun.tools.javac.api=ALL-UNNAMED --add-exports=jdk.compiler/com.sun.tools.javac.util=ALL-UNNAMED --add-opens=java.base/java.nio.charset=ALL-UNNAMED --add-opens=java.base/java.net=ALL-UNNAMED --add-opens=java.base/java.util.concurrent.atomic=ALL-UNNAMED -Xmx2048m -Dfile.encoding=UTF-8 -Duser.country=RU -Duser.language=ru -Duser.variant -javaagent:C:\Users\Andrey\.gradle\wrapper\dists\gradle-8.9-all\6m0mbzute7p0zdleavqlib88a\gradle-8.9\lib\agents\gradle-instrumentation-agent-8.9.jar 
java_command: org.gradle.launcher.daemon.bootstrap.GradleDaemon 8.9
java_class_path (initial): C:\Users\Andrey\.gradle\wrapper\dists\gradle-8.9-all\6m0mbzute7p0zdleavqlib88a\gradle-8.9\lib\gradle-daemon-main-8.9.jar
Launcher Type: SUN_STANDARD

[Global flags]
     intx CICompilerCount                          = 4                                         {product} {ergonomic}
     uint ConcGCThreads                            = 3                                         {product} {ergonomic}
     uint G1ConcRefinementThreads                  = 10                                        {product} {ergonomic}
   size_t G1HeapRegionSize                         = 1048576                                   {product} {ergonomic}
    uintx GCDrainStackTargetSize                   = 64                                        {product} {ergonomic}
   size_t InitialHeapSize                          = 260046848                                 {product} {ergonomic}
   size_t MarkStackSize                            = 4194304                                   {product} {ergonomic}
   size_t MaxHeapSize                              = 2147483648                                {product} {command line}
   size_t MaxNewSize                               = 1287651328                                {product} {ergonomic}
   size_t MinHeapDeltaBytes                        = 1048576                                   {product} {ergonomic}
   size_t MinHeapSize                              = 8388608                                   {product} {ergonomic}
    uintx NonNMethodCodeHeapSize                   = 5839372                                {pd product} {ergonomic}
    uintx NonProfiledCodeHeapSize                  = 122909434                              {pd product} {ergonomic}
    uintx ProfiledCodeHeapSize                     = 122909434                              {pd product} {ergonomic}
    uintx ReservedCodeCacheSize                    = 251658240                              {pd product} {ergonomic}
     bool SegmentedCodeCache                       = true                                      {product} {ergonomic}
   size_t SoftMaxHeapSize                          = 2147483648                             {manageable} {ergonomic}
     bool UseCompressedClassPointers               = true                           {product lp64_product} {ergonomic}
     bool UseCompressedOops                        = true                           {product lp64_product} {ergonomic}
     bool UseG1GC                                  = true                                      {product} {ergonomic}
     bool UseLargePagesIndividualAllocation        = false                                  {pd product} {ergonomic}

Logging:
Log output configuration:
 #0: stdout all=warning uptime,level,tags
 #1: stderr all=off uptime,level,tags

Environment Variables:
PATH=C:\Program Files\Common Files\Oracle\Java\javapath;C:\Program Files (x86)\Common Files\Oracle\Java\java8path;C:\Program Files (x86)\Common Files\Oracle\Java\javapath;C:\windows\system32;C:\windows;C:\windows\System32\Wbem;C:\windows\System32\WindowsPowerShell\v1.0\;C:\windows\System32\OpenSSH\;C:\Program Files\PuTTY\;C:\PHP-7.4;C:\Program Files\Perforce\;C:\Program Files\WireGuard\;C:\Users\Andrey\AppData\Local\Android\Sdk\platform-tools\;C:\Program Files\Git\cmd;C:\Users\Andrey\AppData\Local\Microsoft\WindowsApps;C:\Users\Andrey\AppData\Local\JetBrains\Toolbox\scripts;C:\Users\Andrey\AppData\Local\Android\Sdk\platform-tools\adb.exe;;C:\Users\Andrey\AppData\Local\Programs\Microsoft VS Code\bin
USERNAME=Andrey
OS=Windows_NT
PROCESSOR_IDENTIFIER=AMD64 Family 23 Model 96 Stepping 1, AuthenticAMD
TMP=C:\Users\Andrey\AppData\Local\Temp
TEMP=C:\Users\Andrey\AppData\Local\Temp



Periodic native trim disabled

JNI global refs:
JNI global refs: 24, weak refs: 0

JNI global refs memory usage: 843, weak refs: 841

Process memory usage:
Resident Set Size: 209804K (1% of 16170224K total physical memory with 1711272K free physical memory)

OOME stack traces (most recent first):
Classloader memory used:
Loader bootstrap                                                                       : 1907K
Loader org.gradle.internal.classloader.VisitableURLClassLoader                         : 1407K
Loader org.gradle.initialization.MixInLegacyTypesClassLoader                           : 234K
Loader jdk.internal.loader.ClassLoaders$AppClassLoader                                 : 28701B
Loader jdk.internal.loader.ClassLoaders$PlatformClassLoader                            : 16828B
Loader jdk.internal.reflect.DelegatingClassLoader                                      : 3310B

Classes loaded by more than one classloader:
Class org.gradle.internal.installation.GradleInstallation                             : loaded 2 times (x 73B)
Class org.gradle.internal.classpath.ClassPath                                         : loaded 2 times (x 68B)
Class org.gradle.api.internal.classpath.DefaultModuleRegistry                         : loaded 2 times (x 81B)
Class org.gradle.api.Action                                                           : loaded 2 times (x 68B)
Class org.gradle.api.internal.DefaultClassPathProvider                                : loaded 2 times (x 74B)
Class org.gradle.internal.installation.GradleInstallation$1                           : loaded 2 times (x 73B)
Class org.gradle.internal.classloader.FilteringClassLoader                            : loaded 2 times (x 103B)
Class org.gradle.internal.classpath.DefaultClassPath$ImmutableUniqueList$Builder      : loaded 2 times (x 73B)
Class org.gradle.internal.classloader.ClassLoaderVisitor                              : loaded 2 times (x 74B)
Class org.gradle.internal.service.DefaultServiceLocator                               : loaded 2 times (x 81B)
Class org.gradle.internal.service.UnknownServiceException                             : loaded 2 times (x 81B)
Class org.gradle.internal.classloader.DefaultClassLoaderFactory                       : loaded 2 times (x 80B)
Class org.gradle.internal.classloader.VisitableURLClassLoader$Spec                    : loaded 2 times (x 72B)
Class org.gradle.api.GradleException                                                  : loaded 2 times (x 80B)
Class org.gradle.api.internal.classpath.ModuleRegistry                                : loaded 2 times (x 68B)
Class org.gradle.api.internal.ClassPathProvider                                       : loaded 2 times (x 68B)
Class org.gradle.internal.classloader.ClasspathUtil$1                                 : loaded 2 times (x 74B)
Class org.gradle.internal.classloader.ClassLoaderFactory                              : loaded 2 times (x 68B)
Class org.gradle.api.internal.classpath.ManifestUtil                                  : loaded 2 times (x 69B)
Class org.gradle.api.specs.Spec                                                       : loaded 2 times (x 68B)
Class org.gradle.internal.IoActions                                                   : loaded 2 times (x 69B)
Class org.gradle.api.internal.classpath.EffectiveClassPath                            : loaded 2 times (x 88B)
Class org.gradle.internal.installation.CurrentGradleInstallation                      : loaded 2 times (x 71B)
Class org.gradle.internal.agents.InstrumentingClassLoader                             : loaded 2 times (x 68B)
Class org.gradle.internal.installation.CurrentGradleInstallationLocator               : loaded 2 times (x 69B)
Class org.gradle.api.internal.classpath.Module                                        : loaded 2 times (x 68B)
Class org.gradle.internal.service.CachingServiceLocator                               : loaded 2 times (x 80B)
Class org.gradle.internal.classpath.DefaultClassPath                                  : loaded 2 times (x 88B)
Class org.gradle.internal.classloader.SystemClassLoaderSpec                           : loaded 2 times (x 69B)
Class org.gradle.api.UncheckedIOException                                             : loaded 2 times (x 80B)
Class org.gradle.internal.classloader.ClasspathUtil                                   : loaded 2 times (x 69B)
Class org.gradle.api.internal.DefaultClassPathRegistry                                : loaded 2 times (x 74B)
Class org.gradle.api.internal.classpath.DefaultModuleRegistry$DefaultModule           : loaded 2 times (x 84B)
Class org.gradle.api.internal.classpath.UnknownModuleException                        : loaded 2 times (x 80B)
Class org.gradle.internal.service.ServiceLookupException                              : loaded 2 times (x 80B)
Class [Lorg.gradle.api.internal.ClassPathProvider;                                    : loaded 2 times (x 67B)
Class org.gradle.util.internal.GUtil                                                  : loaded 2 times (x 69B)
Class org.gradle.internal.classloader.ClassLoaderSpec                                 : loaded 2 times (x 69B)
Class org.gradle.internal.classloader.VisitableURLClassLoader                         : loaded 2 times (x 115B)
Class org.gradle.internal.Cast                                                        : loaded 2 times (x 69B)
Class org.gradle.api.internal.ClassPathRegistry                                       : loaded 2 times (x 68B)
Class org.gradle.internal.classloader.VisitableURLClassLoader$InstrumentingVisitableURLClassLoader: loaded 2 times (x 121B)
Class org.gradle.internal.classloader.ClassLoaderHierarchy                            : loaded 2 times (x 68B)
Class org.gradle.internal.InternalTransformer                                         : loaded 2 times (x 68B)
Class org.gradle.internal.service.ServiceLocator                                      : loaded 2 times (x 68B)
Class org.gradle.internal.classpath.DefaultClassPath$ImmutableUniqueList              : loaded 2 times (x 159B)
Class org.gradle.internal.classpath.TransformedClassPath                              : loaded 2 times (x 94B)


---------------  S Y S T E M  ---------------

OS:
 Windows 10 , 64 bit Build 19041 (10.0.19041.5198)
OS uptime: 2 days 0:33 hours

CPU: total 12 (initial active 12) (12 cores per cpu, 2 threads per core) family 23 model 96 stepping 1 microcode 0x0, cx8, cmov, fxsr, ht, mmx, 3dnowpref, sse, sse2, sse3, ssse3, sse4a, sse4.1, sse4.2, popcnt, lzcnt, tsc, tscinvbit, avx, avx2, aes, clmul, bmi1, bmi2, adx, sha, fma, vzeroupper, clflush, clflushopt
Processor Information for all 12 processors :
  Max Mhz: 2100, Current Mhz: 2100, Mhz Limit: 2100

Memory: 4k page, system-wide physical 15791M (1669M free)
TotalPageFile size 27567M (AvailPageFile size 9300M)
current process WorkingSet (physical memory assigned to process): 207M, peak: 207M
current process commit charge ("private bytes"): 252M, peak: 387M

vm_info: OpenJDK 64-Bit Server VM (17.0.11+0--11852314) for windows-amd64 JRE (17.0.11+0--11852314), built on May 16 2024 21:29:20 by "androidbuild" with MS VC++ 16.10 / 16.11 (VS2019)

END.
