#
# A fatal error has been detected by the Java Runtime Environment:
#
#  EXCEPTION_ACCESS_VIOLATION (0xc0000005) at pc=0x00007ff9274d6c95, pid=8668, tid=3436
#
# JRE version: OpenJDK Runtime Environment (17.0.11) (build 17.0.11+0--11852314)
# Java VM: OpenJDK 64-Bit Server VM (17.0.11+0--11852314, mixed mode, tiered, compressed oops, compressed class ptrs, g1 gc, windows-amd64)
# Problematic frame:
# V  [jvm.dll+0x2a6c95]
#
# No core dump will be written. Minidumps are not enabled by default on client versions of Windows
#
# If you would like to submit a bug report, please visit:
#   https://bugreport.java.com/bugreport/crash.jsp
#

---------------  S U M M A R Y ------------

Command Line: --add-opens=java.base/java.util=ALL-UNNAMED --add-opens=java.base/java.lang=ALL-UNNAMED --add-opens=java.base/java.lang.invoke=ALL-UNNAMED --add-opens=java.prefs/java.util.prefs=ALL-UNNAMED --add-exports=jdk.compiler/com.sun.tools.javac.api=ALL-UNNAMED --add-exports=jdk.compiler/com.sun.tools.javac.util=ALL-UNNAMED --add-opens=java.base/java.nio.charset=ALL-UNNAMED --add-opens=java.base/java.net=ALL-UNNAMED --add-opens=java.base/java.util.concurrent.atomic=ALL-UNNAMED -Xmx2048m -Dfile.encoding=UTF-8 -Duser.country=RU -Duser.language=ru -Duser.variant -javaagent:C:\Users\Andrey\.gradle\wrapper\dists\gradle-8.9-all\6m0mbzute7p0zdleavqlib88a\gradle-8.9\lib\agents\gradle-instrumentation-agent-8.9.jar org.gradle.launcher.daemon.bootstrap.GradleDaemon 8.9

Host: AMD Ryzen 5 4600U with Radeon Graphics         , 12 cores, 15G,  Windows 10 , 64 bit Build 19041 (10.0.19041.5198)
Time: Thu Jan 23 15:55:21 2025  Windows 10 , 64 bit Build 19041 (10.0.19041.5198) elapsed time: 5.874446 seconds (0d 0h 0m 5s)

---------------  T H R E A D  ---------------

Current thread (0x0000023fff3a6b50):  JavaThread "C2 CompilerThread0" daemon [_thread_in_native, id=3436, stack(0x0000005977c00000,0x0000005977d00000)]


Current CompileTask:
C2:   5874 6537       4       org.gradle.internal.snapshot.PathUtil::compareCharsIgnoringCase (46 bytes)

Stack: [0x0000005977c00000,0x0000005977d00000],  sp=0x0000005977cfb950,  free space=1006k
Native frames: (J=compiled Java code, j=interpreted, Vv=VM code, C=native code)
V  [jvm.dll+0x2a6c95]
V  [jvm.dll+0x803a80]
V  [jvm.dll+0x1266b6]
V  [jvm.dll+0x126ad3]
V  [jvm.dll+0x12651e]
V  [jvm.dll+0x68d115]
V  [jvm.dll+0x21c2a8]
V  [jvm.dll+0x21b311]
V  [jvm.dll+0x1a63ed]
V  [jvm.dll+0x22b1ee]
V  [jvm.dll+0x229375]
V  [jvm.dll+0x7f5647]
V  [jvm.dll+0x7efa4a]
V  [jvm.dll+0x686a35]
C  [ucrtbase.dll+0x21bb2]
C  [KERNEL32.DLL+0x17374]
C  [ntdll.dll+0x4cc91]


siginfo: EXCEPTION_ACCESS_VIOLATION (0xc0000005), reading address 0xffffffffffffffff


Registers:
RAX=0x00000000fffffe8d, RBX=0x0200023f97a6cf10, RCX=0x0000000000000200, RDX=0x00000000ffffff45
RSP=0x0000005977cfb950, RBP=0x0000023f9aba9a90, RSI=0x0000023f9aba9a90, RDI=0x0000000000000000
R8 =0x0000023f956469a0, R9 =0x0000000000000000, R10=0x0000000000000002, R11=0x0000000000000010
R12=0x00000000fffffe8d, R13=0x0000000000000000, R14=0x0000023f956469a0, R15=0x0000023f956469a0
RIP=0x00007ff9274d6c95, EFLAGS=0x0000000000010202


Register to memory mapping:

RIP=0x00007ff9274d6c95 jvm.dll
RAX=0x00000000fffffe8d is an unallocated location in the heap
RBX=0x0200023f97a6cf10 is an unknown value
RCX=0x0000000000000200 is an unknown value
RDX=0x00000000ffffff45 is an unallocated location in the heap
RSP=0x0000005977cfb950 is pointing into the stack for thread: 0x0000023fff3a6b50
RBP=0x0000023f9aba9a90 points into unknown readable memory: 0x0000005977cfecb0 | b0 ec cf 77 59 00 00 00
RSI=0x0000023f9aba9a90 points into unknown readable memory: 0x0000005977cfecb0 | b0 ec cf 77 59 00 00 00
RDI=0x0 is NULL
R8 =0x0000023f956469a0 points into unknown readable memory: 0x00007ff927c09158 | 58 91 c0 27 f9 7f 00 00
R9 =0x0 is NULL
R10=0x0000000000000002 is an unknown value
R11=0x0000000000000010 is an unknown value
R12=0x00000000fffffe8d is an unallocated location in the heap
R13=0x0 is NULL
R14=0x0000023f956469a0 points into unknown readable memory: 0x00007ff927c09158 | 58 91 c0 27 f9 7f 00 00
R15=0x0000023f956469a0 points into unknown readable memory: 0x00007ff927c09158 | 58 91 c0 27 f9 7f 00 00


Top of Stack: (sp=0x0000005977cfb950)
0x0000005977cfb950:   0000023f97b0d1c0 0000000000000200
0x0000005977cfb960:   0000000000350000 0000000007530000
0x0000005977cfb970:   0000000000000020 00007ff9274d6f5b
0x0000005977cfb980:   0000000000000020 0000000000000050
0x0000005977cfb990:   0000000000000008 0000023f966e8dc8
0x0000005977cfb9a0:   0000023f966e9778 00007ff927a33a80
0x0000005977cfb9b0:   0000023f956469a0 0000023f9aba9a90
0x0000005977cfb9c0:   0000023fff33e5b0 0000000000000000
0x0000005977cfb9d0:   0000023f966e8dc8 0000000000000010
0x0000005977cfb9e0:   0000023f966e9778 00007ff9273566b6
0x0000005977cfb9f0:   0000000000000080 0000023f99315d50
0x0000005977cfba00:   0000000000000004 00007ff9272dc6d9
0x0000005977cfba10:   0000023f00010000 0000000000000080
0x0000005977cfba20:   0000000000000020 0000000000000010
0x0000005977cfba30:   0000023f9628c780 0000000000000004
0x0000005977cfba40:   0000023f952764a0 0000000000000254
0x0000005977cfba50:   0000005977cfc050 0000000000000253
0x0000005977cfba60:   00000000ffffffff 0000023f985cfa30
0x0000005977cfba70:   0000000000000006 0000023f97b0b0a0
0x0000005977cfba80:   0000023f966e8dc8 00007ff927356ad3
0x0000005977cfba90:   0000023f985cfa30 0000023f00000004
0x0000005977cfbaa0:   0000000000000254 0000005977cfc050
0x0000005977cfbab0:   0000023f97b0cb00 00007ff927357462
0x0000005977cfbac0:   0000005977cfcf00 0000000000000000
0x0000005977cfbad0:   0000023f97b0e230 0000023f95279d80
0x0000005977cfbae0:   0000023f95279c20 0000023f985cfa30
0x0000005977cfbaf0:   0000005977cfbbb9 00007ff92735651e
0x0000005977cfbb00:   0000000000000002 0000000000000001
0x0000005977cfbb10:   0000023f00000254 0000023f97b0b0a0
0x0000005977cfbb20:   0000023fff3a61b0 0000023f97b0b0a0
0x0000005977cfbb30:   0000000000000020 0000023fff3a61b0
0x0000005977cfbb40:   0000023f97b0c8b0 0000023f00000016 

Instructions: (pc=0x00007ff9274d6c95)
0x00007ff9274d6b95:   74 32 44 8b 41 08 03 d2 49 8b 43 08 4d 03 c0 4a
0x00007ff9274d6ba5:   8b 44 c0 08 48 8b 0c d0 ff c2 49 89 4a 10 49 8b
0x00007ff9274d6bb5:   43 08 4a 8b 4c c0 08 48 8b 04 d1 49 89 42 18 48
0x00007ff9274d6bc5:   83 c4 08 c3 8b 41 08 48 89 1c 24 ff c0 41 89 42
0x00007ff9274d6bd5:   08 41 3b 43 10 73 5f 49 8b 4b 08 8b d0 48 03 d2
0x00007ff9274d6be5:   8b d8 44 8b 0c d1 45 89 4a 0c 45 85 c9 74 dc 41
0x00007ff9274d6bf5:   ff c9 44 8b c3 45 89 4a 0c 4d 03 c0 49 8b 53 08
0x00007ff9274d6c05:   48 03 db 43 8d 0c 09 4a 8b 44 c2 08 42 8d 14 4d
0x00007ff9274d6c15:   01 00 00 00 48 8b 0c c8 49 89 4a 10 49 8b 43 08
0x00007ff9274d6c25:   48 8b 4c d8 08 48 8b 04 d1 49 89 42 18 48 8b 1c
0x00007ff9274d6c35:   24 48 83 c4 08 c3 33 c0 49 89 42 10 49 89 42 18
0x00007ff9274d6c45:   48 8b 1c 24 48 83 c4 08 c3 cc cc 48 89 5c 24 08
0x00007ff9274d6c55:   48 89 6c 24 10 48 89 74 24 18 57 41 54 41 55 41
0x00007ff9274d6c65:   56 41 57 48 83 ec 30 48 8b f1 45 0f b6 e9 48 8b
0x00007ff9274d6c75:   ca 4d 8b f8 4c 8b f2 ff 56 18 8b 4e 10 33 ff 44
0x00007ff9274d6c85:   8b e0 8d 59 ff 49 23 dc 48 c1 e3 04 48 03 5e 08
0x00007ff9274d6c95:   39 3b 76 2b 0f 1f 80 00 00 00 00 48 8b 53 08 8d
0x00007ff9274d6ca5:   04 3f 49 8b ce 8b e8 48 8b 14 c2 ff 56 20 85 c0
0x00007ff9274d6cb5:   0f 84 84 00 00 00 ff c7 3b 3b 72 df 8b 4e 10 ff
0x00007ff9274d6cc5:   46 14 39 4e 14 76 18 48 8b ce e8 2c 01 00 00 8b
0x00007ff9274d6cd5:   5e 10 ff cb 49 23 dc 48 c1 e3 04 48 03 5e 08 8b
0x00007ff9274d6ce5:   43 04 39 03 0f 85 a5 00 00 00 48 8b 53 08 48 85
0x00007ff9274d6cf5:   d2 75 77 c7 43 04 02 00 00 00 48 8b 3e 48 8b 47
0x00007ff9274d6d05:   18 48 83 f8 df 76 18 4c 8d 05 c5 db 67 00 ba 20
0x00007ff9274d6d15:   00 00 00 48 8b cf e8 e0 60 e0 ff 48 8b 47 18 48
0x00007ff9274d6d25:   8d 48 20 48 3b 4f 20 76 3b 45 33 c0 48 8b cf 41
0x00007ff9274d6d35:   8d 50 20 e8 13 5e e0 ff eb 51 48 8b 4b 08 8d 04
0x00007ff9274d6d45:   7d 01 00 00 00 48 8d 14 c5 00 00 00 00 48 8b 04
0x00007ff9274d6d55:   0a 45 84 ed 74 5b 4c 89 34 e9 48 8b 4b 08 4c 89
0x00007ff9274d6d65:   3c 0a eb 4d 48 89 4f 18 eb 21 48 8b 0e 4c 8b c0
0x00007ff9274d6d75:   4c 8b c8 49 c1 e0 04 49 c1 e1 05 c7 44 24 20 00
0x00007ff9274d6d85:   00 00 00 e8 23 58 e0 ff d1 63 04 48 89 43 08 8b 


Stack slot to memory mapping:
stack at sp + 0 slots: 0x0000023f97b0d1c0 points into unknown readable memory: 0x0000000800000006 | 06 00 00 00 08 00 00 00
stack at sp + 1 slots: 0x0000000000000200 is an unknown value
stack at sp + 2 slots: 0x0000000000350000 is an unknown value
stack at sp + 3 slots: 0x0000000007530000 is an unknown value
stack at sp + 4 slots: 0x0000000000000020 is an unknown value
stack at sp + 5 slots: 0x00007ff9274d6f5b jvm.dll
stack at sp + 6 slots: 0x0000000000000020 is an unknown value
stack at sp + 7 slots: 0x0000000000000050 is an unknown value


---------------  P R O C E S S  ---------------

Threads class SMR info:
_java_thread_list=0x0000023f9a379570, length=57, elements={
0x0000023ff5ef2970, 0x0000023fff3389b0, 0x0000023fff339ee0, 0x0000023fff3ab340,
0x0000023fff3abd10, 0x0000023fff3acdf0, 0x0000023fff3a3f40, 0x0000023fff3a6b50,
0x0000023fff3b1f70, 0x0000023fff3b6b30, 0x0000023fff19e1c0, 0x0000023fff66c2c0,
0x0000023f962cddd0, 0x0000023f970901f0, 0x0000023f97138300, 0x0000023f950bbf70,
0x0000023f97030450, 0x0000023f97030960, 0x0000023f97031380, 0x0000023f9702e5f0,
0x0000023f9702e0e0, 0x0000023f97030e70, 0x0000023f9702ff40, 0x0000023f9702eb00,
0x0000023f9702f010, 0x0000023f9702f520, 0x0000023f97602040, 0x0000023f97e42850,
0x0000023f97e45af0, 0x0000023f97e46000, 0x0000023f97e40f00, 0x0000023f97e47440,
0x0000023f97e43270, 0x0000023f97e46510, 0x0000023f97e43c90, 0x0000023f97e43780,
0x0000023f97e46a20, 0x0000023f97e41920, 0x0000023f97e44bc0, 0x0000023f996d5d30,
0x0000023f996d8fd0, 0x0000023f996d85b0, 0x0000023f996d7b90, 0x0000023f996d6c60,
0x0000023f996d2070, 0x0000023f996d34b0, 0x0000023f996d2580, 0x0000023f996d6240,
0x0000023f996d5310, 0x0000023f996d2fa0, 0x0000023f996d5820, 0x0000023f996d7170,
0x0000023f996d4e00, 0x0000023f996d6750, 0x0000023f996d2a90, 0x0000023f996d7680,
0x0000023f996d94e0
}

Java Threads: ( => current thread )
  0x0000023ff5ef2970 JavaThread "main" [_thread_blocked, id=2884, stack(0x0000005976f00000,0x0000005977000000)]
  0x0000023fff3389b0 JavaThread "Reference Handler" daemon [_thread_blocked, id=17868, stack(0x0000005977600000,0x0000005977700000)]
  0x0000023fff339ee0 JavaThread "Finalizer" daemon [_thread_blocked, id=9940, stack(0x0000005977700000,0x0000005977800000)]
  0x0000023fff3ab340 JavaThread "Signal Dispatcher" daemon [_thread_blocked, id=14356, stack(0x0000005977800000,0x0000005977900000)]
  0x0000023fff3abd10 JavaThread "Attach Listener" daemon [_thread_blocked, id=10016, stack(0x0000005977900000,0x0000005977a00000)]
  0x0000023fff3acdf0 JavaThread "Service Thread" daemon [_thread_blocked, id=13876, stack(0x0000005977a00000,0x0000005977b00000)]
  0x0000023fff3a3f40 JavaThread "Monitor Deflation Thread" daemon [_thread_blocked, id=7516, stack(0x0000005977b00000,0x0000005977c00000)]
=>0x0000023fff3a6b50 JavaThread "C2 CompilerThread0" daemon [_thread_in_native, id=3436, stack(0x0000005977c00000,0x0000005977d00000)]
  0x0000023fff3b1f70 JavaThread "C1 CompilerThread0" daemon [_thread_in_native, id=16620, stack(0x0000005977d00000,0x0000005977e00000)]
  0x0000023fff3b6b30 JavaThread "Sweeper thread" daemon [_thread_blocked, id=740, stack(0x0000005977e00000,0x0000005977f00000)]
  0x0000023fff19e1c0 JavaThread "Common-Cleaner" daemon [_thread_blocked, id=17804, stack(0x0000005977f00000,0x0000005978000000)]
  0x0000023fff66c2c0 JavaThread "Notification Thread" daemon [_thread_blocked, id=18712, stack(0x0000005978000000,0x0000005978100000)]
  0x0000023f962cddd0 JavaThread "C2 CompilerThread1" daemon [_thread_in_native, id=2964, stack(0x0000005978200000,0x0000005978300000)]
  0x0000023f970901f0 JavaThread "Daemon health stats" [_thread_blocked, id=13888, stack(0x0000005978300000,0x0000005978400000)]
  0x0000023f97138300 JavaThread "Incoming local TCP Connector on port 49429" [_thread_in_native, id=12272, stack(0x0000005978800000,0x0000005978900000)]
  0x0000023f950bbf70 JavaThread "Daemon periodic checks" [_thread_blocked, id=5476, stack(0x0000005978900000,0x0000005978a00000)]
  0x0000023f97030450 JavaThread "Daemon" [_thread_blocked, id=12840, stack(0x0000005978a00000,0x0000005978b00000)]
  0x0000023f97030960 JavaThread "Handler for socket connection from /127.0.0.1:49429 to /127.0.0.1:49430" [_thread_in_native, id=18820, stack(0x0000005978b00000,0x0000005978c00000)]
  0x0000023f97031380 JavaThread "Cancel handler" [_thread_blocked, id=18676, stack(0x0000005978c00000,0x0000005978d00000)]
  0x0000023f9702e5f0 JavaThread "Daemon worker" [_thread_blocked, id=17232, stack(0x0000005978d00000,0x0000005978e00000)]
  0x0000023f9702e0e0 JavaThread "Asynchronous log dispatcher for DefaultDaemonConnection: socket connection from /127.0.0.1:49429 to /127.0.0.1:49430" [_thread_blocked, id=16972, stack(0x0000005978e00000,0x0000005978f00000)]
  0x0000023f97030e70 JavaThread "Stdin handler" [_thread_blocked, id=12060, stack(0x0000005978f00000,0x0000005979000000)]
  0x0000023f9702ff40 JavaThread "Daemon client event forwarder" [_thread_blocked, id=18864, stack(0x0000005979000000,0x0000005979100000)]
  0x0000023f9702eb00 JavaThread "Cache worker for journal cache (C:\Users\Andrey\.gradle\caches\journal-1)" [_thread_blocked, id=19044, stack(0x0000005979800000,0x0000005979900000)]
  0x0000023f9702f010 JavaThread "File lock request listener" [_thread_in_native, id=8196, stack(0x0000005979900000,0x0000005979a00000)]
  0x0000023f9702f520 JavaThread "Cache worker for file hash cache (C:\Users\Andrey\.gradle\caches\8.9\fileHashes)" [_thread_in_native, id=18912, stack(0x0000005979a00000,0x0000005979b00000)]
  0x0000023f97602040 JavaThread "C2 CompilerThread2" daemon [_thread_in_native, id=9712, stack(0x0000005979b00000,0x0000005979c00000)]
  0x0000023f97e42850 JavaThread "Cache worker for file hash cache (C:\my\EasyMoney\.gradle\8.9\fileHashes)" [_thread_blocked, id=17432, stack(0x0000005979c00000,0x0000005979d00000)]
  0x0000023f97e45af0 JavaThread "Cache worker for Build Output Cleanup Cache (C:\my\EasyMoney\.gradle\buildOutputCleanup)" [_thread_blocked, id=848, stack(0x0000005979d00000,0x0000005979e00000)]
  0x0000023f97e46000 JavaThread "File watcher server" daemon [_thread_in_native, id=18716, stack(0x0000005979e00000,0x0000005979f00000)]
  0x0000023f97e40f00 JavaThread "File watcher consumer" daemon [_thread_blocked, id=9272, stack(0x0000005979f00000,0x000000597a000000)]
  0x0000023f97e47440 JavaThread "Cache worker for checksums cache (C:\my\EasyMoney\.gradle\8.9\checksums)" [_thread_blocked, id=6788, stack(0x000000597a000000,0x000000597a100000)]
  0x0000023f97e43270 JavaThread "Cache worker for file content cache (C:\Users\Andrey\.gradle\caches\8.9\fileContent)" [_thread_blocked, id=17148, stack(0x000000597a100000,0x000000597a200000)]
  0x0000023f97e46510 JavaThread "Cache worker for cache directory md-rule (C:\Users\Andrey\.gradle\caches\8.9\md-rule)" [_thread_blocked, id=1796, stack(0x000000597a200000,0x000000597a300000)]
  0x0000023f97e43c90 JavaThread "Cache worker for cache directory md-supplier (C:\Users\Andrey\.gradle\caches\8.9\md-supplier)" [_thread_blocked, id=5568, stack(0x000000597a400000,0x000000597a500000)]
  0x0000023f97e43780 JavaThread "Unconstrained build operations" [_thread_blocked, id=6600, stack(0x000000597a500000,0x000000597a600000)]
  0x0000023f97e46a20 JavaThread "Unconstrained build operations Thread 2" [_thread_blocked, id=16908, stack(0x000000597a600000,0x000000597a700000)]
  0x0000023f97e41920 JavaThread "Unconstrained build operations Thread 3" [_thread_blocked, id=12120, stack(0x000000597a700000,0x000000597a800000)]
  0x0000023f97e44bc0 JavaThread "Unconstrained build operations Thread 4" [_thread_blocked, id=18100, stack(0x000000597a800000,0x000000597a900000)]
  0x0000023f996d5d30 JavaThread "Unconstrained build operations Thread 5" [_thread_blocked, id=16748, stack(0x000000597a900000,0x000000597aa00000)]
  0x0000023f996d8fd0 JavaThread "Unconstrained build operations Thread 6" [_thread_blocked, id=4116, stack(0x000000597aa00000,0x000000597ab00000)]
  0x0000023f996d85b0 JavaThread "Unconstrained build operations Thread 7" [_thread_blocked, id=19312, stack(0x000000597ab00000,0x000000597ac00000)]
  0x0000023f996d7b90 JavaThread "Unconstrained build operations Thread 8" [_thread_blocked, id=10864, stack(0x000000597ac00000,0x000000597ad00000)]
  0x0000023f996d6c60 JavaThread "Unconstrained build operations Thread 9" [_thread_blocked, id=8792, stack(0x000000597ad00000,0x000000597ae00000)]
  0x0000023f996d2070 JavaThread "Unconstrained build operations Thread 10" [_thread_blocked, id=2532, stack(0x000000597ae00000,0x000000597af00000)]
  0x0000023f996d34b0 JavaThread "Unconstrained build operations Thread 11" [_thread_blocked, id=7584, stack(0x000000597af00000,0x000000597b000000)]
  0x0000023f996d2580 JavaThread "Unconstrained build operations Thread 12" [_thread_blocked, id=8172, stack(0x000000597b000000,0x000000597b100000)]
  0x0000023f996d6240 JavaThread "Unconstrained build operations Thread 13" [_thread_blocked, id=15644, stack(0x000000597b100000,0x000000597b200000)]
  0x0000023f996d5310 JavaThread "Unconstrained build operations Thread 14" [_thread_blocked, id=9976, stack(0x000000597b200000,0x000000597b300000)]
  0x0000023f996d2fa0 JavaThread "Unconstrained build operations Thread 15" [_thread_blocked, id=2752, stack(0x000000597b300000,0x000000597b400000)]
  0x0000023f996d5820 JavaThread "Unconstrained build operations Thread 16" [_thread_blocked, id=5232, stack(0x000000597b400000,0x000000597b500000)]
  0x0000023f996d7170 JavaThread "Unconstrained build operations Thread 17" [_thread_blocked, id=7036, stack(0x000000597b500000,0x000000597b600000)]
  0x0000023f996d4e00 JavaThread "Unconstrained build operations Thread 18" [_thread_blocked, id=15516, stack(0x000000597b600000,0x000000597b700000)]
  0x0000023f996d6750 JavaThread "Unconstrained build operations Thread 19" [_thread_blocked, id=4604, stack(0x000000597b700000,0x000000597b800000)]
  0x0000023f996d2a90 JavaThread "Unconstrained build operations Thread 20" [_thread_blocked, id=9352, stack(0x000000597b800000,0x000000597b900000)]
  0x0000023f996d7680 JavaThread "Unconstrained build operations Thread 21" [_thread_blocked, id=18352, stack(0x000000597b900000,0x000000597ba00000)]
  0x0000023f996d94e0 JavaThread "Unconstrained build operations Thread 22" [_thread_blocked, id=4104, stack(0x000000597ba00000,0x000000597bb00000)]

Other Threads:
  0x0000023fff3343a0 VMThread "VM Thread" [stack: 0x0000005977500000,0x0000005977600000] [id=18072]
  0x0000023ff5ef3840 WatcherThread [stack: 0x0000005978100000,0x0000005978200000] [id=12604]
  0x0000023ff5f50c90 GCTaskThread "GC Thread#0" [stack: 0x0000005977000000,0x0000005977100000] [id=4996]
  0x0000023f955d81b0 GCTaskThread "GC Thread#1" [stack: 0x0000005978400000,0x0000005978500000] [id=19108]
  0x0000023f954849c0 GCTaskThread "GC Thread#2" [stack: 0x0000005978500000,0x0000005978600000] [id=6088]
  0x0000023f95484c80 GCTaskThread "GC Thread#3" [stack: 0x0000005978600000,0x0000005978700000] [id=4756]
  0x0000023f95755470 GCTaskThread "GC Thread#4" [stack: 0x0000005978700000,0x0000005978800000] [id=9792]
  0x0000023f97139da0 GCTaskThread "GC Thread#5" [stack: 0x0000005979100000,0x0000005979200000] [id=13304]
  0x0000023f95d04db0 GCTaskThread "GC Thread#6" [stack: 0x0000005979200000,0x0000005979300000] [id=10952]
  0x0000023f9589f5f0 GCTaskThread "GC Thread#7" [stack: 0x0000005979300000,0x0000005979400000] [id=10248]
  0x0000023f95f42e00 GCTaskThread "GC Thread#8" [stack: 0x0000005979400000,0x0000005979500000] [id=14048]
  0x0000023f96ffe670 GCTaskThread "GC Thread#9" [stack: 0x0000005979500000,0x0000005979600000] [id=12512]
  0x0000023ff5f61af0 ConcurrentGCThread "G1 Main Marker" [stack: 0x0000005977100000,0x0000005977200000] [id=19288]
  0x0000023ff5f62420 ConcurrentGCThread "G1 Conc#0" [stack: 0x0000005977200000,0x0000005977300000] [id=13372]
  0x0000023f96ffdb70 ConcurrentGCThread "G1 Conc#1" [stack: 0x0000005979600000,0x0000005979700000] [id=4512]
  0x0000023f96ffe3b0 ConcurrentGCThread "G1 Conc#2" [stack: 0x0000005979700000,0x0000005979800000] [id=7808]
  0x0000023fff06b640 ConcurrentGCThread "G1 Refine#0" [stack: 0x0000005977300000,0x0000005977400000] [id=16640]
  0x0000023f96421d30 ConcurrentGCThread "G1 Refine#1" [stack: 0x000000597a300000,0x000000597a400000] [id=18652]
  0x0000023fff06be80 ConcurrentGCThread "G1 Service" [stack: 0x0000005977400000,0x0000005977500000] [id=7400]

Threads with active compile tasks:
C2 CompilerThread0     5915 6537       4       org.gradle.internal.snapshot.PathUtil::compareCharsIgnoringCase (46 bytes)
C2 CompilerThread1     5915 6545       4       java.lang.invoke.MethodType::makeImpl (109 bytes)
C2 CompilerThread2     5915 6546       4       java.lang.invoke.MethodType::equals (56 bytes)

VM state: not at safepoint (normal execution)

VM Mutex/Monitor currently owned by a thread:  ([mutex/lock_event])
[0x0000023ff5ee1420] CodeCache_lock - owner thread: 0x0000023f97602040
[0x0000023ff5eee040] Compile_lock - owner thread: 0x0000023f97602040
[0x0000023ff5eeea60] MethodCompileQueue_lock - owner thread: 0x0000000000000000

Heap address: 0x0000000080000000, size: 2048 MB, Compressed Oops mode: 32-bit

CDS archive(s) not mapped
Compressed class space mapped at: 0x0000000100000000-0x0000000140000000, reserved size: 1073741824
Narrow klass base: 0x0000000000000000, Narrow klass shift: 3, Narrow klass range: 0x140000000

GC Precious Log:
 CPUs: 12 total, 12 available
 Memory: 15791M
 Large Page Support: Disabled
 NUMA Support: Disabled
 Compressed Oops: Enabled (32-bit)
 Heap Region Size: 1M
 Heap Min Capacity: 8M
 Heap Initial Capacity: 248M
 Heap Max Capacity: 2G
 Pre-touch: Disabled
 Parallel Workers: 10
 Concurrent Workers: 3
 Concurrent Refinement Workers: 10
 Periodic GC: Disabled

Heap:
 garbage-first heap   total 95232K, used 50046K [0x0000000080000000, 0x0000000100000000)
  region size 1024K, 11 young (11264K), 5 survivors (5120K)
 Metaspace       used 61504K, committed 62016K, reserved 1114112K
  class space    used 8450K, committed 8704K, reserved 1048576K

Heap Regions: E=young(eden), S=young(survivor), O=old, HS=humongous(starts), HC=humongous(continues), CS=collection set, F=free, OA=open archive, CA=closed archive, TAMS=top-at-mark-start (previous, next)
|   0|0x0000000080000000, 0x0000000080100000, 0x0000000080100000|100%|HS|  |TAMS 0x0000000080100000, 0x0000000080000000| Complete 
|   1|0x0000000080100000, 0x0000000080200000, 0x0000000080200000|100%|HC|  |TAMS 0x0000000080200000, 0x0000000080100000| Complete 
|   2|0x0000000080200000, 0x0000000080300000, 0x0000000080300000|100%|HC|  |TAMS 0x0000000080300000, 0x0000000080200000| Complete 
|   3|0x0000000080300000, 0x0000000080400000, 0x0000000080400000|100%|HC|  |TAMS 0x0000000080400000, 0x0000000080300000| Complete 
|   4|0x0000000080400000, 0x0000000080500000, 0x0000000080500000|100%| O|  |TAMS 0x0000000080500000, 0x0000000080400000| Untracked 
|   5|0x0000000080500000, 0x0000000080600000, 0x0000000080600000|100%| O|  |TAMS 0x0000000080600000, 0x0000000080500000| Untracked 
|   6|0x0000000080600000, 0x0000000080700000, 0x0000000080700000|100%| O|  |TAMS 0x0000000080700000, 0x0000000080600000| Untracked 
|   7|0x0000000080700000, 0x0000000080800000, 0x0000000080800000|100%| O|  |TAMS 0x0000000080800000, 0x0000000080700000| Untracked 
|   8|0x0000000080800000, 0x0000000080900000, 0x0000000080900000|100%| O|  |TAMS 0x0000000080900000, 0x0000000080800000| Untracked 
|   9|0x0000000080900000, 0x0000000080a00000, 0x0000000080a00000|100%| O|  |TAMS 0x0000000080a00000, 0x0000000080900000| Untracked 
|  10|0x0000000080a00000, 0x0000000080abd400, 0x0000000080b00000| 73%| O|  |TAMS 0x0000000080abd400, 0x0000000080a00000| Untracked 
|  11|0x0000000080b00000, 0x0000000080c00000, 0x0000000080c00000|100%|HS|  |TAMS 0x0000000080c00000, 0x0000000080b00000| Complete 
|  12|0x0000000080c00000, 0x0000000080d00000, 0x0000000080d00000|100%| O|  |TAMS 0x0000000080d00000, 0x0000000080c00000| Untracked 
|  13|0x0000000080d00000, 0x0000000080e00000, 0x0000000080e00000|100%| O|  |TAMS 0x0000000080e00000, 0x0000000080d00000| Untracked 
|  14|0x0000000080e00000, 0x0000000080f00000, 0x0000000080f00000|100%| O|  |TAMS 0x0000000080f00000, 0x0000000080e00000| Untracked 
|  15|0x0000000080f00000, 0x0000000081000000, 0x0000000081000000|100%| O|  |TAMS 0x0000000081000000, 0x0000000080f00000| Untracked 
|  16|0x0000000081000000, 0x0000000081100000, 0x0000000081100000|100%| O|  |TAMS 0x0000000081100000, 0x0000000081000000| Untracked 
|  17|0x0000000081100000, 0x0000000081200000, 0x0000000081200000|100%| O|  |TAMS 0x0000000081200000, 0x0000000081100000| Untracked 
|  18|0x0000000081200000, 0x0000000081300000, 0x0000000081300000|100%| O|  |TAMS 0x0000000081300000, 0x0000000081200000| Untracked 
|  19|0x0000000081300000, 0x0000000081400000, 0x0000000081400000|100%| O|  |TAMS 0x0000000081400000, 0x0000000081300000| Untracked 
|  20|0x0000000081400000, 0x0000000081500000, 0x0000000081500000|100%| O|  |TAMS 0x0000000081500000, 0x0000000081400000| Untracked 
|  21|0x0000000081500000, 0x0000000081600000, 0x0000000081600000|100%| O|  |TAMS 0x0000000081600000, 0x0000000081500000| Untracked 
|  22|0x0000000081600000, 0x0000000081700000, 0x0000000081700000|100%| O|  |TAMS 0x0000000081700000, 0x0000000081600000| Untracked 
|  23|0x0000000081700000, 0x0000000081800000, 0x0000000081800000|100%| O|  |TAMS 0x0000000081800000, 0x0000000081700000| Untracked 
|  24|0x0000000081800000, 0x0000000081900000, 0x0000000081900000|100%| O|  |TAMS 0x0000000081900000, 0x0000000081800000| Untracked 
|  25|0x0000000081900000, 0x0000000081a00000, 0x0000000081a00000|100%| O|  |TAMS 0x0000000081a00000, 0x0000000081900000| Untracked 
|  26|0x0000000081a00000, 0x0000000081b00000, 0x0000000081b00000|100%| O|  |TAMS 0x0000000081b00000, 0x0000000081a00000| Untracked 
|  27|0x0000000081b00000, 0x0000000081c00000, 0x0000000081c00000|100%| O|  |TAMS 0x0000000081c00000, 0x0000000081b00000| Untracked 
|  28|0x0000000081c00000, 0x0000000081d00000, 0x0000000081d00000|100%| O|  |TAMS 0x0000000081d00000, 0x0000000081c00000| Untracked 
|  29|0x0000000081d00000, 0x0000000081e00000, 0x0000000081e00000|100%| O|  |TAMS 0x0000000081e00000, 0x0000000081d00000| Untracked 
|  30|0x0000000081e00000, 0x0000000081f00000, 0x0000000081f00000|100%| O|  |TAMS 0x0000000081eaee00, 0x0000000081e00000| Untracked 
|  31|0x0000000081f00000, 0x0000000082000000, 0x0000000082000000|100%| O|  |TAMS 0x0000000082000000, 0x0000000081f00000| Untracked 
|  32|0x0000000082000000, 0x0000000082100000, 0x0000000082100000|100%| O|  |TAMS 0x0000000082100000, 0x0000000082000000| Untracked 
|  33|0x0000000082100000, 0x0000000082200000, 0x0000000082200000|100%| O|  |TAMS 0x0000000082100000, 0x0000000082100000| Untracked 
|  34|0x0000000082200000, 0x0000000082300000, 0x0000000082300000|100%| O|  |TAMS 0x0000000082200000, 0x0000000082200000| Untracked 
|  35|0x0000000082300000, 0x0000000082400000, 0x0000000082400000|100%| O|  |TAMS 0x0000000082300000, 0x0000000082300000| Untracked 
|  36|0x0000000082400000, 0x0000000082500000, 0x0000000082500000|100%| O|  |TAMS 0x0000000082400000, 0x0000000082400000| Untracked 
|  37|0x0000000082500000, 0x0000000082600000, 0x0000000082600000|100%| O|  |TAMS 0x0000000082500000, 0x0000000082500000| Untracked 
|  38|0x0000000082600000, 0x0000000082700000, 0x0000000082700000|100%| O|  |TAMS 0x0000000082600000, 0x0000000082600000| Untracked 
|  39|0x0000000082700000, 0x0000000082800000, 0x0000000082800000|100%| O|  |TAMS 0x0000000082700000, 0x0000000082700000| Untracked 
|  40|0x0000000082800000, 0x0000000082822600, 0x0000000082900000| 13%| O|  |TAMS 0x0000000082800000, 0x0000000082800000| Untracked 
|  41|0x0000000082900000, 0x0000000082900000, 0x0000000082a00000|  0%| F|  |TAMS 0x0000000082900000, 0x0000000082900000| Untracked 
|  42|0x0000000082a00000, 0x0000000082a00000, 0x0000000082b00000|  0%| F|  |TAMS 0x0000000082a00000, 0x0000000082a00000| Untracked 
|  43|0x0000000082b00000, 0x0000000082b00000, 0x0000000082c00000|  0%| F|  |TAMS 0x0000000082b00000, 0x0000000082b00000| Untracked 
|  44|0x0000000082c00000, 0x0000000082c00000, 0x0000000082d00000|  0%| F|  |TAMS 0x0000000082c00000, 0x0000000082c00000| Untracked 
|  45|0x0000000082d00000, 0x0000000082d00000, 0x0000000082e00000|  0%| F|  |TAMS 0x0000000082d00000, 0x0000000082d00000| Untracked 
|  46|0x0000000082e00000, 0x0000000082e00000, 0x0000000082f00000|  0%| F|  |TAMS 0x0000000082e00000, 0x0000000082e00000| Untracked 
|  47|0x0000000082f00000, 0x0000000082f00000, 0x0000000083000000|  0%| F|  |TAMS 0x0000000082f00000, 0x0000000082f00000| Untracked 
|  48|0x0000000083000000, 0x0000000083100000, 0x0000000083100000|100%| S|CS|TAMS 0x0000000083000000, 0x0000000083000000| Complete 
|  49|0x0000000083100000, 0x0000000083200000, 0x0000000083200000|100%| S|CS|TAMS 0x0000000083100000, 0x0000000083100000| Complete 
|  50|0x0000000083200000, 0x0000000083300000, 0x0000000083300000|100%| S|CS|TAMS 0x0000000083200000, 0x0000000083200000| Complete 
|  51|0x0000000083300000, 0x0000000083400000, 0x0000000083400000|100%| S|CS|TAMS 0x0000000083300000, 0x0000000083300000| Complete 
|  52|0x0000000083400000, 0x0000000083500000, 0x0000000083500000|100%| S|CS|TAMS 0x0000000083400000, 0x0000000083400000| Complete 
|  53|0x0000000083500000, 0x0000000083500000, 0x0000000083600000|  0%| F|  |TAMS 0x0000000083500000, 0x0000000083500000| Untracked 
|  54|0x0000000083600000, 0x0000000083600000, 0x0000000083700000|  0%| F|  |TAMS 0x0000000083600000, 0x0000000083600000| Untracked 
|  55|0x0000000083700000, 0x0000000083700000, 0x0000000083800000|  0%| F|  |TAMS 0x0000000083700000, 0x0000000083700000| Untracked 
|  56|0x0000000083800000, 0x0000000083800000, 0x0000000083900000|  0%| F|  |TAMS 0x0000000083800000, 0x0000000083800000| Untracked 
|  57|0x0000000083900000, 0x0000000083900000, 0x0000000083a00000|  0%| F|  |TAMS 0x0000000083900000, 0x0000000083900000| Untracked 
|  58|0x0000000083a00000, 0x0000000083a00000, 0x0000000083b00000|  0%| F|  |TAMS 0x0000000083a00000, 0x0000000083a00000| Untracked 
|  59|0x0000000083b00000, 0x0000000083b00000, 0x0000000083c00000|  0%| F|  |TAMS 0x0000000083b00000, 0x0000000083b00000| Untracked 
|  60|0x0000000083c00000, 0x0000000083c00000, 0x0000000083d00000|  0%| F|  |TAMS 0x0000000083c00000, 0x0000000083c00000| Untracked 
|  61|0x0000000083d00000, 0x0000000083d00000, 0x0000000083e00000|  0%| F|  |TAMS 0x0000000083d00000, 0x0000000083d00000| Untracked 
|  62|0x0000000083e00000, 0x0000000083e00000, 0x0000000083f00000|  0%| F|  |TAMS 0x0000000083e00000, 0x0000000083e00000| Untracked 
|  63|0x0000000083f00000, 0x0000000083f00000, 0x0000000084000000|  0%| F|  |TAMS 0x0000000083f00000, 0x0000000083f00000| Untracked 
|  64|0x0000000084000000, 0x0000000084000000, 0x0000000084100000|  0%| F|  |TAMS 0x0000000084000000, 0x0000000084000000| Untracked 
|  65|0x0000000084100000, 0x0000000084100000, 0x0000000084200000|  0%| F|  |TAMS 0x0000000084100000, 0x0000000084100000| Untracked 
|  66|0x0000000084200000, 0x0000000084200000, 0x0000000084300000|  0%| F|  |TAMS 0x0000000084200000, 0x0000000084200000| Untracked 
|  67|0x0000000084300000, 0x0000000084300000, 0x0000000084400000|  0%| F|  |TAMS 0x0000000084300000, 0x0000000084300000| Untracked 
|  68|0x0000000084400000, 0x0000000084400000, 0x0000000084500000|  0%| F|  |TAMS 0x0000000084400000, 0x0000000084400000| Untracked 
|  69|0x0000000084500000, 0x0000000084500000, 0x0000000084600000|  0%| F|  |TAMS 0x0000000084500000, 0x0000000084500000| Untracked 
|  70|0x0000000084600000, 0x0000000084600000, 0x0000000084700000|  0%| F|  |TAMS 0x0000000084600000, 0x0000000084600000| Untracked 
|  71|0x0000000084700000, 0x0000000084700000, 0x0000000084800000|  0%| F|  |TAMS 0x0000000084700000, 0x0000000084700000| Untracked 
|  72|0x0000000084800000, 0x0000000084800000, 0x0000000084900000|  0%| F|  |TAMS 0x0000000084800000, 0x0000000084800000| Untracked 
|  73|0x0000000084900000, 0x0000000084900000, 0x0000000084a00000|  0%| F|  |TAMS 0x0000000084900000, 0x0000000084900000| Untracked 
|  74|0x0000000084a00000, 0x0000000084a00000, 0x0000000084b00000|  0%| F|  |TAMS 0x0000000084a00000, 0x0000000084a00000| Untracked 
|  75|0x0000000084b00000, 0x0000000084b00000, 0x0000000084c00000|  0%| F|  |TAMS 0x0000000084b00000, 0x0000000084b00000| Untracked 
|  76|0x0000000084c00000, 0x0000000084c00000, 0x0000000084d00000|  0%| F|  |TAMS 0x0000000084c00000, 0x0000000084c00000| Untracked 
|  77|0x0000000084d00000, 0x0000000084d00000, 0x0000000084e00000|  0%| F|  |TAMS 0x0000000084d00000, 0x0000000084d00000| Untracked 
|  78|0x0000000084e00000, 0x0000000084e00000, 0x0000000084f00000|  0%| F|  |TAMS 0x0000000084e00000, 0x0000000084e00000| Untracked 
|  79|0x0000000084f00000, 0x0000000084f00000, 0x0000000085000000|  0%| F|  |TAMS 0x0000000084f00000, 0x0000000084f00000| Untracked 
|  80|0x0000000085000000, 0x0000000085000000, 0x0000000085100000|  0%| F|  |TAMS 0x0000000085000000, 0x0000000085000000| Untracked 
|  81|0x0000000085100000, 0x0000000085100000, 0x0000000085200000|  0%| F|  |TAMS 0x0000000085100000, 0x0000000085100000| Untracked 
| 163|0x000000008a300000, 0x000000008a300000, 0x000000008a400000|  0%| F|  |TAMS 0x000000008a300000, 0x000000008a300000| Untracked 
| 164|0x000000008a400000, 0x000000008a400000, 0x000000008a500000|  0%| F|  |TAMS 0x000000008a400000, 0x000000008a400000| Untracked 
| 165|0x000000008a500000, 0x000000008a500000, 0x000000008a600000|  0%| F|  |TAMS 0x000000008a500000, 0x000000008a500000| Untracked 
| 166|0x000000008a600000, 0x000000008a600000, 0x000000008a700000|  0%| F|  |TAMS 0x000000008a600000, 0x000000008a600000| Untracked 
| 167|0x000000008a700000, 0x000000008a700000, 0x000000008a800000|  0%| F|  |TAMS 0x000000008a700000, 0x000000008a700000| Untracked 
| 168|0x000000008a800000, 0x000000008a8bcd38, 0x000000008a900000| 73%| E|  |TAMS 0x000000008a800000, 0x000000008a800000| Complete 
| 169|0x000000008a900000, 0x000000008aa00000, 0x000000008aa00000|100%| E|CS|TAMS 0x000000008a900000, 0x000000008a900000| Complete 
| 170|0x000000008aa00000, 0x000000008ab00000, 0x000000008ab00000|100%| E|CS|TAMS 0x000000008aa00000, 0x000000008aa00000| Complete 
| 171|0x000000008ab00000, 0x000000008ac00000, 0x000000008ac00000|100%| E|CS|TAMS 0x000000008ab00000, 0x000000008ab00000| Complete 
| 172|0x000000008ac00000, 0x000000008ad00000, 0x000000008ad00000|100%| E|  |TAMS 0x000000008ac00000, 0x000000008ac00000| Complete 
| 247|0x000000008f700000, 0x000000008f800000, 0x000000008f800000|100%| E|CS|TAMS 0x000000008f700000, 0x000000008f700000| Complete 

Card table byte_map: [0x0000023ff9d20000,0x0000023ffa120000] _byte_map_base: 0x0000023ff9920000

Marking Bits (Prev, Next): (CMBitMap*) 0x0000023ff5f51200, (CMBitMap*) 0x0000023ff5f511c0
 Prev Bits: [0x0000023ffc520000, 0x0000023ffe520000)
 Next Bits: [0x0000023ffa520000, 0x0000023ffc520000)

Polling page: 0x0000023ff3e20000

Metaspace:

Usage:
  Non-class:     51.81 MB used.
      Class:      8.25 MB used.
       Both:     60.06 MB used.

Virtual space:
  Non-class space:       64.00 MB reserved,      52.06 MB ( 81%) committed,  1 nodes.
      Class space:        1.00 GB reserved,       8.50 MB ( <1%) committed,  1 nodes.
             Both:        1.06 GB reserved,      60.56 MB (  6%) committed. 

Chunk freelists:
   Non-Class:  11.62 MB
       Class:  7.39 MB
        Both:  19.02 MB

MaxMetaspaceSize: unlimited
CompressedClassSpaceSize: 1.00 GB
Initial GC threshold: 21.00 MB
Current GC threshold: 98.06 MB
CDS: off
MetaspaceReclaimPolicy: balanced
 - commit_granule_bytes: 65536.
 - commit_granule_words: 8192.
 - virtual_space_node_default_size: 8388608.
 - enlarge_chunks_in_place: 1.
 - new_chunks_are_fully_committed: 0.
 - uncommit_free_chunks: 1.
 - use_allocation_guard: 0.
 - handle_deallocations: 1.


Internal statistics:

num_allocs_failed_limit: 9.
num_arena_births: 664.
num_arena_deaths: 0.
num_vsnodes_births: 2.
num_vsnodes_deaths: 0.
num_space_committed: 969.
num_space_uncommitted: 0.
num_chunks_returned_to_freelist: 9.
num_chunks_taken_from_freelist: 2759.
num_chunk_merges: 9.
num_chunk_splits: 1818.
num_chunks_enlarged: 1244.
num_inconsistent_stats: 0.

CodeHeap 'non-profiled nmethods': size=120000Kb used=3390Kb max_used=3390Kb free=116609Kb
 bounds [0x0000023f87ad0000, 0x0000023f87e20000, 0x0000023f8f000000]
CodeHeap 'profiled nmethods': size=120000Kb used=10668Kb max_used=10668Kb free=109331Kb
 bounds [0x0000023f80000000, 0x0000023f80a70000, 0x0000023f87530000]
CodeHeap 'non-nmethods': size=5760Kb used=1663Kb max_used=1693Kb free=4097Kb
 bounds [0x0000023f87530000, 0x0000023f877a0000, 0x0000023f87ad0000]
 total_blobs=6599 nmethods=5875 adapters=633
 compilation: enabled
              stopped_count=0, restarted_count=0
 full_count=0

Compilation events (20 events):
Event: 5.840 Thread 0x0000023fff3b1f70 nmethod 6530 0x0000023f80a2db10 code [0x0000023f80a2dcc0, 0x0000023f80a2dfc8]
Event: 5.840 Thread 0x0000023fff3b1f70 6531       3       com.google.common.collect.MapMakerInternalMap$WeakKeyDummyValueEntry$Helper::setValue (17 bytes)
Event: 5.840 Thread 0x0000023fff3b1f70 nmethod 6531 0x0000023f80a2e090 code [0x0000023f80a2e240, 0x0000023f80a2e658]
Event: 5.840 Thread 0x0000023fff3b1f70 6532       3       com.google.common.collect.MapMakerInternalMap$WeakKeyDummyValueEntry$Helper::setValue (1 bytes)
Event: 5.840 Thread 0x0000023fff3b1f70 nmethod 6532 0x0000023f80a2e790 code [0x0000023f80a2e920, 0x0000023f80a2ea38]
Event: 5.841 Thread 0x0000023fff3b1f70 6533       1       org.gradle.internal.snapshot.impl.DirectorySnapshotter$DefaultExcludes::lambda$new$2 (2 bytes)
Event: 5.841 Thread 0x0000023fff3b1f70 nmethod 6533 0x0000023f87e14610 code [0x0000023f87e147a0, 0x0000023f87e14858]
Event: 5.841 Thread 0x0000023fff3b1f70 6534       1       org.gradle.internal.snapshot.impl.DirectorySnapshotter$DefaultExcludes::lambda$new$0 (2 bytes)
Event: 5.841 Thread 0x0000023fff3b1f70 nmethod 6534 0x0000023f87e14910 code [0x0000023f87e14aa0, 0x0000023f87e14b58]
Event: 5.841 Thread 0x0000023fff3b1f70 6535       1       sun.nio.fs.WindowsFileAttributes::size (5 bytes)
Event: 5.841 Thread 0x0000023fff3b1f70 nmethod 6535 0x0000023f87e14c10 code [0x0000023f87e14da0, 0x0000023f87e14e78]
Event: 5.843 Thread 0x0000023fff3b1f70 6536       3       org.gradle.internal.snapshot.VfsRelativePath::lengthOfCommonPrefix (173 bytes)
Event: 5.845 Thread 0x0000023fff3a6b50 6537       4       org.gradle.internal.snapshot.PathUtil::compareCharsIgnoringCase (46 bytes)
Event: 5.846 Thread 0x0000023fff3b1f70 nmethod 6536 0x0000023f80a2eb10 code [0x0000023f80a2ef40, 0x0000023f80a31168]
Event: 5.846 Thread 0x0000023fff3b1f70 6538       3       org.gradle.internal.snapshot.VfsRelativePath::length (13 bytes)
Event: 5.847 Thread 0x0000023fff3b1f70 nmethod 6538 0x0000023f80a31e10 code [0x0000023f80a31fc0, 0x0000023f80a321d8]
Event: 5.847 Thread 0x0000023f97602040 6539       4       java.util.Objects::checkIndex (7 bytes)
Event: 5.847 Thread 0x0000023f97602040 nmethod 6539 0x0000023f87e14f10 code [0x0000023f87e15080, 0x0000023f87e15118]
Event: 5.848 Thread 0x0000023fff3b1f70 6540       1       com.google.common.collect.RegularImmutableSortedSet::unsafeComparator (5 bytes)
Event: 5.848 Thread 0x0000023fff3b1f70 nmethod 6540 0x0000023f87e15210 code [0x0000023f87e153a0, 0x0000023f87e15478]

GC Heap History (20 events):
Event: 2.325 GC heap before
{Heap before GC invocations=4 (full 0):
 garbage-first heap   total 78848K, used 57103K [0x0000000080000000, 0x0000000100000000)
  region size 1024K, 46 young (47104K), 10 survivors (10240K)
 Metaspace       used 26687K, committed 26944K, reserved 1114112K
  class space    used 3392K, committed 3520K, reserved 1048576K
}
Event: 2.330 GC heap after
{Heap after GC invocations=5 (full 0):
 garbage-first heap   total 78848K, used 23319K [0x0000000080000000, 0x0000000100000000)
  region size 1024K, 3 young (3072K), 3 survivors (3072K)
 Metaspace       used 26687K, committed 26944K, reserved 1114112K
  class space    used 3392K, committed 3520K, reserved 1048576K
}
Event: 2.752 GC heap before
{Heap before GC invocations=5 (full 0):
 garbage-first heap   total 78848K, used 56087K [0x0000000080000000, 0x0000000100000000)
  region size 1024K, 35 young (35840K), 3 survivors (3072K)
 Metaspace       used 30691K, committed 31040K, reserved 1114112K
  class space    used 4057K, committed 4224K, reserved 1048576K
}
Event: 2.754 GC heap after
{Heap after GC invocations=6 (full 0):
 garbage-first heap   total 78848K, used 25018K [0x0000000080000000, 0x0000000100000000)
  region size 1024K, 4 young (4096K), 4 survivors (4096K)
 Metaspace       used 30691K, committed 31040K, reserved 1114112K
  class space    used 4057K, committed 4224K, reserved 1048576K
}
Event: 3.168 GC heap before
{Heap before GC invocations=6 (full 0):
 garbage-first heap   total 78848K, used 58810K [0x0000000080000000, 0x0000000100000000)
  region size 1024K, 37 young (37888K), 4 survivors (4096K)
 Metaspace       used 34862K, committed 35136K, reserved 1114112K
  class space    used 4737K, committed 4864K, reserved 1048576K
}
Event: 3.171 GC heap after
{Heap after GC invocations=7 (full 0):
 garbage-first heap   total 78848K, used 26469K [0x0000000080000000, 0x0000000100000000)
  region size 1024K, 4 young (4096K), 4 survivors (4096K)
 Metaspace       used 34862K, committed 35136K, reserved 1114112K
  class space    used 4737K, committed 4864K, reserved 1048576K
}
Event: 3.235 GC heap before
{Heap before GC invocations=7 (full 0):
 garbage-first heap   total 78848K, used 31589K [0x0000000080000000, 0x0000000100000000)
  region size 1024K, 10 young (10240K), 4 survivors (4096K)
 Metaspace       used 35595K, committed 35968K, reserved 1114112K
  class space    used 4853K, committed 4992K, reserved 1048576K
}
Event: 3.238 GC heap after
{Heap after GC invocations=8 (full 0):
 garbage-first heap   total 78848K, used 26743K [0x0000000080000000, 0x0000000100000000)
  region size 1024K, 2 young (2048K), 2 survivors (2048K)
 Metaspace       used 35595K, committed 35968K, reserved 1114112K
  class space    used 4853K, committed 4992K, reserved 1048576K
}
Event: 3.555 GC heap before
{Heap before GC invocations=9 (full 0):
 garbage-first heap   total 78848K, used 60535K [0x0000000080000000, 0x0000000100000000)
  region size 1024K, 36 young (36864K), 2 survivors (2048K)
 Metaspace       used 42260K, committed 42624K, reserved 1114112K
  class space    used 5618K, committed 5760K, reserved 1048576K
}
Event: 3.557 GC heap after
{Heap after GC invocations=10 (full 0):
 garbage-first heap   total 78848K, used 29924K [0x0000000080000000, 0x0000000100000000)
  region size 1024K, 5 young (5120K), 5 survivors (5120K)
 Metaspace       used 42260K, committed 42624K, reserved 1114112K
  class space    used 5618K, committed 5760K, reserved 1048576K
}
Event: 3.692 GC heap before
{Heap before GC invocations=10 (full 0):
 garbage-first heap   total 78848K, used 60644K [0x0000000080000000, 0x0000000100000000)
  region size 1024K, 35 young (35840K), 5 survivors (5120K)
 Metaspace       used 43318K, committed 43776K, reserved 1114112K
  class space    used 5778K, committed 6016K, reserved 1048576K
}
Event: 3.695 GC heap after
{Heap after GC invocations=11 (full 0):
 garbage-first heap   total 78848K, used 31282K [0x0000000080000000, 0x0000000100000000)
  region size 1024K, 2 young (2048K), 2 survivors (2048K)
 Metaspace       used 43318K, committed 43776K, reserved 1114112K
  class space    used 5778K, committed 6016K, reserved 1048576K
}
Event: 3.944 GC heap before
{Heap before GC invocations=11 (full 0):
 garbage-first heap   total 78848K, used 62002K [0x0000000080000000, 0x0000000100000000)
  region size 1024K, 32 young (32768K), 2 survivors (2048K)
 Metaspace       used 45663K, committed 46144K, reserved 1114112K
  class space    used 6156K, committed 6400K, reserved 1048576K
}
Event: 3.946 GC heap after
{Heap after GC invocations=12 (full 0):
 garbage-first heap   total 95232K, used 33286K [0x0000000080000000, 0x0000000100000000)
  region size 1024K, 4 young (4096K), 4 survivors (4096K)
 Metaspace       used 45663K, committed 46144K, reserved 1114112K
  class space    used 6156K, committed 6400K, reserved 1048576K
}
Event: 4.364 GC heap before
{Heap before GC invocations=12 (full 0):
 garbage-first heap   total 95232K, used 76294K [0x0000000080000000, 0x0000000100000000)
  region size 1024K, 45 young (46080K), 4 survivors (4096K)
 Metaspace       used 51323K, committed 51840K, reserved 1114112K
  class space    used 6912K, committed 7168K, reserved 1048576K
}
Event: 4.367 GC heap after
{Heap after GC invocations=13 (full 0):
 garbage-first heap   total 95232K, used 34656K [0x0000000080000000, 0x0000000100000000)
  region size 1024K, 4 young (4096K), 4 survivors (4096K)
 Metaspace       used 51323K, committed 51840K, reserved 1114112K
  class space    used 6912K, committed 7168K, reserved 1048576K
}
Event: 4.867 GC heap before
{Heap before GC invocations=13 (full 0):
 garbage-first heap   total 95232K, used 74592K [0x0000000080000000, 0x0000000100000000)
  region size 1024K, 44 young (45056K), 4 survivors (4096K)
 Metaspace       used 56291K, committed 56832K, reserved 1114112K
  class space    used 7653K, committed 7872K, reserved 1048576K
}
Event: 4.870 GC heap after
{Heap after GC invocations=14 (full 0):
 garbage-first heap   total 95232K, used 37229K [0x0000000080000000, 0x0000000100000000)
  region size 1024K, 4 young (4096K), 4 survivors (4096K)
 Metaspace       used 56291K, committed 56832K, reserved 1114112K
  class space    used 7653K, committed 7872K, reserved 1048576K
}
Event: 5.331 GC heap before
{Heap before GC invocations=14 (full 0):
 garbage-first heap   total 95232K, used 65901K [0x0000000080000000, 0x0000000100000000)
  region size 1024K, 33 young (33792K), 4 survivors (4096K)
 Metaspace       used 59544K, committed 60096K, reserved 1114112K
  class space    used 8177K, committed 8448K, reserved 1048576K
}
Event: 5.334 GC heap after
{Heap after GC invocations=15 (full 0):
 garbage-first heap   total 95232K, used 38927K [0x0000000080000000, 0x0000000100000000)
  region size 1024K, 5 young (5120K), 5 survivors (5120K)
 Metaspace       used 59544K, committed 60096K, reserved 1114112K
  class space    used 8177K, committed 8448K, reserved 1048576K
}

Dll operation events (3 events):
Event: 0.006 Loaded shared library C:\Program Files\Android\Android Studio\jbr\bin\java.dll
Event: 0.107 Loaded shared library C:\Program Files\Android\Android Studio\jbr\bin\zip.dll
Event: 0.415 Loaded shared library C:\Program Files\Android\Android Studio\jbr\bin\verify.dll

Deoptimization events (20 events):
Event: 5.755 Thread 0x0000023f996d7b90 DEOPT PACKING pc=0x0000023f803e1854 sp=0x000000597acfd830
Event: 5.755 Thread 0x0000023f996d7b90 DEOPT UNPACKING pc=0x0000023f87587143 sp=0x000000597acfcd88 mode 0
Event: 5.756 Thread 0x0000023f996d7b90 Uncommon trap: trap_request=0xffffffcc fr.pc=0x0000023f87df8c2c relative=0x000000000000138c
Event: 5.756 Thread 0x0000023f996d7b90 Uncommon trap: reason=intrinsic_or_type_checked_inlining action=make_not_entrant pc=0x0000023f87df8c2c method=java.util.ArrayList.toArray([Ljava/lang/Object;)[Ljava/lang/Object; @ 36 c2
Event: 5.756 Thread 0x0000023f996d7b90 DEOPT PACKING pc=0x0000023f87df8c2c sp=0x000000597acfdae0
Event: 5.756 Thread 0x0000023f996d7b90 DEOPT UNPACKING pc=0x0000023f875869a3 sp=0x000000597acfda28 mode 2
Event: 5.762 Thread 0x0000023f996d34b0 DEOPT PACKING pc=0x0000023f803e1854 sp=0x000000597affd9f0
Event: 5.762 Thread 0x0000023f996d34b0 DEOPT UNPACKING pc=0x0000023f87587143 sp=0x000000597affcf48 mode 0
Event: 5.771 Thread 0x0000023f9702eb00 DEOPT PACKING pc=0x0000023f808a21c3 sp=0x00000059798fe880
Event: 5.771 Thread 0x0000023f9702eb00 DEOPT UNPACKING pc=0x0000023f87587143 sp=0x00000059798fdd08 mode 0
Event: 5.771 Thread 0x0000023f996d85b0 DEOPT PACKING pc=0x0000023f803e1854 sp=0x000000597abfcf30
Event: 5.771 Thread 0x0000023f996d85b0 DEOPT UNPACKING pc=0x0000023f87587143 sp=0x000000597abfc488 mode 0
Event: 5.778 Thread 0x0000023f97e43780 DEOPT PACKING pc=0x0000023f803e1854 sp=0x000000597a5fdb60
Event: 5.778 Thread 0x0000023f97e43780 DEOPT UNPACKING pc=0x0000023f87587143 sp=0x000000597a5fd0b8 mode 0
Event: 5.835 Thread 0x0000023f9702e5f0 Uncommon trap: trap_request=0xffffff45 fr.pc=0x0000023f87d3aad4 relative=0x0000000000000294
Event: 5.835 Thread 0x0000023f9702e5f0 Uncommon trap: reason=unstable_if action=reinterpret pc=0x0000023f87d3aad4 method=org.gradle.internal.snapshot.PathUtil.equalChars(CCLorg/gradle/internal/snapshot/CaseSensitivity;)Z @ 11 c2
Event: 5.835 Thread 0x0000023f9702e5f0 DEOPT PACKING pc=0x0000023f87d3aad4 sp=0x0000005978df3610
Event: 5.835 Thread 0x0000023f9702e5f0 DEOPT UNPACKING pc=0x0000023f875869a3 sp=0x0000005978df35c0 mode 2
Event: 5.838 Thread 0x0000023f9702f520 DEOPT PACKING pc=0x0000023f80034c20 sp=0x0000005979afddb0
Event: 5.838 Thread 0x0000023f9702f520 DEOPT UNPACKING pc=0x0000023f87587143 sp=0x0000005979afd270 mode 0

Classes unloaded (0 events):
No events

Classes redefined (0 events):
No events

Internal exceptions (20 events):
Event: 4.899 Thread 0x0000023f9702ff40 Exception <a 'java/lang/NoSuchMethodError'{0x000000008aba8488}: static Lorg/gradle/internal/build/event/types/AbstractProgressEvent;.<clinit>()V> (0x000000008aba8488) 
thrown [s\src\hotspot\share\prims\jni.cpp, line 1127]
Event: 4.901 Thread 0x0000023f9702ff40 Exception <a 'java/lang/NoSuchMethodError'{0x000000008abbc9f8}: static Lorg/gradle/internal/build/event/types/DefaultProjectConfigurationDescriptor;.<clinit>()V> (0x000000008abbc9f8) 
thrown [s\src\hotspot\share\prims\jni.cpp, line 1127]
Event: 4.901 Thread 0x0000023f9702ff40 Exception <a 'java/lang/NoSuchMethodError'{0x000000008abbf150}: static Lorg/gradle/internal/build/event/types/DefaultOperationDescriptor;.<clinit>()V> (0x000000008abbf150) 
thrown [s\src\hotspot\share\prims\jni.cpp, line 1127]
Event: 4.903 Thread 0x0000023f9702ff40 Exception <a 'java/lang/NoSuchMethodError'{0x000000008abd96f0}: static Lorg/gradle/internal/operations/OperationIdentifier;.<clinit>()V> (0x000000008abd96f0) 
thrown [s\src\hotspot\share\prims\jni.cpp, line 1127]
Event: 5.010 Thread 0x0000023f9702e5f0 Exception <a 'java/lang/NoSuchMethodError'{0x000000008a4a5a20}: 'long java.lang.invoke.DirectMethodHandle$Holder.invokeStatic(java.lang.Object, long)'> (0x000000008a4a5a20) 
thrown [s\src\hotspot\share\interpreter\linkResolver.cpp, line 771]
Event: 5.046 Thread 0x0000023f9702e5f0 Implicit null exception at 0x0000023f87d79ef7 to 0x0000023f87d7a288
Event: 5.129 Thread 0x0000023f9702e5f0 Exception <a 'java/lang/NoSuchMethodError'{0x0000000084a87dc0}: 'void java.lang.invoke.DirectMethodHandle$Holder.invokeStatic(java.lang.Object, java.lang.Object, java.lang.Object, java.lang.Object, java.lang.Object, java.lang.Object)'> (0x0000000084a87dc0) 
thrown [s\src\hotspot\share\interpreter\linkResolver.cpp, line 771]
Event: 5.260 Thread 0x0000023f9702e5f0 Exception <a 'java/lang/NoSuchMethodError'{0x00000000844130b8}: static Lorg/gradle/api/internal/catalog/DefaultVersionCatalog;.<clinit>()V> (0x00000000844130b8) 
thrown [s\src\hotspot\share\prims\jni.cpp, line 1127]
Event: 5.264 Thread 0x0000023f9702e5f0 Exception <a 'java/lang/NoSuchMethodError'{0x0000000084463030}: static [Ljava/lang/Object;.<clinit>()V> (0x0000000084463030) 
thrown [s\src\hotspot\share\prims\jni.cpp, line 1127]
Event: 5.266 Thread 0x0000023f9702e5f0 Exception <a 'java/lang/NoSuchMethodError'{0x000000008448a3c0}: static Lorg/gradle/api/internal/catalog/DependencyModel;.<clinit>()V> (0x000000008448a3c0) 
thrown [s\src\hotspot\share\prims\jni.cpp, line 1127]
Event: 5.266 Thread 0x0000023f9702e5f0 Exception <a 'java/lang/NoSuchMethodError'{0x000000008448dfc0}: static Lorg/gradle/api/internal/catalog/AbstractContextAwareModel;.<clinit>()V> (0x000000008448dfc0) 
thrown [s\src\hotspot\share\prims\jni.cpp, line 1127]
Event: 5.267 Thread 0x0000023f9702e5f0 Exception <a 'java/lang/NoSuchMethodError'{0x00000000844a7a08}: static Lorg/gradle/api/internal/artifacts/dependencies/AbstractVersionConstraint;.<clinit>()V> (0x00000000844a7a08) 
thrown [s\src\hotspot\share\prims\jni.cpp, line 1127]
Event: 5.271 Thread 0x0000023f9702e5f0 Exception <a 'java/lang/NoSuchMethodError'{0x0000000084307178}: static Lorg/gradle/api/internal/catalog/PluginModel;.<clinit>()V> (0x0000000084307178) 
thrown [s\src\hotspot\share\prims\jni.cpp, line 1127]
Event: 5.271 Thread 0x0000023f9702e5f0 Exception <a 'java/lang/NoSuchMethodError'{0x000000008431de40}: static Lorg/gradle/api/internal/catalog/VersionModel;.<clinit>()V> (0x000000008431de40) 
thrown [s\src\hotspot\share\prims\jni.cpp, line 1127]
Event: 5.273 Thread 0x0000023f9702e5f0 Exception <a 'java/lang/NoSuchMethodError'{0x00000000843467a0}: 'void java.lang.invoke.DirectMethodHandle$Holder.invokeSpecial(java.lang.Object, java.lang.Object, java.lang.Object, int)'> (0x00000000843467a0) 
thrown [s\src\hotspot\share\interpreter\linkResolver.cpp, line 771]
Event: 5.350 Thread 0x0000023f9702e5f0 Exception <a 'java/lang/NoSuchMethodError'{0x000000008ac29c70}: 'int java.lang.invoke.DirectMethodHandle$Holder.invokeSpecialIFC(java.lang.Object, java.lang.Object, java.lang.Object)'> (0x000000008ac29c70) 
thrown [s\src\hotspot\share\interpreter\linkResolver.cpp, line 771]
Event: 5.406 Thread 0x0000023f9702e5f0 Exception <a 'java/lang/NoSuchMethodError'{0x000000008a834938}: 'java.lang.Object java.lang.invoke.DirectMethodHandle$Holder.invokeSpecial(java.lang.Object, java.lang.Object, java.lang.Object, java.lang.Object, java.lang.Object, long)'> (0x000000008a834938) 
thrown [s\src\hotspot\share\interpreter\linkResolver.cpp, line 771]
Event: 5.408 Thread 0x0000023f9702e5f0 Exception <a 'java/lang/NoSuchMethodError'{0x000000008a857278}: 'void java.lang.invoke.DirectMethodHandle$Holder.invokeStatic(java.lang.Object, java.lang.Object, java.lang.Object, int, java.lang.Object)'> (0x000000008a857278) 
thrown [s\src\hotspot\share\interpreter\linkResolver.cpp, line 771]
Event: 5.798 Thread 0x0000023f9702e5f0 Exception <a 'java/lang/NoSuchMethodError'{0x0000000083945cb8}: 'java.lang.Object java.lang.invoke.DirectMethodHandle$Holder.newInvokeSpecial(java.lang.Object, java.lang.Object, java.lang.Object, java.lang.Object, int, java.lang.Object)'> (0x0000000083945cb8) 
thrown [s\src\hotspot\share\interpreter\linkResolver.cpp, line 771]
Event: 5.798 Thread 0x0000023f9702e5f0 Exception <a 'java/lang/NoSuchMethodError'{0x000000008394eab8}: 'java.lang.Object java.lang.invoke.Invokers$Holder.linkToTargetMethod(java.lang.Object, java.lang.Object, java.lang.Object, int, java.lang.Object, java.lang.Object)'> (0x000000008394eab8) 
thrown [s\src\hotspot\share\interpreter\linkResolver.cpp, line 771]

VM Operations (20 events):
Event: 4.850 Executing VM operation: HandshakeAllThreads
Event: 4.850 Executing VM operation: HandshakeAllThreads done
Event: 4.866 Executing VM operation: G1CollectForAllocation
Event: 4.870 Executing VM operation: G1CollectForAllocation done
Event: 5.261 Executing VM operation: HandshakeAllThreads
Event: 5.261 Executing VM operation: HandshakeAllThreads done
Event: 5.331 Executing VM operation: CollectForMetadataAllocation
Event: 5.334 Executing VM operation: CollectForMetadataAllocation done
Event: 5.347 Executing VM operation: G1PauseRemark
Event: 5.348 Executing VM operation: G1PauseRemark done
Event: 5.354 Executing VM operation: G1PauseCleanup
Event: 5.354 Executing VM operation: G1PauseCleanup done
Event: 5.550 Executing VM operation: ICBufferFull
Event: 5.550 Executing VM operation: ICBufferFull done
Event: 5.640 Executing VM operation: HandshakeAllThreads
Event: 5.640 Executing VM operation: HandshakeAllThreads done
Event: 5.688 Executing VM operation: ICBufferFull
Event: 5.688 Executing VM operation: ICBufferFull done
Event: 5.822 Executing VM operation: ICBufferFull
Event: 5.822 Executing VM operation: ICBufferFull done

Events (20 events):
Event: 5.690 loading class java/util/LinkedList$LLSpliterator
Event: 5.690 loading class java/util/LinkedList$LLSpliterator done
Event: 5.716 Thread 0x0000023f97e43780 Thread added: 0x0000023f97e43780
Event: 5.716 Thread 0x0000023f97e46a20 Thread added: 0x0000023f97e46a20
Event: 5.717 Thread 0x0000023f97e41920 Thread added: 0x0000023f97e41920
Event: 5.717 Thread 0x0000023f97e44bc0 Thread added: 0x0000023f97e44bc0
Event: 5.717 Thread 0x0000023f996d5d30 Thread added: 0x0000023f996d5d30
Event: 5.717 Thread 0x0000023f996d8fd0 Thread added: 0x0000023f996d8fd0
Event: 5.717 Thread 0x0000023f996d85b0 Thread added: 0x0000023f996d85b0
Event: 5.717 Thread 0x0000023f996d7b90 Thread added: 0x0000023f996d7b90
Event: 5.718 Thread 0x0000023f996d6c60 Thread added: 0x0000023f996d6c60
Event: 5.718 Thread 0x0000023f996d2070 Thread added: 0x0000023f996d2070
Event: 5.718 Thread 0x0000023f996d34b0 Thread added: 0x0000023f996d34b0
Event: 5.828 Thread 0x0000023f996d2580 Thread added: 0x0000023f996d2580
Event: 5.830 Thread 0x0000023f996d6240 Thread added: 0x0000023f996d6240
Event: 5.833 Thread 0x0000023f996d5310 Thread added: 0x0000023f996d5310
Event: 5.835 Thread 0x0000023f996d2fa0 Thread added: 0x0000023f996d2fa0
Event: 5.839 Thread 0x0000023f996d5820 Thread added: 0x0000023f996d5820
Event: 5.843 Thread 0x0000023f996d7170 Thread added: 0x0000023f996d7170
Event: 5.847 Thread 0x0000023f996d4e00 Thread added: 0x0000023f996d4e00


Dynamic libraries:
0x00007ff7467a0000 - 0x00007ff7467aa000 	C:\Program Files\Android\Android Studio\jbr\bin\java.exe
0x00007ff965d30000 - 0x00007ff965f28000 	C:\windows\SYSTEM32\ntdll.dll
0x00007ff964520000 - 0x00007ff9645e2000 	C:\windows\System32\KERNEL32.DLL
0x00007ff9638f0000 - 0x00007ff963bef000 	C:\windows\System32\KERNELBASE.dll
0x00007ff963bf0000 - 0x00007ff963cf0000 	C:\windows\System32\ucrtbase.dll
0x00007ff95a630000 - 0x00007ff95a64b000 	C:\Program Files\Android\Android Studio\jbr\bin\VCRUNTIME140.dll
0x00007ff94c020000 - 0x00007ff94c037000 	C:\Program Files\Android\Android Studio\jbr\bin\jli.dll
0x00007ff9645f0000 - 0x00007ff96478d000 	C:\windows\System32\USER32.dll
0x00007ff962720000 - 0x00007ff9629ba000 	C:\windows\WinSxS\amd64_microsoft.windows.common-controls_6595b64144ccf1df_6.0.19041.4355_none_60b8b9eb71f62e16\COMCTL32.dll
0x00007ff963580000 - 0x00007ff9635a2000 	C:\windows\System32\win32u.dll
0x00007ff964850000 - 0x00007ff9648ee000 	C:\windows\System32\msvcrt.dll
0x00007ff965b90000 - 0x00007ff965bbb000 	C:\windows\System32\GDI32.dll
0x00007ff963460000 - 0x00007ff963577000 	C:\windows\System32\gdi32full.dll
0x00007ff963850000 - 0x00007ff9638ed000 	C:\windows\System32\msvcp_win.dll
0x00007ff965880000 - 0x00007ff9658af000 	C:\windows\System32\IMM32.DLL
0x00007ff94db00000 - 0x00007ff94db0c000 	C:\Program Files\Android\Android Studio\jbr\bin\vcruntime140_1.dll
0x00007ff92e2f0000 - 0x00007ff92e37d000 	C:\Program Files\Android\Android Studio\jbr\bin\msvcp140.dll
0x00007ff927230000 - 0x00007ff927eb3000 	C:\Program Files\Android\Android Studio\jbr\bin\server\jvm.dll
0x00007ff9648f0000 - 0x00007ff9649a1000 	C:\windows\System32\ADVAPI32.dll
0x00007ff964a80000 - 0x00007ff964b1f000 	C:\windows\System32\sechost.dll
0x00007ff965bc0000 - 0x00007ff965ce3000 	C:\windows\System32\RPCRT4.dll
0x00007ff963430000 - 0x00007ff963457000 	C:\windows\System32\bcrypt.dll
0x00007ff963220000 - 0x00007ff96326b000 	C:\windows\SYSTEM32\POWRPROF.dll
0x00007ff955340000 - 0x00007ff955367000 	C:\windows\SYSTEM32\WINMM.dll
0x00007ff960e30000 - 0x00007ff960e3a000 	C:\windows\SYSTEM32\VERSION.dll
0x00007ff95e9b0000 - 0x00007ff95e9b9000 	C:\windows\SYSTEM32\WSOCK32.dll
0x00007ff965380000 - 0x00007ff9653eb000 	C:\windows\System32\WS2_32.dll
0x00007ff963200000 - 0x00007ff963212000 	C:\windows\SYSTEM32\UMPDC.dll
0x00007ff960dc0000 - 0x00007ff960dd2000 	C:\windows\SYSTEM32\kernel.appcore.dll
0x00007ff95e760000 - 0x00007ff95e76a000 	C:\Program Files\Android\Android Studio\jbr\bin\jimage.dll
0x00007ff962b10000 - 0x00007ff962cf4000 	C:\windows\SYSTEM32\DBGHELP.DLL
0x00007ff962ad0000 - 0x00007ff962b04000 	C:\windows\SYSTEM32\dbgcore.DLL
0x00007ff9637c0000 - 0x00007ff963842000 	C:\windows\System32\bcryptPrimitives.dll
0x00007ff94dbf0000 - 0x00007ff94dbfe000 	C:\Program Files\Android\Android Studio\jbr\bin\instrument.dll
0x00007ff94dc00000 - 0x00007ff94dc25000 	C:\Program Files\Android\Android Studio\jbr\bin\java.dll
0x00007ff95a6b0000 - 0x00007ff95a6c8000 	C:\Program Files\Android\Android Studio\jbr\bin\zip.dll
0x00007ff963db0000 - 0x00007ff96451e000 	C:\windows\System32\SHELL32.dll
0x00007ff9605e0000 - 0x00007ff960d84000 	C:\windows\SYSTEM32\windows.storage.dll
0x00007ff9653f0000 - 0x00007ff965745000 	C:\windows\System32\combase.dll
0x00007ff962680000 - 0x00007ff9626af000 	C:\windows\SYSTEM32\Wldp.dll
0x00007ff9649b0000 - 0x00007ff964a7d000 	C:\windows\System32\OLEAUT32.dll
0x00007ff965750000 - 0x00007ff9657fd000 	C:\windows\System32\SHCORE.dll
0x00007ff9651d0000 - 0x00007ff965225000 	C:\windows\System32\shlwapi.dll
0x00007ff9632f0000 - 0x00007ff963314000 	C:\windows\SYSTEM32\profapi.dll
0x00007ff95a5d0000 - 0x00007ff95a5e9000 	C:\Program Files\Android\Android Studio\jbr\bin\net.dll
0x00007ff95ac80000 - 0x00007ff95ad8d000 	C:\windows\SYSTEM32\WINHTTP.dll
0x00007ff962360000 - 0x00007ff9623ca000 	C:\windows\system32\mswsock.dll
0x00007ff95a590000 - 0x00007ff95a5a6000 	C:\Program Files\Android\Android Studio\jbr\bin\nio.dll
0x00007ff95c160000 - 0x00007ff95c170000 	C:\Program Files\Android\Android Studio\jbr\bin\verify.dll
0x00007ff9474a0000 - 0x00007ff9474c7000 	C:\Users\Andrey\.gradle\native\c067742578af261105cb4f569cf0c3c89f3d7b1fecec35dd04571415982c5e48\windows-amd64\native-platform.dll
0x00007ff92f470000 - 0x00007ff92f5b4000 	C:\Users\Andrey\.gradle\native\100fb08df4bc3b14c8652ba06237920a3bd2aa13389f12d3474272988ae205f9\windows-amd64\native-platform-file-events.dll
0x00007ff95a680000 - 0x00007ff95a689000 	C:\Program Files\Android\Android Studio\jbr\bin\management.dll
0x00007ff956b80000 - 0x00007ff956b8b000 	C:\Program Files\Android\Android Studio\jbr\bin\management_ext.dll
0x00007ff964790000 - 0x00007ff964798000 	C:\windows\System32\PSAPI.DLL
0x00007ff963060000 - 0x00007ff963078000 	C:\windows\SYSTEM32\CRYPTSP.dll
0x00007ff961d60000 - 0x00007ff961d94000 	C:\windows\system32\rsaenh.dll
0x00007ff963270000 - 0x00007ff96329e000 	C:\windows\SYSTEM32\USERENV.dll
0x00007ff962590000 - 0x00007ff96259c000 	C:\windows\SYSTEM32\CRYPTBASE.dll
0x00007ff9620c0000 - 0x00007ff9620fb000 	C:\windows\SYSTEM32\IPHLPAPI.DLL
0x00007ff963d40000 - 0x00007ff963d48000 	C:\windows\System32\NSI.dll
0x00007ff95b940000 - 0x00007ff95b957000 	C:\windows\SYSTEM32\dhcpcsvc6.DLL
0x00007ff95b8e0000 - 0x00007ff95b8fd000 	C:\windows\SYSTEM32\dhcpcsvc.DLL
0x00007ff962100000 - 0x00007ff9621ca000 	C:\windows\SYSTEM32\DNSAPI.dll
0x00007ff95a9f0000 - 0x00007ff95a9f9000 	C:\Program Files\Android\Android Studio\jbr\bin\extnet.dll
0x00007ff905870000 - 0x00007ff905877000 	C:\windows\system32\wshunix.dll

dbghelp: loaded successfully - version: 4.0.5 - missing functions: none
symbol engine: initialized successfully - sym options: 0x614 - pdb path: .;C:\Program Files\Android\Android Studio\jbr\bin;C:\windows\SYSTEM32;C:\windows\WinSxS\amd64_microsoft.windows.common-controls_6595b64144ccf1df_6.0.19041.4355_none_60b8b9eb71f62e16;C:\Program Files\Android\Android Studio\jbr\bin\server;C:\Users\Andrey\.gradle\native\c067742578af261105cb4f569cf0c3c89f3d7b1fecec35dd04571415982c5e48\windows-amd64;C:\Users\Andrey\.gradle\native\100fb08df4bc3b14c8652ba06237920a3bd2aa13389f12d3474272988ae205f9\windows-amd64

VM Arguments:
jvm_args: --add-opens=java.base/java.util=ALL-UNNAMED --add-opens=java.base/java.lang=ALL-UNNAMED --add-opens=java.base/java.lang.invoke=ALL-UNNAMED --add-opens=java.prefs/java.util.prefs=ALL-UNNAMED --add-exports=jdk.compiler/com.sun.tools.javac.api=ALL-UNNAMED --add-exports=jdk.compiler/com.sun.tools.javac.util=ALL-UNNAMED --add-opens=java.base/java.nio.charset=ALL-UNNAMED --add-opens=java.base/java.net=ALL-UNNAMED --add-opens=java.base/java.util.concurrent.atomic=ALL-UNNAMED -Xmx2048m -Dfile.encoding=UTF-8 -Duser.country=RU -Duser.language=ru -Duser.variant -javaagent:C:\Users\Andrey\.gradle\wrapper\dists\gradle-8.9-all\6m0mbzute7p0zdleavqlib88a\gradle-8.9\lib\agents\gradle-instrumentation-agent-8.9.jar 
java_command: org.gradle.launcher.daemon.bootstrap.GradleDaemon 8.9
java_class_path (initial): C:\Users\Andrey\.gradle\wrapper\dists\gradle-8.9-all\6m0mbzute7p0zdleavqlib88a\gradle-8.9\lib\gradle-daemon-main-8.9.jar
Launcher Type: SUN_STANDARD

[Global flags]
     intx CICompilerCount                          = 4                                         {product} {ergonomic}
     uint ConcGCThreads                            = 3                                         {product} {ergonomic}
     uint G1ConcRefinementThreads                  = 10                                        {product} {ergonomic}
   size_t G1HeapRegionSize                         = 1048576                                   {product} {ergonomic}
    uintx GCDrainStackTargetSize                   = 64                                        {product} {ergonomic}
   size_t InitialHeapSize                          = 260046848                                 {product} {ergonomic}
   size_t MarkStackSize                            = 4194304                                   {product} {ergonomic}
   size_t MaxHeapSize                              = 2147483648                                {product} {command line}
   size_t MaxNewSize                               = 1287651328                                {product} {ergonomic}
   size_t MinHeapDeltaBytes                        = 1048576                                   {product} {ergonomic}
   size_t MinHeapSize                              = 8388608                                   {product} {ergonomic}
    uintx NonNMethodCodeHeapSize                   = 5839372                                {pd product} {ergonomic}
    uintx NonProfiledCodeHeapSize                  = 122909434                              {pd product} {ergonomic}
    uintx ProfiledCodeHeapSize                     = 122909434                              {pd product} {ergonomic}
    uintx ReservedCodeCacheSize                    = 251658240                              {pd product} {ergonomic}
     bool SegmentedCodeCache                       = true                                      {product} {ergonomic}
   size_t SoftMaxHeapSize                          = 2147483648                             {manageable} {ergonomic}
     bool UseCompressedClassPointers               = true                           {product lp64_product} {ergonomic}
     bool UseCompressedOops                        = true                           {product lp64_product} {ergonomic}
     bool UseG1GC                                  = true                                      {product} {ergonomic}
     bool UseLargePagesIndividualAllocation        = false                                  {pd product} {ergonomic}

Logging:
Log output configuration:
 #0: stdout all=warning uptime,level,tags
 #1: stderr all=off uptime,level,tags

Environment Variables:
PATH=C:\Program Files\Common Files\Oracle\Java\javapath;C:\Program Files (x86)\Common Files\Oracle\Java\java8path;C:\Program Files (x86)\Common Files\Oracle\Java\javapath;C:\windows\system32;C:\windows;C:\windows\System32\Wbem;C:\windows\System32\WindowsPowerShell\v1.0\;C:\windows\System32\OpenSSH\;C:\Program Files\PuTTY\;C:\PHP-7.4;C:\Program Files\Perforce\;C:\Program Files\WireGuard\;C:\Users\Andrey\AppData\Local\Android\Sdk\platform-tools\;C:\Program Files\Git\cmd;C:\Users\Andrey\AppData\Local\Microsoft\WindowsApps;C:\Users\Andrey\AppData\Local\JetBrains\Toolbox\scripts;C:\Users\Andrey\AppData\Local\Android\Sdk\platform-tools\adb.exe;;C:\Users\Andrey\AppData\Local\Programs\Microsoft VS Code\bin
USERNAME=Andrey
OS=Windows_NT
PROCESSOR_IDENTIFIER=AMD64 Family 23 Model 96 Stepping 1, AuthenticAMD
TMP=C:\Users\Andrey\AppData\Local\Temp
TEMP=C:\Users\Andrey\AppData\Local\Temp



Periodic native trim disabled

JNI global refs:
JNI global refs: 29, weak refs: 1

JNI global refs memory usage: 843, weak refs: 841

Process memory usage:
Resident Set Size: 299976K (1% of 16170224K total physical memory with 1697256K free physical memory)

OOME stack traces (most recent first):
Classloader memory used:
Loader org.gradle.internal.classloader.VisitableURLClassLoader                         : 3957K
Loader bootstrap                                                                       : 2452K
Loader org.gradle.initialization.MixInLegacyTypesClassLoader                           : 1139K
Loader jdk.internal.loader.ClassLoaders$PlatformClassLoader                            : 67690B
Loader jdk.internal.loader.ClassLoaders$AppClassLoader                                 : 28710B
Loader org.gradle.internal.classloader.VisitableURLClassLoader                         : 28669B
Loader jdk.internal.reflect.DelegatingClassLoader                                      : 17673B

Classes loaded by more than one classloader:
Class Program                                                                         : loaded 3 times (x 70B)
Class org.gradle.internal.classpath.ClassPath                                         : loaded 2 times (x 68B)
Class org.gradle.api.internal.classpath.DefaultModuleRegistry                         : loaded 2 times (x 81B)
Class Settings_gradle$1$1                                                             : loaded 2 times (x 72B)
Class org.gradle.api.Action                                                           : loaded 2 times (x 68B)
Class org.gradle.api.internal.DefaultClassPathProvider                                : loaded 2 times (x 74B)
Class org.gradle.internal.installation.GradleInstallation$1                           : loaded 2 times (x 73B)
Class org.gradle.internal.classloader.FilteringClassLoader                            : loaded 2 times (x 103B)
Class org.gradle.internal.classpath.DefaultClassPath$ImmutableUniqueList$Builder      : loaded 2 times (x 73B)
Class org.gradle.internal.classloader.ClassLoaderVisitor                              : loaded 2 times (x 74B)
Class org.gradle.internal.service.DefaultServiceLocator                               : loaded 2 times (x 81B)
Class org.gradle.internal.service.UnknownServiceException                             : loaded 2 times (x 81B)
Class org.gradle.internal.classloader.DefaultClassLoaderFactory                       : loaded 2 times (x 80B)
Class org.gradle.internal.classloader.VisitableURLClassLoader$Spec                    : loaded 2 times (x 72B)
Class org.gradle.api.GradleException                                                  : loaded 2 times (x 80B)
Class org.gradle.api.internal.classpath.ModuleRegistry                                : loaded 2 times (x 68B)
Class org.gradle.api.internal.ClassPathProvider                                       : loaded 2 times (x 68B)
Class org.gradle.internal.classloader.ClasspathUtil$1                                 : loaded 2 times (x 74B)
Class org.gradle.internal.classloader.ClassLoaderFactory                              : loaded 2 times (x 68B)
Class org.gradle.api.internal.classpath.ManifestUtil                                  : loaded 2 times (x 69B)
Class org.gradle.api.specs.Spec                                                       : loaded 2 times (x 68B)
Class org.gradle.internal.IoActions                                                   : loaded 2 times (x 69B)
Class org.gradle.api.internal.classpath.EffectiveClassPath                            : loaded 2 times (x 88B)
Class org.gradle.internal.installation.CurrentGradleInstallation                      : loaded 2 times (x 71B)
Class org.gradle.internal.agents.InstrumentingClassLoader                             : loaded 2 times (x 68B)
Class org.gradle.internal.installation.CurrentGradleInstallationLocator               : loaded 2 times (x 69B)
Class org.gradle.api.internal.classpath.Module                                        : loaded 2 times (x 68B)
Class org.gradle.internal.service.CachingServiceLocator                               : loaded 2 times (x 80B)
Class org.gradle.internal.classpath.DefaultClassPath                                  : loaded 2 times (x 88B)
Class org.gradle.internal.classloader.SystemClassLoaderSpec                           : loaded 2 times (x 69B)
Class org.gradle.api.UncheckedIOException                                             : loaded 2 times (x 80B)
Class org.gradle.internal.installation.GradleInstallation                             : loaded 2 times (x 73B)
Class org.gradle.internal.classloader.ClasspathUtil                                   : loaded 2 times (x 69B)
Class org.gradle.api.internal.DefaultClassPathRegistry                                : loaded 2 times (x 74B)
Class org.gradle.api.internal.classpath.DefaultModuleRegistry$DefaultModule           : loaded 2 times (x 84B)
Class org.gradle.api.internal.classpath.UnknownModuleException                        : loaded 2 times (x 80B)
Class org.gradle.internal.service.ServiceLookupException                              : loaded 2 times (x 80B)
Class [Lorg.gradle.api.internal.ClassPathProvider;                                    : loaded 2 times (x 67B)
Class org.gradle.util.internal.GUtil                                                  : loaded 2 times (x 69B)
Class org.gradle.internal.classloader.ClassLoaderSpec                                 : loaded 2 times (x 69B)
Class org.gradle.internal.classloader.VisitableURLClassLoader                         : loaded 2 times (x 115B)
Class org.gradle.internal.Cast                                                        : loaded 2 times (x 69B)
Class org.gradle.api.internal.ClassPathRegistry                                       : loaded 2 times (x 68B)
Class org.gradle.internal.classloader.VisitableURLClassLoader$InstrumentingVisitableURLClassLoader: loaded 2 times (x 121B)
Class org.gradle.internal.classloader.ClassLoaderHierarchy                            : loaded 2 times (x 68B)
Class org.gradle.internal.InternalTransformer                                         : loaded 2 times (x 68B)
Class org.gradle.internal.service.ServiceLocator                                      : loaded 2 times (x 68B)
Class Settings_gradle$1                                                               : loaded 2 times (x 72B)
Class org.gradle.internal.classpath.DefaultClassPath$ImmutableUniqueList              : loaded 2 times (x 159B)
Class org.gradle.internal.classpath.TransformedClassPath                              : loaded 2 times (x 94B)
Class Settings_gradle                                                                 : loaded 2 times (x 126B)


---------------  S Y S T E M  ---------------

OS:
 Windows 10 , 64 bit Build 19041 (10.0.19041.5198)
OS uptime: 2 days 0:31 hours

CPU: total 12 (initial active 12) (12 cores per cpu, 2 threads per core) family 23 model 96 stepping 1 microcode 0x0, cx8, cmov, fxsr, ht, mmx, 3dnowpref, sse, sse2, sse3, ssse3, sse4a, sse4.1, sse4.2, popcnt, lzcnt, tsc, tscinvbit, avx, avx2, aes, clmul, bmi1, bmi2, adx, sha, fma, vzeroupper, clflush, clflushopt
Processor Information for all 12 processors :
  Max Mhz: 2100, Current Mhz: 2100, Mhz Limit: 2100

Memory: 4k page, system-wide physical 15791M (1657M free)
TotalPageFile size 27567M (AvailPageFile size 9345M)
current process WorkingSet (physical memory assigned to process): 294M, peak: 297M
current process commit charge ("private bytes"): 334M, peak: 390M

vm_info: OpenJDK 64-Bit Server VM (17.0.11+0--11852314) for windows-amd64 JRE (17.0.11+0--11852314), built on May 16 2024 21:29:20 by "androidbuild" with MS VC++ 16.10 / 16.11 (VS2019)

END.
